---------------------------------------------------------------
[ 2019-01-12T00:04:30+08:00 ] ::1 ::1 GET /kkstars/babysbreath/index/index.html
[ info ] localhost:8080/kkstars/babysbreath/index/index.html [运行时间：0.061169s][吞吐率：16.35req/s] [内存消耗：641.78kb] [文件加载：55]
[ info ] [ LANG ] D:\PHPWAMP_IN3\wwwroot\kkstars\thinkphp\lang\zh-cn.php
[ info ] [ ROUTE ] array (
  'type' => 'module',
  'module' => 
  array (
    0 => 'babysbreath',
    1 => 'index',
    2 => 'index',
  ),
)
[ info ] [ HEADER ] array (
  'host' => 'localhost:8080',
  'connection' => 'keep-alive',
  'upgrade-insecure-requests' => '1',
  'user-agent' => 'Mozilla/5.0 (Windows NT 10.0; Win64; x64) AppleWebKit/537.36 (KHTML, like Gecko) Chrome/71.0.3578.98 Safari/537.36',
  'accept' => 'text/html,application/xhtml+xml,application/xml;q=0.9,image/webp,image/apng,*/*;q=0.8',
  'referer' => 'http://localhost:8080/kkstars/babysbreath/setting/setting.html',
  'accept-encoding' => 'gzip, deflate, br',
  'accept-language' => 'zh-CN,zh;q=0.9',
  'cookie' => 'PHPSESSID=fngtmjlgso3ra6o3m8ms0ssh67; ip_0000=0.0.0.0',
)
[ info ] [ PARAM ] array (
)
[ info ] [ SESSION ] INIT array (
  'id' => '',
  'var_session_id' => '',
  'prefix' => 'think',
  'type' => '',
  'auto_start' => true,
)
[ info ] [ DB ] INIT mysql
[ info ] [ RUN ] app\babysbreath\controller\Index->index[ D:\PHPWAMP_IN3\wwwroot\kkstars\application\babysbreath\controller\Index.php ]
[ info ] [ VIEW ] D:\PHPWAMP_IN3\wwwroot\kkstars/application/babysbreath\view\index\index.html [ array (
  0 => 'conf',
  1 => 'lastLogInfo',
) ]
[ info ] [ LOG ] INIT File
[ sql ] [ DB ] CONNECT:[ UseTime:0.003414s ] mysql:host=localhost;dbname=kk-blog;charset=utf8
[ sql ] [ SQL ] SHOW COLUMNS FROM `config` [ RunTime:0.003650s ]
[ sql ] [ SQL ] SELECT `loginTimeout` FROM `config` WHERE  `id` = 1 LIMIT 1 [ RunTime:0.000589s ]
[ sql ] [ SQL ] SELECT * FROM `config` WHERE  `id` = 1 LIMIT 1 [ RunTime:0.000577s ]
[ sql ] [ SQL ] SHOW COLUMNS FROM `comment` [ RunTime:0.001864s ]
[ sql ] [ SQL ] SELECT COUNT(*) AS tp_count FROM `comment` WHERE  `status` = 1 LIMIT 1 [ RunTime:0.000430s ]
[ sql ] [ SQL ] SHOW COLUMNS FROM `admin` [ RunTime:0.001333s ]
[ sql ] [ SQL ] SELECT COUNT(*) AS tp_count FROM `admin` WHERE  `status` = 1 LIMIT 1 [ RunTime:0.000639s ]
[ sql ] [ SQL ] SHOW COLUMNS FROM `article` [ RunTime:0.002883s ]
[ sql ] [ SQL ] SELECT COUNT(*) AS tp_count FROM `article` WHERE  `status` = 1 LIMIT 1 [ RunTime:0.000726s ]
[ sql ] [ SQL ] SHOW COLUMNS FROM `friendshiplink` [ RunTime:0.002065s ]
[ sql ] [ SQL ] SELECT COUNT(*) AS tp_count FROM `friendshiplink` WHERE  `status` = 1 LIMIT 1 [ RunTime:0.000591s ]
[ sql ] [ SQL ] select version(); [ RunTime:0.000481s ]
[ sql ] [ SQL ] SELECT `numberOfLogin` FROM `admin` WHERE  `adminId` = 1 LIMIT 1 [ RunTime:0.001485s ]
[ sql ] [ SQL ] SHOW COLUMNS FROM `operation` [ RunTime:0.003158s ]
[ sql ] [ SQL ] SELECT `op_ip`,`op_time` FROM `operation` WHERE  `status` = 1 ORDER BY op_time desc LIMIT 1 [ RunTime:0.000977s ]
---------------------------------------------------------------
[ 2019-01-12T00:04:30+08:00 ] ::1 ::1 GET /kkstars/babysbreath/index/time.html
[ info ] localhost:8080/kkstars/babysbreath/index/time.html [运行时间：0.057825s][吞吐率：17.29req/s] [内存消耗：624.33kb] [文件加载：54]
[ info ] [ LANG ] D:\PHPWAMP_IN3\wwwroot\kkstars\thinkphp\lang\zh-cn.php
[ info ] [ ROUTE ] array (
  'type' => 'module',
  'module' => 
  array (
    0 => 'babysbreath',
    1 => 'index',
    2 => 'time',
  ),
)
[ info ] [ HEADER ] array (
  'host' => 'localhost:8080',
  'connection' => 'keep-alive',
  'upgrade-insecure-requests' => '1',
  'user-agent' => 'Mozilla/5.0 (Windows NT 10.0; Win64; x64) AppleWebKit/537.36 (KHTML, like Gecko) Chrome/71.0.3578.98 Safari/537.36',
  'accept' => 'text/html,application/xhtml+xml,application/xml;q=0.9,image/webp,image/apng,*/*;q=0.8',
  'referer' => 'http://localhost:8080/kkstars/babysbreath/index/index.html',
  'accept-encoding' => 'gzip, deflate, br',
  'accept-language' => 'zh-CN,zh;q=0.9',
  'cookie' => 'PHPSESSID=fngtmjlgso3ra6o3m8ms0ssh67; ip_0000=0.0.0.0',
)
[ info ] [ PARAM ] array (
)
[ info ] [ SESSION ] INIT array (
  'id' => '',
  'var_session_id' => '',
  'prefix' => 'think',
  'type' => '',
  'auto_start' => true,
)
[ info ] [ DB ] INIT mysql
[ info ] [ RUN ] app\babysbreath\controller\Index->time[ D:\PHPWAMP_IN3\wwwroot\kkstars\application\babysbreath\controller\Index.php ]
[ info ] [ VIEW ] D:\PHPWAMP_IN3\wwwroot\kkstars/application/babysbreath\view\index\time.html [ array (
  0 => 'conf',
) ]
[ info ] [ LOG ] INIT File
[ sql ] [ DB ] CONNECT:[ UseTime:0.012653s ] mysql:host=localhost;dbname=kk-blog;charset=utf8
[ sql ] [ SQL ] SHOW COLUMNS FROM `config` [ RunTime:0.003870s ]
[ sql ] [ SQL ] SELECT `loginTimeout` FROM `config` WHERE  `id` = 1 LIMIT 1 [ RunTime:0.000839s ]
[ sql ] [ SQL ] SELECT * FROM `config` WHERE  `id` = 1 LIMIT 1 [ RunTime:0.000578s ]
[ sql ] [ SQL ] SHOW COLUMNS FROM `comment` [ RunTime:0.004769s ]
[ sql ] [ SQL ] SELECT COUNT(*) AS tp_count FROM `comment` WHERE  `status` = 1 LIMIT 1 [ RunTime:0.000993s ]
[ sql ] [ SQL ] SHOW COLUMNS FROM `admin` [ RunTime:0.003453s ]
[ sql ] [ SQL ] SELECT COUNT(*) AS tp_count FROM `admin` WHERE  `status` = 1 LIMIT 1 [ RunTime:0.000374s ]
[ sql ] [ SQL ] SHOW COLUMNS FROM `article` [ RunTime:0.001846s ]
[ sql ] [ SQL ] SELECT COUNT(*) AS tp_count FROM `article` WHERE  `status` = 1 LIMIT 1 [ RunTime:0.000328s ]
[ sql ] [ SQL ] SHOW COLUMNS FROM `friendshiplink` [ RunTime:0.001390s ]
[ sql ] [ SQL ] SELECT COUNT(*) AS tp_count FROM `friendshiplink` WHERE  `status` = 1 LIMIT 1 [ RunTime:0.000449s ]
[ sql ] [ SQL ] select version(); [ RunTime:0.000516s ]
---------------------------------------------------------------
[ 2019-01-12T00:04:32+08:00 ] ::1 ::1 GET /kkstars/babysbreath/index/performance-now.js.map
[ info ] localhost:8080/kkstars/babysbreath/index/performance-now.js.map [运行时间：0.050460s][吞吐率：19.82req/s] [内存消耗：610.23kb] [文件加载：55]
[ info ] [ LANG ] D:\PHPWAMP_IN3\wwwroot\kkstars\thinkphp\lang\zh-cn.php
[ info ] [ ROUTE ] array (
  'type' => 'module',
  'module' => 
  array (
    0 => 'babysbreath',
    1 => 'index',
    2 => 'performance-now.js.map',
  ),
)
[ info ] [ HEADER ] array (
  'host' => 'localhost:8080',
  'connection' => 'keep-alive',
  'user-agent' => 'Mozilla/5.0 (Windows NT 10.0; Win64; x64) AppleWebKit/537.36 (KHTML, like Gecko) Chrome/71.0.3578.98 Safari/537.36',
  'accept-encoding' => 'gzip, deflate, br',
  'accept-language' => 'zh-CN,zh;q=0.9',
  'cookie' => 'PHPSESSID=fngtmjlgso3ra6o3m8ms0ssh67; ip_0000=0.0.0.0',
)
[ info ] [ PARAM ] array (
)
[ info ] [ SESSION ] INIT array (
  'id' => '',
  'var_session_id' => '',
  'prefix' => 'think',
  'type' => '',
  'auto_start' => true,
)
[ info ] [ DB ] INIT mysql
[ info ] [ LOG ] INIT File
[ sql ] [ DB ] CONNECT:[ UseTime:0.013347s ] mysql:host=localhost;dbname=kk-blog;charset=utf8
[ sql ] [ SQL ] SHOW COLUMNS FROM `config` [ RunTime:0.002385s ]
[ sql ] [ SQL ] SELECT `loginTimeout` FROM `config` WHERE  `id` = 1 LIMIT 1 [ RunTime:0.000417s ]
[ sql ] [ SQL ] SELECT * FROM `config` WHERE  `id` = 1 LIMIT 1 [ RunTime:0.000528s ]
[ sql ] [ SQL ] SHOW COLUMNS FROM `comment` [ RunTime:0.001702s ]
[ sql ] [ SQL ] SELECT COUNT(*) AS tp_count FROM `comment` WHERE  `status` = 1 LIMIT 1 [ RunTime:0.000473s ]
[ sql ] [ SQL ] SHOW COLUMNS FROM `admin` [ RunTime:0.001713s ]
[ sql ] [ SQL ] SELECT COUNT(*) AS tp_count FROM `admin` WHERE  `status` = 1 LIMIT 1 [ RunTime:0.000384s ]
[ sql ] [ SQL ] SHOW COLUMNS FROM `article` [ RunTime:0.002294s ]
[ sql ] [ SQL ] SELECT COUNT(*) AS tp_count FROM `article` WHERE  `status` = 1 LIMIT 1 [ RunTime:0.000999s ]
[ sql ] [ SQL ] SHOW COLUMNS FROM `friendshiplink` [ RunTime:0.003024s ]
[ sql ] [ SQL ] SELECT COUNT(*) AS tp_count FROM `friendshiplink` WHERE  `status` = 1 LIMIT 1 [ RunTime:0.001230s ]
[ sql ] [ SQL ] select version(); [ RunTime:0.000469s ]
---------------------------------------------------------------
[ 2019-01-12T00:04:34+08:00 ] ::1 ::1 GET /kkstars/babysbreath/setting/setting.html
[ info ] localhost:8080/kkstars/babysbreath/setting/setting.html [运行时间：0.106991s][吞吐率：9.35req/s] [内存消耗：704.84kb] [文件加载：57]
[ info ] [ LANG ] D:\PHPWAMP_IN3\wwwroot\kkstars\thinkphp\lang\zh-cn.php
[ info ] [ ROUTE ] array (
  'type' => 'module',
  'module' => 
  array (
    0 => 'babysbreath',
    1 => 'setting',
    2 => 'setting',
  ),
)
[ info ] [ HEADER ] array (
  'host' => 'localhost:8080',
  'connection' => 'keep-alive',
  'upgrade-insecure-requests' => '1',
  'user-agent' => 'Mozilla/5.0 (Windows NT 10.0; Win64; x64) AppleWebKit/537.36 (KHTML, like Gecko) Chrome/71.0.3578.98 Safari/537.36',
  'accept' => 'text/html,application/xhtml+xml,application/xml;q=0.9,image/webp,image/apng,*/*;q=0.8',
  'referer' => 'http://localhost:8080/kkstars/babysbreath/index/index.html',
  'accept-encoding' => 'gzip, deflate, br',
  'accept-language' => 'zh-CN,zh;q=0.9',
  'cookie' => 'PHPSESSID=fngtmjlgso3ra6o3m8ms0ssh67; ip_0000=0.0.0.0',
)
[ info ] [ PARAM ] array (
)
[ info ] [ SESSION ] INIT array (
  'id' => '',
  'var_session_id' => '',
  'prefix' => 'think',
  'type' => '',
  'auto_start' => true,
)
[ info ] [ DB ] INIT mysql
[ info ] [ RUN ] app\babysbreath\controller\Setting->setting[ D:\PHPWAMP_IN3\wwwroot\kkstars\application\babysbreath\controller\Setting.php ]
[ info ] [ VIEW ] D:\PHPWAMP_IN3\wwwroot\kkstars/application/babysbreath\view\setting\setting.html [ array (
  0 => 'conf',
) ]
[ info ] [ LOG ] INIT File
[ sql ] [ DB ] CONNECT:[ UseTime:0.003110s ] mysql:host=localhost;dbname=kk-blog;charset=utf8
[ sql ] [ SQL ] SHOW COLUMNS FROM `config` [ RunTime:0.004174s ]
[ sql ] [ SQL ] SELECT `loginTimeout` FROM `config` WHERE  `id` = 1 LIMIT 1 [ RunTime:0.000732s ]
[ sql ] [ SQL ] SELECT * FROM `config` WHERE  `id` = 1 LIMIT 1 [ RunTime:0.001140s ]
[ sql ] [ SQL ] SHOW COLUMNS FROM `comment` [ RunTime:0.002616s ]
[ sql ] [ SQL ] SELECT COUNT(*) AS tp_count FROM `comment` WHERE  `status` = 1 LIMIT 1 [ RunTime:0.001272s ]
[ sql ] [ SQL ] SHOW COLUMNS FROM `admin` [ RunTime:0.002372s ]
[ sql ] [ SQL ] SELECT COUNT(*) AS tp_count FROM `admin` WHERE  `status` = 1 LIMIT 1 [ RunTime:0.000637s ]
[ sql ] [ SQL ] SHOW COLUMNS FROM `article` [ RunTime:0.003170s ]
[ sql ] [ SQL ] SELECT COUNT(*) AS tp_count FROM `article` WHERE  `status` = 1 LIMIT 1 [ RunTime:0.000392s ]
[ sql ] [ SQL ] SHOW COLUMNS FROM `friendshiplink` [ RunTime:0.001614s ]
[ sql ] [ SQL ] SELECT COUNT(*) AS tp_count FROM `friendshiplink` WHERE  `status` = 1 LIMIT 1 [ RunTime:0.000320s ]
[ sql ] [ SQL ] select version(); [ RunTime:0.000170s ]
---------------------------------------------------------------
[ 2019-01-12T00:04:36+08:00 ] ::1 ::1 GET /kkstars/babysbreath/setting/performance-now.js.map
[ info ] localhost:8080/kkstars/babysbreath/setting/performance-now.js.map [运行时间：0.042212s][吞吐率：23.69req/s] [内存消耗：609.84kb] [文件加载：55]
[ info ] [ LANG ] D:\PHPWAMP_IN3\wwwroot\kkstars\thinkphp\lang\zh-cn.php
[ info ] [ ROUTE ] array (
  'type' => 'module',
  'module' => 
  array (
    0 => 'babysbreath',
    1 => 'setting',
    2 => 'performance-now.js.map',
  ),
)
[ info ] [ HEADER ] array (
  'host' => 'localhost:8080',
  'connection' => 'keep-alive',
  'user-agent' => 'Mozilla/5.0 (Windows NT 10.0; Win64; x64) AppleWebKit/537.36 (KHTML, like Gecko) Chrome/71.0.3578.98 Safari/537.36',
  'accept-encoding' => 'gzip, deflate, br',
  'accept-language' => 'zh-CN,zh;q=0.9',
  'cookie' => 'PHPSESSID=fngtmjlgso3ra6o3m8ms0ssh67; ip_0000=0.0.0.0',
)
[ info ] [ PARAM ] array (
)
[ info ] [ SESSION ] INIT array (
  'id' => '',
  'var_session_id' => '',
  'prefix' => 'think',
  'type' => '',
  'auto_start' => true,
)
[ info ] [ DB ] INIT mysql
[ info ] [ LOG ] INIT File
[ sql ] [ DB ] CONNECT:[ UseTime:0.002780s ] mysql:host=localhost;dbname=kk-blog;charset=utf8
[ sql ] [ SQL ] SHOW COLUMNS FROM `config` [ RunTime:0.002424s ]
[ sql ] [ SQL ] SELECT `loginTimeout` FROM `config` WHERE  `id` = 1 LIMIT 1 [ RunTime:0.000518s ]
[ sql ] [ SQL ] SELECT * FROM `config` WHERE  `id` = 1 LIMIT 1 [ RunTime:0.000764s ]
[ sql ] [ SQL ] SHOW COLUMNS FROM `comment` [ RunTime:0.002946s ]
[ sql ] [ SQL ] SELECT COUNT(*) AS tp_count FROM `comment` WHERE  `status` = 1 LIMIT 1 [ RunTime:0.000534s ]
[ sql ] [ SQL ] SHOW COLUMNS FROM `admin` [ RunTime:0.002132s ]
[ sql ] [ SQL ] SELECT COUNT(*) AS tp_count FROM `admin` WHERE  `status` = 1 LIMIT 1 [ RunTime:0.000515s ]
[ sql ] [ SQL ] SHOW COLUMNS FROM `article` [ RunTime:0.003480s ]
[ sql ] [ SQL ] SELECT COUNT(*) AS tp_count FROM `article` WHERE  `status` = 1 LIMIT 1 [ RunTime:0.000962s ]
[ sql ] [ SQL ] SHOW COLUMNS FROM `friendshiplink` [ RunTime:0.002678s ]
[ sql ] [ SQL ] SELECT COUNT(*) AS tp_count FROM `friendshiplink` WHERE  `status` = 1 LIMIT 1 [ RunTime:0.001225s ]
[ sql ] [ SQL ] select version(); [ RunTime:0.000443s ]
---------------------------------------------------------------
[ 2019-01-12T00:05:56+08:00 ] ::1 ::1 GET /kkstars/babysbreath/about/about.html
[ info ] localhost:8080/kkstars/babysbreath/about/about.html [运行时间：0.082472s][吞吐率：12.13req/s] [内存消耗：656.30kb] [文件加载：55]
[ info ] [ LANG ] D:\PHPWAMP_IN3\wwwroot\kkstars\thinkphp\lang\zh-cn.php
[ info ] [ ROUTE ] array (
  'type' => 'module',
  'module' => 
  array (
    0 => 'babysbreath',
    1 => 'about',
    2 => 'about',
  ),
)
[ info ] [ HEADER ] array (
  'host' => 'localhost:8080',
  'connection' => 'keep-alive',
  'upgrade-insecure-requests' => '1',
  'user-agent' => 'Mozilla/5.0 (Windows NT 10.0; Win64; x64) AppleWebKit/537.36 (KHTML, like Gecko) Chrome/71.0.3578.98 Safari/537.36',
  'accept' => 'text/html,application/xhtml+xml,application/xml;q=0.9,image/webp,image/apng,*/*;q=0.8',
  'referer' => 'http://localhost:8080/kkstars/babysbreath/setting/setting.html',
  'accept-encoding' => 'gzip, deflate, br',
  'accept-language' => 'zh-CN,zh;q=0.9',
  'cookie' => 'PHPSESSID=fngtmjlgso3ra6o3m8ms0ssh67; ip_0000=0.0.0.0',
)
[ info ] [ PARAM ] array (
)
[ info ] [ SESSION ] INIT array (
  'id' => '',
  'var_session_id' => '',
  'prefix' => 'think',
  'type' => '',
  'auto_start' => true,
)
[ info ] [ DB ] INIT mysql
[ info ] [ RUN ] app\babysbreath\controller\About->about[ D:\PHPWAMP_IN3\wwwroot\kkstars\application\babysbreath\controller\About.php ]
[ info ] [ VIEW ] D:\PHPWAMP_IN3\wwwroot\kkstars/application/babysbreath\view\about\about.html [ array (
  0 => 'conf',
  1 => 'about',
) ]
[ info ] [ LOG ] INIT File
[ sql ] [ DB ] CONNECT:[ UseTime:0.003652s ] mysql:host=localhost;dbname=kk-blog;charset=utf8
[ sql ] [ SQL ] SHOW COLUMNS FROM `config` [ RunTime:0.002033s ]
[ sql ] [ SQL ] SELECT `loginTimeout` FROM `config` WHERE  `id` = 1 LIMIT 1 [ RunTime:0.001460s ]
[ sql ] [ SQL ] SELECT * FROM `config` WHERE  `id` = 1 LIMIT 1 [ RunTime:0.000814s ]
[ sql ] [ SQL ] SHOW COLUMNS FROM `comment` [ RunTime:0.003313s ]
[ sql ] [ SQL ] SELECT COUNT(*) AS tp_count FROM `comment` WHERE  `status` = 1 LIMIT 1 [ RunTime:0.000482s ]
[ sql ] [ SQL ] SHOW COLUMNS FROM `admin` [ RunTime:0.002950s ]
[ sql ] [ SQL ] SELECT COUNT(*) AS tp_count FROM `admin` WHERE  `status` = 1 LIMIT 1 [ RunTime:0.000730s ]
[ sql ] [ SQL ] SHOW COLUMNS FROM `article` [ RunTime:0.003853s ]
[ sql ] [ SQL ] SELECT COUNT(*) AS tp_count FROM `article` WHERE  `status` = 1 LIMIT 1 [ RunTime:0.000714s ]
[ sql ] [ SQL ] SHOW COLUMNS FROM `friendshiplink` [ RunTime:0.003782s ]
[ sql ] [ SQL ] SELECT COUNT(*) AS tp_count FROM `friendshiplink` WHERE  `status` = 1 LIMIT 1 [ RunTime:0.000529s ]
[ sql ] [ SQL ] select version(); [ RunTime:0.000437s ]
[ sql ] [ SQL ] SHOW COLUMNS FROM `aboutme` [ RunTime:0.008185s ]
[ sql ] [ SQL ] SELECT * FROM `aboutme` WHERE  `aboutId` = 1 LIMIT 1 [ RunTime:0.000549s ]
---------------------------------------------------------------
[ 2019-01-12T00:05:57+08:00 ] ::1 ::1 GET /kkstars/babysbreath/about/performance-now.js.map
[ info ] localhost:8080/kkstars/babysbreath/about/performance-now.js.map [运行时间：0.047092s][吞吐率：21.24req/s] [内存消耗：609.80kb] [文件加载：55]
[ info ] [ LANG ] D:\PHPWAMP_IN3\wwwroot\kkstars\thinkphp\lang\zh-cn.php
[ info ] [ ROUTE ] array (
  'type' => 'module',
  'module' => 
  array (
    0 => 'babysbreath',
    1 => 'about',
    2 => 'performance-now.js.map',
  ),
)
[ info ] [ HEADER ] array (
  'host' => 'localhost:8080',
  'connection' => 'keep-alive',
  'user-agent' => 'Mozilla/5.0 (Windows NT 10.0; Win64; x64) AppleWebKit/537.36 (KHTML, like Gecko) Chrome/71.0.3578.98 Safari/537.36',
  'accept-encoding' => 'gzip, deflate, br',
  'accept-language' => 'zh-CN,zh;q=0.9',
  'cookie' => 'PHPSESSID=fngtmjlgso3ra6o3m8ms0ssh67; ip_0000=0.0.0.0',
)
[ info ] [ PARAM ] array (
)
[ info ] [ SESSION ] INIT array (
  'id' => '',
  'var_session_id' => '',
  'prefix' => 'think',
  'type' => '',
  'auto_start' => true,
)
[ info ] [ DB ] INIT mysql
[ info ] [ LOG ] INIT File
[ sql ] [ DB ] CONNECT:[ UseTime:0.011607s ] mysql:host=localhost;dbname=kk-blog;charset=utf8
[ sql ] [ SQL ] SHOW COLUMNS FROM `config` [ RunTime:0.002917s ]
[ sql ] [ SQL ] SELECT `loginTimeout` FROM `config` WHERE  `id` = 1 LIMIT 1 [ RunTime:0.000540s ]
[ sql ] [ SQL ] SELECT * FROM `config` WHERE  `id` = 1 LIMIT 1 [ RunTime:0.001335s ]
[ sql ] [ SQL ] SHOW COLUMNS FROM `comment` [ RunTime:0.003128s ]
[ sql ] [ SQL ] SELECT COUNT(*) AS tp_count FROM `comment` WHERE  `status` = 1 LIMIT 1 [ RunTime:0.000777s ]
[ sql ] [ SQL ] SHOW COLUMNS FROM `admin` [ RunTime:0.001946s ]
[ sql ] [ SQL ] SELECT COUNT(*) AS tp_count FROM `admin` WHERE  `status` = 1 LIMIT 1 [ RunTime:0.000504s ]
[ sql ] [ SQL ] SHOW COLUMNS FROM `article` [ RunTime:0.001982s ]
[ sql ] [ SQL ] SELECT COUNT(*) AS tp_count FROM `article` WHERE  `status` = 1 LIMIT 1 [ RunTime:0.000580s ]
[ sql ] [ SQL ] SHOW COLUMNS FROM `friendshiplink` [ RunTime:0.001671s ]
[ sql ] [ SQL ] SELECT COUNT(*) AS tp_count FROM `friendshiplink` WHERE  `status` = 1 LIMIT 1 [ RunTime:0.000380s ]
[ sql ] [ SQL ] select version(); [ RunTime:0.000288s ]
---------------------------------------------------------------
[ 2019-01-12T02:08:20+08:00 ] ::1 ::1 GET /kkstars/babysbreath/about/about.html
[ info ] localhost:8080/kkstars/babysbreath/about/about.html [运行时间：44.003411s][吞吐率：0.02req/s] [内存消耗：689.96kb] [文件加载：57]
[ info ] [ LANG ] D:\PHPWAMP_IN3\wwwroot\kkstars\thinkphp\lang\zh-cn.php
[ info ] [ ROUTE ] array (
  'type' => 'module',
  'module' => 
  array (
    0 => 'babysbreath',
    1 => 'about',
    2 => 'about',
  ),
)
[ info ] [ HEADER ] array (
  'host' => 'localhost:8080',
  'connection' => 'keep-alive',
  'upgrade-insecure-requests' => '1',
  'user-agent' => 'Mozilla/5.0 (Windows NT 10.0; Win64; x64) AppleWebKit/537.36 (KHTML, like Gecko) Chrome/71.0.3578.98 Safari/537.36',
  'accept' => 'text/html,application/xhtml+xml,application/xml;q=0.9,image/webp,image/apng,*/*;q=0.8',
  'referer' => 'http://localhost:8080/kkstars/babysbreath/setting/setting.html',
  'accept-encoding' => 'gzip, deflate, br',
  'accept-language' => 'zh-CN,zh;q=0.9',
  'cookie' => 'PHPSESSID=fngtmjlgso3ra6o3m8ms0ssh67; ip_0000=0.0.0.0',
)
[ info ] [ PARAM ] array (
)
[ info ] [ SESSION ] INIT array (
  'id' => '',
  'var_session_id' => '',
  'prefix' => 'think',
  'type' => '',
  'auto_start' => true,
)
[ info ] [ DB ] INIT mysql
[ info ] [ VIEW ] D:\PHPWAMP_IN3\wwwroot\kkstars\thinkphp\tpl\dispatch_jump.tpl [ array (
  0 => 'code',
  1 => 'msg',
  2 => 'data',
  3 => 'url',
  4 => 'wait',
) ]
[ info ] [ LOG ] INIT File
[ sql ] [ DB ] CONNECT:[ UseTime:1.805065s ] mysql:host=localhost;dbname=kk-blog;charset=utf8
[ sql ] [ SQL ] SHOW COLUMNS FROM `config` [ RunTime:0.546914s ]
[ sql ] [ SQL ] SELECT `loginTimeout` FROM `config` WHERE  `id` = 1 LIMIT 1 [ RunTime:0.913818s ]
[ sql ] [ SQL ] SHOW COLUMNS FROM `operation` [ RunTime:0.042241s ]
[ sql ] [ SQL ] INSERT INTO `operation` (`op_ip` , `op_country` , `op_region` , `op_city` , `op_isp` , `op_region_id` , `op_city_id` , `op_type` , `op_module` , `op_admin` , `op_details`) VALUES ('125.68.89.117' , '中国' , '四川' , '德阳' , '电信' , 510000 , 510600 , 'login timeout' , '登录超时' , '满天星' , '登录已超时，请重新登录') [ RunTime:0.864154s ]
---------------------------------------------------------------
[ 2019-01-12T02:08:42+08:00 ] ::1 ::1 GET /kkstars/babysbreath/login/login.html
[ info ] localhost:8080/kkstars/babysbreath/login/login.html [运行时间：1.148716s][吞吐率：0.87req/s] [内存消耗：594.73kb] [文件加载：54]
[ info ] [ LANG ] D:\PHPWAMP_IN3\wwwroot\kkstars\thinkphp\lang\zh-cn.php
[ info ] [ ROUTE ] array (
  'type' => 'module',
  'module' => 
  array (
    0 => 'babysbreath',
    1 => 'login',
    2 => 'login',
  ),
)
[ info ] [ HEADER ] array (
  'host' => 'localhost:8080',
  'connection' => 'keep-alive',
  'upgrade-insecure-requests' => '1',
  'user-agent' => 'Mozilla/5.0 (Windows NT 10.0; Win64; x64) AppleWebKit/537.36 (KHTML, like Gecko) Chrome/71.0.3578.98 Safari/537.36',
  'accept' => 'text/html,application/xhtml+xml,application/xml;q=0.9,image/webp,image/apng,*/*;q=0.8',
  'referer' => 'http://localhost:8080/kkstars/babysbreath/about/about.html',
  'accept-encoding' => 'gzip, deflate, br',
  'accept-language' => 'zh-CN,zh;q=0.9',
  'cookie' => 'PHPSESSID=fngtmjlgso3ra6o3m8ms0ssh67; ip_0000=0.0.0.0',
)
[ info ] [ PARAM ] array (
)
[ info ] [ DB ] INIT mysql
[ info ] [ RUN ] app\babysbreath\controller\Login->login[ D:\PHPWAMP_IN3\wwwroot\kkstars\application\babysbreath\controller\Login.php ]
[ info ] [ VIEW ] D:\PHPWAMP_IN3\wwwroot\kkstars/application/babysbreath\view\login\login.html [ array (
  0 => 'conf',
) ]
[ info ] [ LOG ] INIT File
[ sql ] [ DB ] CONNECT:[ UseTime:0.011379s ] mysql:host=localhost;dbname=kk-blog;charset=utf8
[ sql ] [ SQL ] SHOW COLUMNS FROM `config` [ RunTime:0.002088s ]
[ sql ] [ SQL ] SELECT * FROM `config` WHERE  `id` = 1 LIMIT 1 [ RunTime:0.126504s ]
---------------------------------------------------------------
[ 2019-01-12T02:09:29+08:00 ] ::1 ::1 GET /kkstars/index/index/flow?page=1
[ info ] localhost:8080/kkstars/index/index/flow?page=1 [运行时间：5.970307s][吞吐率：0.17req/s] [内存消耗：617.85kb] [文件加载：57]
[ info ] [ LANG ] D:\PHPWAMP_IN3\wwwroot\kkstars\thinkphp\lang\zh-cn.php
[ info ] [ ROUTE ] array (
  'type' => 'module',
  'module' => 
  array (
    0 => 'index',
    1 => 'index',
    2 => 'flow',
  ),
)
[ info ] [ HEADER ] array (
  'host' => 'localhost:8080',
  'connection' => 'keep-alive',
  'user-agent' => 'Mozilla/5.0 (Windows NT 10.0; Win64; x64) AppleWebKit/537.36 (KHTML, like Gecko) Chrome/71.0.3578.98 Safari/537.36',
  'accept' => '*/*',
  'referer' => 'http://localhost:8080/kkstars/index',
  'accept-encoding' => 'gzip, deflate, br',
  'accept-language' => 'zh-CN,zh;q=0.9',
  'cookie' => 'PHPSESSID=fngtmjlgso3ra6o3m8ms0ssh67; ip_0000=0.0.0.0',
)
[ info ] [ PARAM ] array (
  'page' => '1',
)
[ info ] [ DB ] INIT mysql
[ info ] [ LOG ] INIT File
[ error ] [0]Redis server went away[D:\PHPWAMP_IN3\wwwroot\kkstars\thinkphp\library\think\cache\driver\Redis.php:70]
---------------------------------------------------------------
[ 2019-01-12T08:52:49+08:00 ] ::1 ::1 GET /kkstars/index/index/flow?page=1
[ info ] localhost:8080/kkstars/index/index/flow?page=1 [运行时间：6.142803s][吞吐率：0.16req/s] [内存消耗：633.80kb] [文件加载：57]
[ info ] [ LANG ] D:\PHPWAMP_IN3\wwwroot\kkstars\thinkphp\lang\zh-cn.php
[ info ] [ ROUTE ] array (
  'type' => 'module',
  'module' => 
  array (
    0 => 'index',
    1 => 'index',
    2 => 'flow',
  ),
)
[ info ] [ HEADER ] array (
  'host' => 'localhost:8080',
  'connection' => 'keep-alive',
  'user-agent' => 'Mozilla/5.0 (Windows NT 10.0; Win64; x64) AppleWebKit/537.36 (KHTML, like Gecko) Chrome/71.0.3578.98 Safari/537.36',
  'accept' => '*/*',
  'referer' => 'http://localhost:8080/kkstars/index',
  'accept-encoding' => 'gzip, deflate, br',
  'accept-language' => 'zh-CN,zh;q=0.9',
  'cookie' => 'PHPSESSID=fngtmjlgso3ra6o3m8ms0ssh67; ip_0000=0.0.0.0',
)
[ info ] [ PARAM ] array (
  'page' => '1',
)
[ info ] [ DB ] INIT mysql
[ info ] [ LOG ] INIT File
[ error ] [0]Redis server went away[D:\PHPWAMP_IN3\wwwroot\kkstars\thinkphp\library\think\cache\driver\Redis.php:70]
---------------------------------------------------------------
[ 2019-01-12T14:40:36+08:00 ] ::1 ::1 GET /kkstars/babysbreath/login/login.html
[ info ] localhost:8080/kkstars/babysbreath/login/login.html [运行时间：10.351204s][吞吐率：0.10req/s] [内存消耗：1,317.98kb] [文件加载：54]
[ info ] [ LANG ] D:\PHPWAMP_IN3\wwwroot\kkstars\thinkphp\lang\zh-cn.php
[ info ] [ ROUTE ] array (
  'type' => 'module',
  'module' => 
  array (
    0 => 'babysbreath',
    1 => 'login',
    2 => 'login',
  ),
)
[ info ] [ HEADER ] array (
  'host' => 'localhost:8080',
  'connection' => 'keep-alive',
  'upgrade-insecure-requests' => '1',
  'user-agent' => 'Mozilla/5.0 (Windows NT 10.0; Win64; x64) AppleWebKit/537.36 (KHTML, like Gecko) Chrome/71.0.3578.98 Safari/537.36',
  'accept' => 'text/html,application/xhtml+xml,application/xml;q=0.9,image/webp,image/apng,*/*;q=0.8',
  'accept-encoding' => 'gzip, deflate, br',
  'accept-language' => 'zh-CN,zh;q=0.9',
)
[ info ] [ PARAM ] array (
)
[ info ] [ DB ] INIT mysql
[ info ] [ RUN ] app\babysbreath\controller\Login->login[ D:\PHPWAMP_IN3\wwwroot\kkstars\application\babysbreath\controller\Login.php ]
[ info ] [ VIEW ] D:\PHPWAMP_IN3\wwwroot\kkstars/application/babysbreath\view\login\login.html [ array (
  0 => 'conf',
) ]
[ info ] [ LOG ] INIT File
[ sql ] [ DB ] CONNECT:[ UseTime:0.202524s ] mysql:host=localhost;dbname=kk-blog;charset=utf8
[ sql ] [ SQL ] SHOW COLUMNS FROM `config` [ RunTime:0.211231s ]
[ sql ] [ SQL ] SELECT * FROM `config` WHERE  `id` = 1 LIMIT 1 [ RunTime:0.001154s ]
---------------------------------------------------------------
[ 2019-01-12T14:40:37+08:00 ] ::1 ::1 GET /kkstars/index
[ info ] localhost:8080/kkstars/index [运行时间：11.748912s][吞吐率：0.09req/s] [内存消耗：1,413.55kb] [文件加载：57]
[ info ] [ LANG ] D:\PHPWAMP_IN3\wwwroot\kkstars\thinkphp\lang\zh-cn.php
[ info ] [ ROUTE ] array (
  'type' => 'module',
  'module' => 
  array (
    0 => 'index',
    1 => NULL,
    2 => NULL,
  ),
)
[ info ] [ HEADER ] array (
  'host' => 'localhost:8080',
  'connection' => 'keep-alive',
  'upgrade-insecure-requests' => '1',
  'user-agent' => 'Mozilla/5.0 (Windows NT 10.0; Win64; x64) AppleWebKit/537.36 (KHTML, like Gecko) Chrome/71.0.3578.98 Safari/537.36',
  'accept' => 'text/html,application/xhtml+xml,application/xml;q=0.9,image/webp,image/apng,*/*;q=0.8',
  'accept-encoding' => 'gzip, deflate, br',
  'accept-language' => 'zh-CN,zh;q=0.9',
)
[ info ] [ PARAM ] array (
)
[ info ] [ DB ] INIT mysql
[ info ] [ LOG ] INIT File
[ error ] [0]Redis server went away[D:\PHPWAMP_IN3\wwwroot\kkstars\thinkphp\library\think\cache\driver\Redis.php:70]
---------------------------------------------------------------
[ 2019-01-12T15:22:36+08:00 ] ::1 ::1 POST /kkstars/babysbreath/login/login
[ info ] localhost:8080/kkstars/babysbreath/login/login [运行时间：0.303615s][吞吐率：3.29req/s] [内存消耗：661.19kb] [文件加载：57]
[ info ] [ LANG ] D:\PHPWAMP_IN3\wwwroot\kkstars\thinkphp\lang\zh-cn.php
[ info ] [ ROUTE ] array (
  'type' => 'module',
  'module' => 
  array (
    0 => 'babysbreath',
    1 => 'login',
    2 => 'login',
  ),
)
[ info ] [ HEADER ] array (
  'host' => 'localhost:8080',
  'connection' => 'keep-alive',
  'content-length' => '38',
  'accept' => '*/*',
  'origin' => 'http://localhost:8080',
  'x-requested-with' => 'XMLHttpRequest',
  'user-agent' => 'Mozilla/5.0 (Windows NT 10.0; Win64; x64) AppleWebKit/537.36 (KHTML, like Gecko) Chrome/71.0.3578.98 Safari/537.36',
  'content-type' => 'application/x-www-form-urlencoded; charset=UTF-8',
  'referer' => 'http://localhost:8080/kkstars/babysbreath/login/login.html',
  'accept-encoding' => 'gzip, deflate, br',
  'accept-language' => 'zh-CN,zh;q=0.9',
)
[ info ] [ PARAM ] array (
  'loginName' => 'hekun',
  'loginPassword' => 'hk000520',
)
[ info ] [ DB ] INIT mysql
[ info ] [ RUN ] app\babysbreath\controller\Login->login[ D:\PHPWAMP_IN3\wwwroot\kkstars\application\babysbreath\controller\Login.php ]
[ info ] [ SESSION ] INIT array (
  'id' => '',
  'var_session_id' => '',
  'prefix' => 'think',
  'type' => '',
  'auto_start' => true,
)
[ info ] [ LOG ] INIT File
[ sql ] [ DB ] CONNECT:[ UseTime:0.002761s ] mysql:host=localhost;dbname=kk-blog;charset=utf8
[ sql ] [ SQL ] SHOW COLUMNS FROM `config` [ RunTime:0.002969s ]
[ sql ] [ SQL ] SELECT * FROM `config` WHERE  `id` = 1 LIMIT 1 [ RunTime:0.000602s ]
[ sql ] [ SQL ] SHOW COLUMNS FROM `admin` [ RunTime:0.006359s ]
[ sql ] [ SQL ] SELECT * FROM `admin` WHERE  `loginName` = 'hekun'  AND `status` = 1 LIMIT 1 [ RunTime:0.000576s ]
[ error ] [2]file_get_contents(http://ip.taobao.com/service/getIpInfo.php?ip=125.68.89.117): failed to open stream: HTTP request failed! HTTP/1.1 502 Bad Gateway
[D:\PHPWAMP_IN3\wwwroot\kkstars\application\babysbreath\model\Operation.php:18]
---------------------------------------------------------------
[ 2019-01-12T15:22:43+08:00 ] ::1 ::1 POST /kkstars/babysbreath/login/login
[ info ] localhost:8080/kkstars/babysbreath/login/login [运行时间：0.183459s][吞吐率：5.45req/s] [内存消耗：658.55kb] [文件加载：57]
[ info ] [ LANG ] D:\PHPWAMP_IN3\wwwroot\kkstars\thinkphp\lang\zh-cn.php
[ info ] [ ROUTE ] array (
  'type' => 'module',
  'module' => 
  array (
    0 => 'babysbreath',
    1 => 'login',
    2 => 'login',
  ),
)
[ info ] [ HEADER ] array (
  'host' => 'localhost:8080',
  'connection' => 'keep-alive',
  'content-length' => '38',
  'accept' => '*/*',
  'origin' => 'http://localhost:8080',
  'x-requested-with' => 'XMLHttpRequest',
  'user-agent' => 'Mozilla/5.0 (Windows NT 10.0; Win64; x64) AppleWebKit/537.36 (KHTML, like Gecko) Chrome/71.0.3578.98 Safari/537.36',
  'content-type' => 'application/x-www-form-urlencoded; charset=UTF-8',
  'referer' => 'http://localhost:8080/kkstars/babysbreath/login/login.html',
  'accept-encoding' => 'gzip, deflate, br',
  'accept-language' => 'zh-CN,zh;q=0.9',
  'cookie' => 'PHPSESSID=lqqn624572dmimdjb5schi5v91',
)
[ info ] [ PARAM ] array (
  'loginName' => 'hekun',
  'loginPassword' => 'hk000520',
)
[ info ] [ DB ] INIT mysql
[ info ] [ RUN ] app\babysbreath\controller\Login->login[ D:\PHPWAMP_IN3\wwwroot\kkstars\application\babysbreath\controller\Login.php ]
[ info ] [ SESSION ] INIT array (
  'id' => '',
  'var_session_id' => '',
  'prefix' => 'think',
  'type' => '',
  'auto_start' => true,
)
[ info ] [ LOG ] INIT File
[ sql ] [ DB ] CONNECT:[ UseTime:0.002685s ] mysql:host=localhost;dbname=kk-blog;charset=utf8
[ sql ] [ SQL ] SHOW COLUMNS FROM `config` [ RunTime:0.003980s ]
[ sql ] [ SQL ] SELECT * FROM `config` WHERE  `id` = 1 LIMIT 1 [ RunTime:0.000739s ]
[ sql ] [ SQL ] SHOW COLUMNS FROM `admin` [ RunTime:0.002765s ]
[ sql ] [ SQL ] SELECT * FROM `admin` WHERE  `loginName` = 'hekun'  AND `status` = 1 LIMIT 1 [ RunTime:0.000979s ]
[ error ] [2]file_get_contents(http://ip.taobao.com/service/getIpInfo.php?ip=125.68.89.117): failed to open stream: HTTP request failed! HTTP/1.1 502 Bad Gateway
[D:\PHPWAMP_IN3\wwwroot\kkstars\application\babysbreath\model\Operation.php:18]
---------------------------------------------------------------
[ 2019-01-12T15:22:51+08:00 ] ::1 ::1 POST /kkstars/babysbreath/login/login
[ info ] localhost:8080/kkstars/babysbreath/login/login [运行时间：0.631421s][吞吐率：1.58req/s] [内存消耗：663.93kb] [文件加载：52]
[ info ] [ LANG ] D:\PHPWAMP_IN3\wwwroot\kkstars\thinkphp\lang\zh-cn.php
[ info ] [ ROUTE ] array (
  'type' => 'module',
  'module' => 
  array (
    0 => 'babysbreath',
    1 => 'login',
    2 => 'login',
  ),
)
[ info ] [ HEADER ] array (
  'host' => 'localhost:8080',
  'connection' => 'keep-alive',
  'content-length' => '38',
  'accept' => '*/*',
  'origin' => 'http://localhost:8080',
  'x-requested-with' => 'XMLHttpRequest',
  'user-agent' => 'Mozilla/5.0 (Windows NT 10.0; Win64; x64) AppleWebKit/537.36 (KHTML, like Gecko) Chrome/71.0.3578.98 Safari/537.36',
  'content-type' => 'application/x-www-form-urlencoded; charset=UTF-8',
  'referer' => 'http://localhost:8080/kkstars/babysbreath/login/login.html',
  'accept-encoding' => 'gzip, deflate, br',
  'accept-language' => 'zh-CN,zh;q=0.9',
  'cookie' => 'PHPSESSID=lqqn624572dmimdjb5schi5v91',
)
[ info ] [ PARAM ] array (
  'loginName' => 'hekun',
  'loginPassword' => 'hk000520',
)
[ info ] [ DB ] INIT mysql
[ info ] [ RUN ] app\babysbreath\controller\Login->login[ D:\PHPWAMP_IN3\wwwroot\kkstars\application\babysbreath\controller\Login.php ]
[ info ] [ SESSION ] INIT array (
  'id' => '',
  'var_session_id' => '',
  'prefix' => 'think',
  'type' => '',
  'auto_start' => true,
)
[ info ] [ LOG ] INIT File
[ sql ] [ DB ] CONNECT:[ UseTime:0.011789s ] mysql:host=localhost;dbname=kk-blog;charset=utf8
[ sql ] [ SQL ] SHOW COLUMNS FROM `config` [ RunTime:0.002044s ]
[ sql ] [ SQL ] SELECT * FROM `config` WHERE  `id` = 1 LIMIT 1 [ RunTime:0.000616s ]
[ sql ] [ SQL ] SHOW COLUMNS FROM `admin` [ RunTime:0.001851s ]
[ sql ] [ SQL ] SELECT * FROM `admin` WHERE  `loginName` = 'hekun'  AND `status` = 1 LIMIT 1 [ RunTime:0.000558s ]
[ sql ] [ SQL ] SHOW COLUMNS FROM `operation` [ RunTime:0.006267s ]
[ sql ] [ SQL ] INSERT INTO `operation` (`op_ip` , `op_country` , `op_region` , `op_city` , `op_isp` , `op_region_id` , `op_city_id` , `op_type` , `op_module` , `op_admin` , `op_details`) VALUES ('125.68.89.117' , '中国' , '四川' , '德阳' , '电信' , 510000 , 510600 , 'login' , '登录' , '满天星' , '登录成功') [ RunTime:0.242182s ]
[ sql ] [ SQL ] UPDATE `admin`  SET `lastLoginTime`='2019-01-12 15:22:51'  WHERE  `loginName` = 'hekun' [ RunTime:0.087564s ]
[ sql ] [ SQL ] UPDATE `admin`  SET `numberOfLogin`=numberOfLogin+1  WHERE  `loginName` = 'hekun' [ RunTime:0.121006s ]
---------------------------------------------------------------
[ 2019-01-12T15:22:52+08:00 ] ::1 ::1 GET /kkstars/babysbreath/index/index.html
[ info ] localhost:8080/kkstars/babysbreath/index/index.html [运行时间：0.176590s][吞吐率：5.66req/s] [内存消耗：644.44kb] [文件加载：55]
[ info ] [ LANG ] D:\PHPWAMP_IN3\wwwroot\kkstars\thinkphp\lang\zh-cn.php
[ info ] [ ROUTE ] array (
  'type' => 'module',
  'module' => 
  array (
    0 => 'babysbreath',
    1 => 'index',
    2 => 'index',
  ),
)
[ info ] [ HEADER ] array (
  'host' => 'localhost:8080',
  'connection' => 'keep-alive',
  'upgrade-insecure-requests' => '1',
  'user-agent' => 'Mozilla/5.0 (Windows NT 10.0; Win64; x64) AppleWebKit/537.36 (KHTML, like Gecko) Chrome/71.0.3578.98 Safari/537.36',
  'accept' => 'text/html,application/xhtml+xml,application/xml;q=0.9,image/webp,image/apng,*/*;q=0.8',
  'referer' => 'http://localhost:8080/kkstars/babysbreath/login/login.html',
  'accept-encoding' => 'gzip, deflate, br',
  'accept-language' => 'zh-CN,zh;q=0.9',
  'cookie' => 'PHPSESSID=lqqn624572dmimdjb5schi5v91',
)
[ info ] [ PARAM ] array (
)
[ info ] [ SESSION ] INIT array (
  'id' => '',
  'var_session_id' => '',
  'prefix' => 'think',
  'type' => '',
  'auto_start' => true,
)
[ info ] [ DB ] INIT mysql
[ info ] [ RUN ] app\babysbreath\controller\Index->index[ D:\PHPWAMP_IN3\wwwroot\kkstars\application\babysbreath\controller\Index.php ]
[ info ] [ VIEW ] D:\PHPWAMP_IN3\wwwroot\kkstars/application/babysbreath\view\index\index.html [ array (
  0 => 'conf',
  1 => 'lastLogInfo',
) ]
[ info ] [ LOG ] INIT File
[ sql ] [ DB ] CONNECT:[ UseTime:0.002436s ] mysql:host=localhost;dbname=kk-blog;charset=utf8
[ sql ] [ SQL ] SHOW COLUMNS FROM `config` [ RunTime:0.002101s ]
[ sql ] [ SQL ] SELECT `loginTimeout` FROM `config` WHERE  `id` = 1 LIMIT 1 [ RunTime:0.000492s ]
[ sql ] [ SQL ] SELECT * FROM `config` WHERE  `id` = 1 LIMIT 1 [ RunTime:0.000862s ]
[ sql ] [ SQL ] SHOW COLUMNS FROM `comment` [ RunTime:0.016682s ]
[ sql ] [ SQL ] SELECT COUNT(*) AS tp_count FROM `comment` WHERE  `status` = 1 LIMIT 1 [ RunTime:0.000891s ]
[ sql ] [ SQL ] SHOW COLUMNS FROM `admin` [ RunTime:0.002417s ]
[ sql ] [ SQL ] SELECT COUNT(*) AS tp_count FROM `admin` WHERE  `status` = 1 LIMIT 1 [ RunTime:0.000695s ]
[ sql ] [ SQL ] SHOW COLUMNS FROM `article` [ RunTime:0.021659s ]
[ sql ] [ SQL ] SELECT COUNT(*) AS tp_count FROM `article` WHERE  `status` = 1 LIMIT 1 [ RunTime:0.001995s ]
[ sql ] [ SQL ] SHOW COLUMNS FROM `friendshiplink` [ RunTime:0.005977s ]
[ sql ] [ SQL ] SELECT COUNT(*) AS tp_count FROM `friendshiplink` WHERE  `status` = 1 LIMIT 1 [ RunTime:0.000808s ]
[ sql ] [ SQL ] select version(); [ RunTime:0.000750s ]
[ sql ] [ SQL ] SELECT `numberOfLogin` FROM `admin` WHERE  `adminId` = 1 LIMIT 1 [ RunTime:0.000952s ]
[ sql ] [ SQL ] SHOW COLUMNS FROM `operation` [ RunTime:0.001947s ]
[ sql ] [ SQL ] SELECT `op_ip`,`op_time` FROM `operation` WHERE  `status` = 1 ORDER BY op_time desc LIMIT 1 [ RunTime:0.000645s ]
---------------------------------------------------------------
[ 2019-01-12T15:22:53+08:00 ] ::1 ::1 GET /kkstars/babysbreath/index/time.html
[ info ] localhost:8080/kkstars/babysbreath/index/time.html [运行时间：0.093496s][吞吐率：10.70req/s] [内存消耗：625.48kb] [文件加载：54]
[ info ] [ LANG ] D:\PHPWAMP_IN3\wwwroot\kkstars\thinkphp\lang\zh-cn.php
[ info ] [ ROUTE ] array (
  'type' => 'module',
  'module' => 
  array (
    0 => 'babysbreath',
    1 => 'index',
    2 => 'time',
  ),
)
[ info ] [ HEADER ] array (
  'host' => 'localhost:8080',
  'connection' => 'keep-alive',
  'upgrade-insecure-requests' => '1',
  'user-agent' => 'Mozilla/5.0 (Windows NT 10.0; Win64; x64) AppleWebKit/537.36 (KHTML, like Gecko) Chrome/71.0.3578.98 Safari/537.36',
  'accept' => 'text/html,application/xhtml+xml,application/xml;q=0.9,image/webp,image/apng,*/*;q=0.8',
  'referer' => 'http://localhost:8080/kkstars/babysbreath/index/index.html',
  'accept-encoding' => 'gzip, deflate, br',
  'accept-language' => 'zh-CN,zh;q=0.9',
  'cookie' => 'PHPSESSID=lqqn624572dmimdjb5schi5v91',
)
[ info ] [ PARAM ] array (
)
[ info ] [ SESSION ] INIT array (
  'id' => '',
  'var_session_id' => '',
  'prefix' => 'think',
  'type' => '',
  'auto_start' => true,
)
[ info ] [ DB ] INIT mysql
[ info ] [ RUN ] app\babysbreath\controller\Index->time[ D:\PHPWAMP_IN3\wwwroot\kkstars\application\babysbreath\controller\Index.php ]
[ info ] [ VIEW ] D:\PHPWAMP_IN3\wwwroot\kkstars/application/babysbreath\view\index\time.html [ array (
  0 => 'conf',
) ]
[ info ] [ LOG ] INIT File
[ sql ] [ DB ] CONNECT:[ UseTime:0.002544s ] mysql:host=localhost;dbname=kk-blog;charset=utf8
[ sql ] [ SQL ] SHOW COLUMNS FROM `config` [ RunTime:0.003532s ]
[ sql ] [ SQL ] SELECT `loginTimeout` FROM `config` WHERE  `id` = 1 LIMIT 1 [ RunTime:0.000573s ]
[ sql ] [ SQL ] SELECT * FROM `config` WHERE  `id` = 1 LIMIT 1 [ RunTime:0.000835s ]
[ sql ] [ SQL ] SHOW COLUMNS FROM `comment` [ RunTime:0.008762s ]
[ sql ] [ SQL ] SELECT COUNT(*) AS tp_count FROM `comment` WHERE  `status` = 1 LIMIT 1 [ RunTime:0.001440s ]
[ sql ] [ SQL ] SHOW COLUMNS FROM `admin` [ RunTime:0.002423s ]
[ sql ] [ SQL ] SELECT COUNT(*) AS tp_count FROM `admin` WHERE  `status` = 1 LIMIT 1 [ RunTime:0.000595s ]
[ sql ] [ SQL ] SHOW COLUMNS FROM `article` [ RunTime:0.004581s ]
[ sql ] [ SQL ] SELECT COUNT(*) AS tp_count FROM `article` WHERE  `status` = 1 LIMIT 1 [ RunTime:0.001590s ]
[ sql ] [ SQL ] SHOW COLUMNS FROM `friendshiplink` [ RunTime:0.004413s ]
[ sql ] [ SQL ] SELECT COUNT(*) AS tp_count FROM `friendshiplink` WHERE  `status` = 1 LIMIT 1 [ RunTime:0.000927s ]
[ sql ] [ SQL ] select version(); [ RunTime:0.000402s ]
