---------------------------------------------------------------
[ 2018-12-07T10:28:08+08:00 ] 127.0.0.1 127.0.0.1 GET /kk-blog/board
[ info ] localhost/kk-blog/board [运行时间：2.150980s][吞吐率：0.46req/s] [内存消耗：2,752.97kb] [文件加载：61]
[ info ] [ LANG ] G:\PHPWAMP_IN2\wwwroot\kk-blog\thinkphp\lang\zh-cn.php
[ info ] [ ROUTE ] array (
  'type' => 'module',
  'module' => 'index/board/board/index',
)
[ info ] [ HEADER ] array (
  'cookie' => 'PHPSESSID=holp4eicidjhqncj93g2dbg2o1; ip_127001=127.0.0.1',
  'accept-language' => 'zh-CN,zh;q=0.9',
  'accept-encoding' => 'gzip, deflate, br',
  'referer' => 'http://localhost/kk-blog/index',
  'accept' => 'text/html,application/xhtml+xml,application/xml;q=0.9,image/webp,image/apng,*/*;q=0.8',
  'user-agent' => 'Mozilla/5.0 (Windows NT 10.0; Win64; x64) AppleWebKit/537.36 (KHTML, like Gecko) Chrome/70.0.3538.110 Safari/537.36',
  'upgrade-insecure-requests' => '1',
  'connection' => 'keep-alive',
  'host' => 'localhost',
  'content-length' => '',
  'content-type' => '',
)
[ info ] [ PARAM ] array (
)
[ info ] [ DB ] INIT mysql
[ info ] [ CACHE ] INIT redis
[ info ] [ RUN ] app\index\controller\Board->board[ G:\PHPWAMP_IN2\wwwroot\kk-blog\application\index\controller\Board.php ]
[ info ] [ SESSION ] INIT array (
  'id' => '',
  'var_session_id' => '',
  'prefix' => 'think',
  'type' => '',
  'auto_start' => true,
)
[ info ] [ VIEW ] G:\PHPWAMP_IN2\wwwroot\kk-blog/application/index\view\board\board.html [ array (
  0 => 'conf',
  1 => 'cate',
  2 => 'rightCate',
  3 => 'about',
  4 => 'comtArticles',
  5 => 'heatArticles',
  6 => 'praiseArticles',
  7 => 'message',
) ]
[ info ] [ LOG ] INIT File
[ sql ] [ DB ] CONNECT:[ UseTime:0.064152s ] mysql:host=localhost;dbname=kk-blog;charset=utf8
[ sql ] [ SQL ] SHOW COLUMNS FROM `cate` [ RunTime:0.116228s ]
[ sql ] [ SQL ] SELECT `cateName`,`cateId` FROM `cate` WHERE  `cateArticles` <> 0 [ RunTime:0.000665s ]
[ sql ] [ SQL ] SHOW COLUMNS FROM `comment` [ RunTime:0.002222s ]
[ sql ] [ SQL ] SELECT COUNT(*) AS tp_count FROM `comment` WHERE  `commentArticleid` = 32 LIMIT 1 [ RunTime:0.009644s ]
[ sql ] [ SQL ] SHOW COLUMNS FROM `article` [ RunTime:0.016703s ]
[ sql ] [ SQL ] UPDATE `article`  SET `articleComments`=0  WHERE  `articleId` = 32 [ RunTime:0.034549s ]
[ sql ] [ SQL ] SELECT COUNT(*) AS tp_count FROM `comment` WHERE  `commentArticleid` = 38 LIMIT 1 [ RunTime:0.000547s ]
[ sql ] [ SQL ] UPDATE `article`  SET `articleComments`=0  WHERE  `articleId` = 38 [ RunTime:0.017816s ]
[ sql ] [ SQL ] SELECT COUNT(*) AS tp_count FROM `comment` WHERE  `commentArticleid` = 47 LIMIT 1 [ RunTime:0.000502s ]
[ sql ] [ SQL ] UPDATE `article`  SET `articleComments`=0  WHERE  `articleId` = 47 [ RunTime:0.023716s ]
[ sql ] [ SQL ] SELECT COUNT(*) AS tp_count FROM `comment` WHERE  `commentArticleid` = 25 LIMIT 1 [ RunTime:0.000463s ]
[ sql ] [ SQL ] UPDATE `article`  SET `articleComments`=0  WHERE  `articleId` = 25 [ RunTime:0.018487s ]
[ sql ] [ SQL ] SELECT COUNT(*) AS tp_count FROM `comment` WHERE  `commentArticleid` = 30 LIMIT 1 [ RunTime:0.000868s ]
[ sql ] [ SQL ] UPDATE `article`  SET `articleComments`=0  WHERE  `articleId` = 30 [ RunTime:0.022554s ]
[ sql ] [ SQL ] SELECT COUNT(*) AS tp_count FROM `comment` WHERE  `commentArticleid` = 31 LIMIT 1 [ RunTime:0.000526s ]
[ sql ] [ SQL ] UPDATE `article`  SET `articleComments`=0  WHERE  `articleId` = 31 [ RunTime:0.018055s ]
[ sql ] [ SQL ] SELECT COUNT(*) AS tp_count FROM `comment` WHERE  `commentArticleid` = 33 LIMIT 1 [ RunTime:0.000809s ]
[ sql ] [ SQL ] UPDATE `article`  SET `articleComments`=0  WHERE  `articleId` = 33 [ RunTime:0.022799s ]
[ sql ] [ SQL ] SELECT COUNT(*) AS tp_count FROM `comment` WHERE  `commentArticleid` = 35 LIMIT 1 [ RunTime:0.000851s ]
[ sql ] [ SQL ] UPDATE `article`  SET `articleComments`=0  WHERE  `articleId` = 35 [ RunTime:0.017178s ]
[ sql ] [ SQL ] SELECT COUNT(*) AS tp_count FROM `comment` WHERE  `commentArticleid` = 36 LIMIT 1 [ RunTime:0.000471s ]
[ sql ] [ SQL ] UPDATE `article`  SET `articleComments`=0  WHERE  `articleId` = 36 [ RunTime:0.090036s ]
[ sql ] [ SQL ] SELECT COUNT(*) AS tp_count FROM `comment` WHERE  `commentArticleid` = 39 LIMIT 1 [ RunTime:0.000544s ]
[ sql ] [ SQL ] UPDATE `article`  SET `articleComments`=0  WHERE  `articleId` = 39 [ RunTime:0.043006s ]
[ sql ] [ SQL ] SELECT COUNT(*) AS tp_count FROM `comment` WHERE  `commentArticleid` = 40 LIMIT 1 [ RunTime:0.000530s ]
[ sql ] [ SQL ] UPDATE `article`  SET `articleComments`=0  WHERE  `articleId` = 40 [ RunTime:0.042643s ]
[ sql ] [ SQL ] SELECT COUNT(*) AS tp_count FROM `comment` WHERE  `commentArticleid` = 41 LIMIT 1 [ RunTime:0.000467s ]
[ sql ] [ SQL ] UPDATE `article`  SET `articleComments`=0  WHERE  `articleId` = 41 [ RunTime:0.064616s ]
[ sql ] [ SQL ] SELECT COUNT(*) AS tp_count FROM `comment` WHERE  `commentArticleid` = 42 LIMIT 1 [ RunTime:0.000789s ]
[ sql ] [ SQL ] UPDATE `article`  SET `articleComments`=0  WHERE  `articleId` = 42 [ RunTime:0.053584s ]
[ sql ] [ SQL ] SELECT COUNT(*) AS tp_count FROM `comment` WHERE  `commentArticleid` = 44 LIMIT 1 [ RunTime:0.000460s ]
[ sql ] [ SQL ] UPDATE `article`  SET `articleComments`=0  WHERE  `articleId` = 44 [ RunTime:0.017904s ]
[ sql ] [ SQL ] SELECT COUNT(*) AS tp_count FROM `comment` WHERE  `commentArticleid` = 9 LIMIT 1 [ RunTime:0.000580s ]
[ sql ] [ SQL ] UPDATE `article`  SET `articleComments`=0  WHERE  `articleId` = 9 [ RunTime:0.022453s ]
[ sql ] [ SQL ] SELECT COUNT(*) AS tp_count FROM `comment` WHERE  `commentArticleid` = 10 LIMIT 1 [ RunTime:0.000501s ]
[ sql ] [ SQL ] UPDATE `article`  SET `articleComments`=0  WHERE  `articleId` = 10 [ RunTime:0.017636s ]
[ sql ] [ SQL ] SELECT COUNT(*) AS tp_count FROM `comment` WHERE  `commentArticleid` = 12 LIMIT 1 [ RunTime:0.000358s ]
[ sql ] [ SQL ] UPDATE `article`  SET `articleComments`=0  WHERE  `articleId` = 12 [ RunTime:0.023942s ]
[ sql ] [ SQL ] SELECT COUNT(*) AS tp_count FROM `comment` WHERE  `commentArticleid` = 19 LIMIT 1 [ RunTime:0.000526s ]
[ sql ] [ SQL ] UPDATE `article`  SET `articleComments`=0  WHERE  `articleId` = 19 [ RunTime:0.081324s ]
[ sql ] [ SQL ] SELECT COUNT(*) AS tp_count FROM `comment` WHERE  `commentArticleid` = 20 LIMIT 1 [ RunTime:0.000677s ]
[ sql ] [ SQL ] UPDATE `article`  SET `articleComments`=0  WHERE  `articleId` = 20 [ RunTime:0.037073s ]
[ sql ] [ SQL ] SELECT COUNT(*) AS tp_count FROM `comment` WHERE  `commentArticleid` = 22 LIMIT 1 [ RunTime:0.000514s ]
[ sql ] [ SQL ] UPDATE `article`  SET `articleComments`=0  WHERE  `articleId` = 22 [ RunTime:0.053642s ]
[ sql ] [ SQL ] SELECT COUNT(*) AS tp_count FROM `comment` WHERE  `commentArticleid` = 7 LIMIT 1 [ RunTime:0.000732s ]
[ sql ] [ SQL ] UPDATE `article`  SET `articleComments`=0  WHERE  `articleId` = 7 [ RunTime:0.018076s ]
[ sql ] [ SQL ] SELECT COUNT(*) AS tp_count FROM `comment` WHERE  `commentArticleid` = 8 LIMIT 1 [ RunTime:0.001257s ]
[ sql ] [ SQL ] UPDATE `article`  SET `articleComments`=0  WHERE  `articleId` = 8 [ RunTime:0.022062s ]
[ sql ] [ SQL ] SELECT COUNT(*) AS tp_count FROM `comment` WHERE  `commentArticleid` = 13 LIMIT 1 [ RunTime:0.000509s ]
[ sql ] [ SQL ] UPDATE `article`  SET `articleComments`=0  WHERE  `articleId` = 13 [ RunTime:0.018201s ]
[ sql ] [ SQL ] SELECT COUNT(*) AS tp_count FROM `comment` WHERE  `commentArticleid` = 21 LIMIT 1 [ RunTime:0.000861s ]
[ sql ] [ SQL ] UPDATE `article`  SET `articleComments`=0  WHERE  `articleId` = 21 [ RunTime:0.022498s ]
[ sql ] [ SQL ] SELECT COUNT(*) AS tp_count FROM `comment` WHERE  `commentArticleid` = 1 LIMIT 1 [ RunTime:0.000654s ]
[ sql ] [ SQL ] UPDATE `article`  SET `articleComments`=0  WHERE  `articleId` = 1 [ RunTime:0.017567s ]
[ sql ] [ SQL ] SELECT COUNT(*) AS tp_count FROM `comment` WHERE  `commentArticleid` = 2 LIMIT 1 [ RunTime:0.000542s ]
[ sql ] [ SQL ] UPDATE `article`  SET `articleComments`=0  WHERE  `articleId` = 2 [ RunTime:0.022828s ]
[ sql ] [ SQL ] SELECT COUNT(*) AS tp_count FROM `comment` WHERE  `commentArticleid` = 3 LIMIT 1 [ RunTime:0.000469s ]
[ sql ] [ SQL ] UPDATE `article`  SET `articleComments`=0  WHERE  `articleId` = 3 [ RunTime:0.018035s ]
[ sql ] [ SQL ] SELECT COUNT(*) AS tp_count FROM `comment` WHERE  `commentArticleid` = 4 LIMIT 1 [ RunTime:0.000460s ]
[ sql ] [ SQL ] UPDATE `article`  SET `articleComments`=0  WHERE  `articleId` = 4 [ RunTime:0.023601s ]
[ sql ] [ SQL ] SELECT COUNT(*) AS tp_count FROM `comment` WHERE  `commentArticleid` = 5 LIMIT 1 [ RunTime:0.000484s ]
[ sql ] [ SQL ] UPDATE `article`  SET `articleComments`=0  WHERE  `articleId` = 5 [ RunTime:0.050834s ]
[ sql ] [ SQL ] SELECT COUNT(*) AS tp_count FROM `comment` WHERE  `commentArticleid` = 6 LIMIT 1 [ RunTime:0.000553s ]
[ sql ] [ SQL ] UPDATE `article`  SET `articleComments`=0  WHERE  `articleId` = 6 [ RunTime:0.023440s ]
[ sql ] [ SQL ] SELECT COUNT(*) AS tp_count FROM `comment` WHERE  `commentArticleid` = 11 LIMIT 1 [ RunTime:0.000684s ]
[ sql ] [ SQL ] UPDATE `article`  SET `articleComments`=0  WHERE  `articleId` = 11 [ RunTime:0.017566s ]
[ sql ] [ SQL ] SELECT COUNT(*) AS tp_count FROM `comment` WHERE  `commentArticleid` = 14 LIMIT 1 [ RunTime:0.000554s ]
[ sql ] [ SQL ] UPDATE `article`  SET `articleComments`=0  WHERE  `articleId` = 14 [ RunTime:0.023601s ]
[ sql ] [ SQL ] SELECT COUNT(*) AS tp_count FROM `comment` WHERE  `commentArticleid` = 15 LIMIT 1 [ RunTime:0.000600s ]
[ sql ] [ SQL ] UPDATE `article`  SET `articleComments`=0  WHERE  `articleId` = 15 [ RunTime:0.017976s ]
[ sql ] [ SQL ] SELECT COUNT(*) AS tp_count FROM `comment` WHERE  `commentArticleid` = 16 LIMIT 1 [ RunTime:0.000647s ]
[ sql ] [ SQL ] UPDATE `article`  SET `articleComments`=0  WHERE  `articleId` = 16 [ RunTime:0.023032s ]
[ sql ] [ SQL ] SELECT COUNT(*) AS tp_count FROM `comment` WHERE  `commentArticleid` = 17 LIMIT 1 [ RunTime:0.000478s ]
[ sql ] [ SQL ] UPDATE `article`  SET `articleComments`=0  WHERE  `articleId` = 17 [ RunTime:0.017983s ]
[ sql ] [ SQL ] SELECT COUNT(*) AS tp_count FROM `comment` WHERE  `commentArticleid` = 18 LIMIT 1 [ RunTime:0.000447s ]
[ sql ] [ SQL ] UPDATE `article`  SET `articleComments`=0  WHERE  `articleId` = 18 [ RunTime:0.023942s ]
[ sql ] [ SQL ] SELECT COUNT(*) AS tp_count FROM `comment` WHERE  `commentArticleid` = 24 LIMIT 1 [ RunTime:0.000577s ]
[ sql ] [ SQL ] UPDATE `article`  SET `articleComments`=0  WHERE  `articleId` = 24 [ RunTime:0.017153s ]
[ sql ] [ SQL ] SELECT COUNT(*) AS tp_count FROM `comment` WHERE  `commentArticleid` = 46 LIMIT 1 [ RunTime:0.000701s ]
[ sql ] [ SQL ] UPDATE `article`  SET `articleComments`=0  WHERE  `articleId` = 46 [ RunTime:0.022394s ]
[ sql ] [ SQL ] SELECT COUNT(*) AS tp_count FROM `comment` WHERE  `commentArticleid` = 29 LIMIT 1 [ RunTime:0.000502s ]
[ sql ] [ SQL ] UPDATE `article`  SET `articleComments`=0  WHERE  `articleId` = 29 [ RunTime:0.018142s ]
[ sql ] [ SQL ] SELECT COUNT(*) AS tp_count FROM `comment` WHERE  `commentArticleid` = 34 LIMIT 1 [ RunTime:0.000643s ]
[ sql ] [ SQL ] UPDATE `article`  SET `articleComments`=0  WHERE  `articleId` = 34 [ RunTime:0.023055s ]
[ sql ] [ SQL ] SELECT COUNT(*) AS tp_count FROM `comment` WHERE  `commentArticleid` = 37 LIMIT 1 [ RunTime:0.000533s ]
[ sql ] [ SQL ] UPDATE `article`  SET `articleComments`=0  WHERE  `articleId` = 37 [ RunTime:0.018067s ]
[ sql ] [ SQL ] SELECT COUNT(*) AS tp_count FROM `comment` WHERE  `commentArticleid` = 23 LIMIT 1 [ RunTime:0.000543s ]
[ sql ] [ SQL ] UPDATE `article`  SET `articleComments`=0  WHERE  `articleId` = 23 [ RunTime:0.023378s ]
[ sql ] [ SQL ] SELECT COUNT(*) AS tp_count FROM `comment` WHERE  `commentArticleid` = 26 LIMIT 1 [ RunTime:0.000516s ]
[ sql ] [ SQL ] UPDATE `article`  SET `articleComments`=0  WHERE  `articleId` = 26 [ RunTime:0.017871s ]
[ sql ] [ SQL ] SELECT COUNT(*) AS tp_count FROM `comment` WHERE  `commentArticleid` = 45 LIMIT 1 [ RunTime:0.000321s ]
[ sql ] [ SQL ] UPDATE `article`  SET `articleComments`=0  WHERE  `articleId` = 45 [ RunTime:0.023543s ]
[ sql ] [ SQL ] SELECT COUNT(*) AS tp_count FROM `comment` WHERE  `commentArticleid` = 43 LIMIT 1 [ RunTime:0.000491s ]
[ sql ] [ SQL ] UPDATE `article`  SET `articleComments`=0  WHERE  `articleId` = 43 [ RunTime:0.017909s ]
[ sql ] [ SQL ] SHOW COLUMNS FROM `message` [ RunTime:0.001810s ]
[ sql ] [ SQL ] SELECT * FROM `message` WHERE  `status` = 1 ORDER BY addTime desc [ RunTime:0.000526s ]
