---------------------------------------------------------------
[ 2018-12-09T09:48:58+08:00 ] 127.0.0.1 127.0.0.1 GET /kk-blog/board
[ info ] localhost/kk-blog/board [运行时间：3.261601s][吞吐率：0.31req/s] [内存消耗：2,610.30kb] [文件加载：59]
[ info ] [ LANG ] G:\PHPWAMP_IN2\wwwroot\kk-blog\thinkphp\lang\zh-cn.php
[ info ] [ ROUTE ] array (
  'type' => 'module',
  'module' => 'index/board/board/index',
)
[ info ] [ HEADER ] array (
  'cookie' => 'PHPSESSID=holp4eicidjhqncj93g2dbg2o1; ip_127001=127.0.0.1',
  'accept-language' => 'zh-CN,zh;q=0.9',
  'accept-encoding' => 'gzip, deflate, br',
  'referer' => 'http://localhost/kk-blog/index',
  'accept' => 'text/html,application/xhtml+xml,application/xml;q=0.9,image/webp,image/apng,*/*;q=0.8',
  'user-agent' => 'Mozilla/5.0 (Windows NT 10.0; Win64; x64) AppleWebKit/537.36 (KHTML, like Gecko) Chrome/70.0.3538.110 Safari/537.36',
  'upgrade-insecure-requests' => '1',
  'connection' => 'keep-alive',
  'host' => 'localhost',
  'content-length' => '',
  'content-type' => '',
)
[ info ] [ PARAM ] array (
)
[ info ] [ DB ] INIT mysql
[ info ] [ CACHE ] INIT redis
[ info ] [ RUN ] app\index\controller\Board->board[ G:\PHPWAMP_IN2\wwwroot\kk-blog\application\index\controller\Board.php ]
[ info ] [ SESSION ] INIT array (
  'id' => '',
  'var_session_id' => '',
  'prefix' => 'think',
  'type' => '',
  'auto_start' => true,
)
[ info ] [ VIEW ] G:\PHPWAMP_IN2\wwwroot\kk-blog/application/index\view\board\board.html [ array (
  0 => 'conf',
  1 => 'cate',
  2 => 'rightCate',
  3 => 'about',
  4 => 'comtArticles',
  5 => 'heatArticles',
  6 => 'praiseArticles',
  7 => 'message',
) ]
[ info ] [ LOG ] INIT File
[ sql ] [ DB ] CONNECT:[ UseTime:0.185570s ] mysql:host=localhost;dbname=kk-blog;charset=utf8
[ sql ] [ SQL ] SHOW COLUMNS FROM `cate` [ RunTime:0.324250s ]
[ sql ] [ SQL ] SELECT `cateName`,`cateId` FROM `cate` WHERE  `cateArticles` <> 0 [ RunTime:0.032505s ]
[ sql ] [ SQL ] SHOW COLUMNS FROM `comment` [ RunTime:0.093102s ]
[ sql ] [ SQL ] SELECT COUNT(*) AS tp_count FROM `comment` WHERE  `commentArticleid` = 32 LIMIT 1 [ RunTime:0.080118s ]
[ sql ] [ SQL ] SHOW COLUMNS FROM `article` [ RunTime:0.007706s ]
[ sql ] [ SQL ] UPDATE `article`  SET `articleComments`=0  WHERE  `articleId` = 32 [ RunTime:0.110565s ]
[ sql ] [ SQL ] SELECT COUNT(*) AS tp_count FROM `comment` WHERE  `commentArticleid` = 38 LIMIT 1 [ RunTime:0.000605s ]
[ sql ] [ SQL ] UPDATE `article`  SET `articleComments`=0  WHERE  `articleId` = 38 [ RunTime:0.068114s ]
[ sql ] [ SQL ] SELECT COUNT(*) AS tp_count FROM `comment` WHERE  `commentArticleid` = 47 LIMIT 1 [ RunTime:0.000528s ]
[ sql ] [ SQL ] UPDATE `article`  SET `articleComments`=0  WHERE  `articleId` = 47 [ RunTime:0.039334s ]
[ sql ] [ SQL ] SELECT COUNT(*) AS tp_count FROM `comment` WHERE  `commentArticleid` = 25 LIMIT 1 [ RunTime:0.000920s ]
[ sql ] [ SQL ] UPDATE `article`  SET `articleComments`=0  WHERE  `articleId` = 25 [ RunTime:0.019216s ]
[ sql ] [ SQL ] SELECT COUNT(*) AS tp_count FROM `comment` WHERE  `commentArticleid` = 30 LIMIT 1 [ RunTime:0.000480s ]
[ sql ] [ SQL ] UPDATE `article`  SET `articleComments`=0  WHERE  `articleId` = 30 [ RunTime:0.021756s ]
[ sql ] [ SQL ] SELECT COUNT(*) AS tp_count FROM `comment` WHERE  `commentArticleid` = 31 LIMIT 1 [ RunTime:0.000626s ]
[ sql ] [ SQL ] UPDATE `article`  SET `articleComments`=0  WHERE  `articleId` = 31 [ RunTime:0.030636s ]
[ sql ] [ SQL ] SELECT COUNT(*) AS tp_count FROM `comment` WHERE  `commentArticleid` = 33 LIMIT 1 [ RunTime:0.000548s ]
[ sql ] [ SQL ] UPDATE `article`  SET `articleComments`=0  WHERE  `articleId` = 33 [ RunTime:0.017923s ]
[ sql ] [ SQL ] SELECT COUNT(*) AS tp_count FROM `comment` WHERE  `commentArticleid` = 35 LIMIT 1 [ RunTime:0.000477s ]
[ sql ] [ SQL ] UPDATE `article`  SET `articleComments`=0  WHERE  `articleId` = 35 [ RunTime:0.023535s ]
[ sql ] [ SQL ] SELECT COUNT(*) AS tp_count FROM `comment` WHERE  `commentArticleid` = 36 LIMIT 1 [ RunTime:0.000411s ]
[ sql ] [ SQL ] UPDATE `article`  SET `articleComments`=0  WHERE  `articleId` = 36 [ RunTime:0.057847s ]
[ sql ] [ SQL ] SELECT COUNT(*) AS tp_count FROM `comment` WHERE  `commentArticleid` = 39 LIMIT 1 [ RunTime:0.000581s ]
[ sql ] [ SQL ] UPDATE `article`  SET `articleComments`=0  WHERE  `articleId` = 39 [ RunTime:0.072340s ]
[ sql ] [ SQL ] SELECT COUNT(*) AS tp_count FROM `comment` WHERE  `commentArticleid` = 40 LIMIT 1 [ RunTime:0.000506s ]
[ sql ] [ SQL ] UPDATE `article`  SET `articleComments`=0  WHERE  `articleId` = 40 [ RunTime:0.031829s ]
[ sql ] [ SQL ] SELECT COUNT(*) AS tp_count FROM `comment` WHERE  `commentArticleid` = 41 LIMIT 1 [ RunTime:0.000501s ]
[ sql ] [ SQL ] UPDATE `article`  SET `articleComments`=0  WHERE  `articleId` = 41 [ RunTime:0.018195s ]
[ sql ] [ SQL ] SELECT COUNT(*) AS tp_count FROM `comment` WHERE  `commentArticleid` = 42 LIMIT 1 [ RunTime:0.000505s ]
[ sql ] [ SQL ] UPDATE `article`  SET `articleComments`=0  WHERE  `articleId` = 42 [ RunTime:0.023011s ]
[ sql ] [ SQL ] SELECT COUNT(*) AS tp_count FROM `comment` WHERE  `commentArticleid` = 44 LIMIT 1 [ RunTime:0.000490s ]
[ sql ] [ SQL ] UPDATE `article`  SET `articleComments`=0  WHERE  `articleId` = 44 [ RunTime:0.018210s ]
[ sql ] [ SQL ] SELECT COUNT(*) AS tp_count FROM `comment` WHERE  `commentArticleid` = 9 LIMIT 1 [ RunTime:0.000746s ]
[ sql ] [ SQL ] UPDATE `article`  SET `articleComments`=0  WHERE  `articleId` = 9 [ RunTime:0.022772s ]
[ sql ] [ SQL ] SELECT COUNT(*) AS tp_count FROM `comment` WHERE  `commentArticleid` = 10 LIMIT 1 [ RunTime:0.000815s ]
[ sql ] [ SQL ] UPDATE `article`  SET `articleComments`=0  WHERE  `articleId` = 10 [ RunTime:0.017374s ]
[ sql ] [ SQL ] SELECT COUNT(*) AS tp_count FROM `comment` WHERE  `commentArticleid` = 12 LIMIT 1 [ RunTime:0.000526s ]
[ sql ] [ SQL ] UPDATE `article`  SET `articleComments`=0  WHERE  `articleId` = 12 [ RunTime:0.023511s ]
[ sql ] [ SQL ] SELECT COUNT(*) AS tp_count FROM `comment` WHERE  `commentArticleid` = 19 LIMIT 1 [ RunTime:0.000505s ]
[ sql ] [ SQL ] UPDATE `article`  SET `articleComments`=0  WHERE  `articleId` = 19 [ RunTime:0.018045s ]
[ sql ] [ SQL ] SELECT COUNT(*) AS tp_count FROM `comment` WHERE  `commentArticleid` = 20 LIMIT 1 [ RunTime:0.000499s ]
[ sql ] [ SQL ] UPDATE `article`  SET `articleComments`=0  WHERE  `articleId` = 20 [ RunTime:0.023625s ]
[ sql ] [ SQL ] SELECT COUNT(*) AS tp_count FROM `comment` WHERE  `commentArticleid` = 22 LIMIT 1 [ RunTime:0.000623s ]
[ sql ] [ SQL ] UPDATE `article`  SET `articleComments`=0  WHERE  `articleId` = 22 [ RunTime:0.017632s ]
[ sql ] [ SQL ] SELECT COUNT(*) AS tp_count FROM `comment` WHERE  `commentArticleid` = 7 LIMIT 1 [ RunTime:0.000531s ]
[ sql ] [ SQL ] UPDATE `article`  SET `articleComments`=0  WHERE  `articleId` = 7 [ RunTime:0.023419s ]
[ sql ] [ SQL ] SELECT COUNT(*) AS tp_count FROM `comment` WHERE  `commentArticleid` = 8 LIMIT 1 [ RunTime:0.000867s ]
[ sql ] [ SQL ] UPDATE `article`  SET `articleComments`=0  WHERE  `articleId` = 8 [ RunTime:0.017441s ]
[ sql ] [ SQL ] SELECT COUNT(*) AS tp_count FROM `comment` WHERE  `commentArticleid` = 13 LIMIT 1 [ RunTime:0.000766s ]
[ sql ] [ SQL ] UPDATE `article`  SET `articleComments`=0  WHERE  `articleId` = 13 [ RunTime:0.022471s ]
[ sql ] [ SQL ] SELECT COUNT(*) AS tp_count FROM `comment` WHERE  `commentArticleid` = 21 LIMIT 1 [ RunTime:0.000479s ]
[ sql ] [ SQL ] UPDATE `article`  SET `articleComments`=0  WHERE  `articleId` = 21 [ RunTime:0.018113s ]
[ sql ] [ SQL ] SELECT COUNT(*) AS tp_count FROM `comment` WHERE  `commentArticleid` = 1 LIMIT 1 [ RunTime:0.000246s ]
[ sql ] [ SQL ] UPDATE `article`  SET `articleComments`=0  WHERE  `articleId` = 1 [ RunTime:0.024096s ]
[ sql ] [ SQL ] SELECT COUNT(*) AS tp_count FROM `comment` WHERE  `commentArticleid` = 2 LIMIT 1 [ RunTime:0.000587s ]
[ sql ] [ SQL ] UPDATE `article`  SET `articleComments`=0  WHERE  `articleId` = 2 [ RunTime:0.018088s ]
[ sql ] [ SQL ] SELECT COUNT(*) AS tp_count FROM `comment` WHERE  `commentArticleid` = 3 LIMIT 1 [ RunTime:0.000704s ]
[ sql ] [ SQL ] UPDATE `article`  SET `articleComments`=0  WHERE  `articleId` = 3 [ RunTime:0.022652s ]
[ sql ] [ SQL ] SELECT COUNT(*) AS tp_count FROM `comment` WHERE  `commentArticleid` = 4 LIMIT 1 [ RunTime:0.000515s ]
[ sql ] [ SQL ] UPDATE `article`  SET `articleComments`=0  WHERE  `articleId` = 4 [ RunTime:0.018064s ]
[ sql ] [ SQL ] SELECT COUNT(*) AS tp_count FROM `comment` WHERE  `commentArticleid` = 5 LIMIT 1 [ RunTime:0.000510s ]
[ sql ] [ SQL ] UPDATE `article`  SET `articleComments`=0  WHERE  `articleId` = 5 [ RunTime:0.023714s ]
[ sql ] [ SQL ] SELECT COUNT(*) AS tp_count FROM `comment` WHERE  `commentArticleid` = 6 LIMIT 1 [ RunTime:0.000486s ]
[ sql ] [ SQL ] UPDATE `article`  SET `articleComments`=0  WHERE  `articleId` = 6 [ RunTime:0.017957s ]
[ sql ] [ SQL ] SELECT COUNT(*) AS tp_count FROM `comment` WHERE  `commentArticleid` = 11 LIMIT 1 [ RunTime:0.000597s ]
[ sql ] [ SQL ] UPDATE `article`  SET `articleComments`=0  WHERE  `articleId` = 11 [ RunTime:0.023338s ]
[ sql ] [ SQL ] SELECT COUNT(*) AS tp_count FROM `comment` WHERE  `commentArticleid` = 14 LIMIT 1 [ RunTime:0.000509s ]
[ sql ] [ SQL ] UPDATE `article`  SET `articleComments`=0  WHERE  `articleId` = 14 [ RunTime:0.018342s ]
[ sql ] [ SQL ] SELECT COUNT(*) AS tp_count FROM `comment` WHERE  `commentArticleid` = 15 LIMIT 1 [ RunTime:0.000548s ]
[ sql ] [ SQL ] UPDATE `article`  SET `articleComments`=0  WHERE  `articleId` = 15 [ RunTime:0.022970s ]
[ sql ] [ SQL ] SELECT COUNT(*) AS tp_count FROM `comment` WHERE  `commentArticleid` = 16 LIMIT 1 [ RunTime:0.000507s ]
[ sql ] [ SQL ] UPDATE `article`  SET `articleComments`=0  WHERE  `articleId` = 16 [ RunTime:0.018343s ]
[ sql ] [ SQL ] SELECT COUNT(*) AS tp_count FROM `comment` WHERE  `commentArticleid` = 17 LIMIT 1 [ RunTime:0.000764s ]
[ sql ] [ SQL ] UPDATE `article`  SET `articleComments`=0  WHERE  `articleId` = 17 [ RunTime:0.022423s ]
[ sql ] [ SQL ] SELECT COUNT(*) AS tp_count FROM `comment` WHERE  `commentArticleid` = 18 LIMIT 1 [ RunTime:0.000535s ]
[ sql ] [ SQL ] UPDATE `article`  SET `articleComments`=0  WHERE  `articleId` = 18 [ RunTime:0.018170s ]
[ sql ] [ SQL ] SELECT COUNT(*) AS tp_count FROM `comment` WHERE  `commentArticleid` = 24 LIMIT 1 [ RunTime:0.000470s ]
[ sql ] [ SQL ] UPDATE `article`  SET `articleComments`=0  WHERE  `articleId` = 24 [ RunTime:0.023212s ]
[ sql ] [ SQL ] SELECT COUNT(*) AS tp_count FROM `comment` WHERE  `commentArticleid` = 46 LIMIT 1 [ RunTime:0.000604s ]
[ sql ] [ SQL ] UPDATE `article`  SET `articleComments`=0  WHERE  `articleId` = 46 [ RunTime:0.018142s ]
[ sql ] [ SQL ] SELECT COUNT(*) AS tp_count FROM `comment` WHERE  `commentArticleid` = 29 LIMIT 1 [ RunTime:0.000457s ]
[ sql ] [ SQL ] UPDATE `article`  SET `articleComments`=0  WHERE  `articleId` = 29 [ RunTime:0.023510s ]
[ sql ] [ SQL ] SELECT COUNT(*) AS tp_count FROM `comment` WHERE  `commentArticleid` = 34 LIMIT 1 [ RunTime:0.000501s ]
[ sql ] [ SQL ] UPDATE `article`  SET `articleComments`=0  WHERE  `articleId` = 34 [ RunTime:0.018007s ]
[ sql ] [ SQL ] SELECT COUNT(*) AS tp_count FROM `comment` WHERE  `commentArticleid` = 37 LIMIT 1 [ RunTime:0.000563s ]
[ sql ] [ SQL ] UPDATE `article`  SET `articleComments`=0  WHERE  `articleId` = 37 [ RunTime:0.023511s ]
[ sql ] [ SQL ] SELECT COUNT(*) AS tp_count FROM `comment` WHERE  `commentArticleid` = 23 LIMIT 1 [ RunTime:0.000594s ]
[ sql ] [ SQL ] UPDATE `article`  SET `articleComments`=0  WHERE  `articleId` = 23 [ RunTime:0.050959s ]
[ sql ] [ SQL ] SELECT COUNT(*) AS tp_count FROM `comment` WHERE  `commentArticleid` = 26 LIMIT 1 [ RunTime:0.000546s ]
[ sql ] [ SQL ] UPDATE `article`  SET `articleComments`=0  WHERE  `articleId` = 26 [ RunTime:0.039888s ]
[ sql ] [ SQL ] SELECT COUNT(*) AS tp_count FROM `comment` WHERE  `commentArticleid` = 45 LIMIT 1 [ RunTime:0.000510s ]
[ sql ] [ SQL ] UPDATE `article`  SET `articleComments`=0  WHERE  `articleId` = 45 [ RunTime:0.026198s ]
[ sql ] [ SQL ] SELECT COUNT(*) AS tp_count FROM `comment` WHERE  `commentArticleid` = 43 LIMIT 1 [ RunTime:0.000820s ]
[ sql ] [ SQL ] UPDATE `article`  SET `articleComments`=0  WHERE  `articleId` = 43 [ RunTime:0.017619s ]
[ sql ] [ SQL ] SHOW COLUMNS FROM `message` [ RunTime:0.007868s ]
[ sql ] [ SQL ] SELECT * FROM `message` WHERE  `status` = 1 ORDER BY addTime desc [ RunTime:0.000623s ]
