---------------------------------------------------------------
[ 2018-12-12T00:04:35+08:00 ] 127.0.0.1 127.0.0.1 GET /kk-blog/babysbreath/index/index.html
[ info ] localhost/kk-blog/babysbreath/index/index.html [运行时间：0.022930s][吞吐率：43.61req/s] [内存消耗：1,424.44kb] [文件加载：48]
[ info ] [ LANG ] G:\PHPWAMP_IN2\wwwroot\kk-blog\thinkphp\lang\zh-cn.php
[ info ] [ ROUTE ] array (
  'type' => 'module',
  'module' => 
  array (
    0 => 'babysbreath',
    1 => 'index',
    2 => 'index',
  ),
)
[ info ] [ HEADER ] array (
  'cookie' => 'ip_127001=127.0.0.1; PHPSESSID=8co1tmb0iqqj727dhp72srat55',
  'accept-language' => 'zh-CN,zh;q=0.9',
  'accept-encoding' => 'gzip, deflate, br',
  'referer' => 'http://localhost/kk-blog/babysbreath/login/login.html',
  'accept' => 'text/html,application/xhtml+xml,application/xml;q=0.9,image/webp,image/apng,*/*;q=0.8',
  'user-agent' => 'Mozilla/5.0 (Windows NT 10.0; Win64; x64) AppleWebKit/537.36 (KHTML, like Gecko) Chrome/70.0.3538.110 Safari/537.36',
  'upgrade-insecure-requests' => '1',
  'cache-control' => 'max-age=0',
  'connection' => 'keep-alive',
  'host' => 'localhost',
  'content-length' => '',
  'content-type' => '',
)
[ info ] [ PARAM ] array (
)
[ info ] [ SESSION ] INIT array (
  'id' => '',
  'var_session_id' => '',
  'prefix' => 'think',
  'type' => '',
  'auto_start' => true,
)
[ info ] [ VIEW ] G:\PHPWAMP_IN2\wwwroot\kk-blog\thinkphp\tpl\dispatch_jump.tpl [ array (
  0 => 'code',
  1 => 'msg',
  2 => 'data',
  3 => 'url',
  4 => 'wait',
) ]
[ info ] [ LOG ] INIT File
---------------------------------------------------------------
[ 2018-12-12T00:04:38+08:00 ] 127.0.0.1 127.0.0.1 GET /kk-blog/babysbreath/login/login.html
[ info ] localhost/kk-blog/babysbreath/login/login.html [运行时间：0.037229s][吞吐率：26.86req/s] [内存消耗：2,027.16kb] [文件加载：54]
[ info ] [ LANG ] G:\PHPWAMP_IN2\wwwroot\kk-blog\thinkphp\lang\zh-cn.php
[ info ] [ ROUTE ] array (
  'type' => 'module',
  'module' => 
  array (
    0 => 'babysbreath',
    1 => 'login',
    2 => 'login',
  ),
)
[ info ] [ HEADER ] array (
  'cookie' => 'ip_127001=127.0.0.1; PHPSESSID=8co1tmb0iqqj727dhp72srat55',
  'accept-language' => 'zh-CN,zh;q=0.9',
  'accept-encoding' => 'gzip, deflate, br',
  'referer' => 'http://localhost/kk-blog/babysbreath/index/index.html',
  'accept' => 'text/html,application/xhtml+xml,application/xml;q=0.9,image/webp,image/apng,*/*;q=0.8',
  'user-agent' => 'Mozilla/5.0 (Windows NT 10.0; Win64; x64) AppleWebKit/537.36 (KHTML, like Gecko) Chrome/70.0.3538.110 Safari/537.36',
  'upgrade-insecure-requests' => '1',
  'connection' => 'keep-alive',
  'host' => 'localhost',
  'content-length' => '',
  'content-type' => '',
)
[ info ] [ PARAM ] array (
)
[ info ] [ DB ] INIT mysql
[ info ] [ RUN ] app\babysbreath\controller\Login->login[ G:\PHPWAMP_IN2\wwwroot\kk-blog\application\babysbreath\controller\Login.php ]
[ info ] [ VIEW ] G:\PHPWAMP_IN2\wwwroot\kk-blog/application/babysbreath\view\login\login.html [ array (
  0 => 'conf',
) ]
[ info ] [ LOG ] INIT File
[ sql ] [ DB ] CONNECT:[ UseTime:0.002950s ] mysql:host=localhost;dbname=kk-blog;charset=utf8
[ sql ] [ SQL ] SHOW COLUMNS FROM `config` [ RunTime:0.003049s ]
[ sql ] [ SQL ] SELECT * FROM `config` WHERE  `id` = 1 LIMIT 1 [ RunTime:0.000542s ]
---------------------------------------------------------------
[ 2018-12-12T00:04:41+08:00 ] 127.0.0.1 127.0.0.1 GET /kk-blog/babysbreath/index/index.html
[ info ] localhost/kk-blog/babysbreath/index/index.html [运行时间：0.031140s][吞吐率：32.11req/s] [内存消耗：1,424.28kb] [文件加载：48]
[ info ] [ LANG ] G:\PHPWAMP_IN2\wwwroot\kk-blog\thinkphp\lang\zh-cn.php
[ info ] [ ROUTE ] array (
  'type' => 'module',
  'module' => 
  array (
    0 => 'babysbreath',
    1 => 'index',
    2 => 'index',
  ),
)
[ info ] [ HEADER ] array (
  'cookie' => 'ip_127001=127.0.0.1; PHPSESSID=8co1tmb0iqqj727dhp72srat55',
  'accept-language' => 'zh-CN,zh;q=0.9',
  'accept-encoding' => 'gzip, deflate, br',
  'referer' => 'http://localhost/kk-blog/babysbreath/login/login.html',
  'accept' => 'text/html,application/xhtml+xml,application/xml;q=0.9,image/webp,image/apng,*/*;q=0.8',
  'user-agent' => 'Mozilla/5.0 (Windows NT 10.0; Win64; x64) AppleWebKit/537.36 (KHTML, like Gecko) Chrome/70.0.3538.110 Safari/537.36',
  'upgrade-insecure-requests' => '1',
  'connection' => 'keep-alive',
  'host' => 'localhost',
  'content-length' => '',
  'content-type' => '',
)
[ info ] [ PARAM ] array (
)
[ info ] [ SESSION ] INIT array (
  'id' => '',
  'var_session_id' => '',
  'prefix' => 'think',
  'type' => '',
  'auto_start' => true,
)
[ info ] [ VIEW ] G:\PHPWAMP_IN2\wwwroot\kk-blog\thinkphp\tpl\dispatch_jump.tpl [ array (
  0 => 'code',
  1 => 'msg',
  2 => 'data',
  3 => 'url',
  4 => 'wait',
) ]
[ info ] [ LOG ] INIT File
---------------------------------------------------------------
[ 2018-12-12T00:04:42+08:00 ] 127.0.0.1 127.0.0.1 GET /kk-blog/babysbreath/article/article.html
[ info ] localhost/kk-blog/babysbreath/article/article.html [运行时间：0.019954s][吞吐率：50.12req/s] [内存消耗：1,435.47kb] [文件加载：48]
[ info ] [ LANG ] G:\PHPWAMP_IN2\wwwroot\kk-blog\thinkphp\lang\zh-cn.php
[ info ] [ ROUTE ] array (
  'type' => 'module',
  'module' => 
  array (
    0 => 'babysbreath',
    1 => 'article',
    2 => 'article',
  ),
)
[ info ] [ HEADER ] array (
  'cookie' => 'ip_127001=127.0.0.1; PHPSESSID=8co1tmb0iqqj727dhp72srat55',
  'accept-language' => 'zh-CN,zh;q=0.9',
  'accept-encoding' => 'gzip, deflate, br',
  'referer' => 'http://localhost/kk-blog/babysbreath/index/index.html',
  'accept' => 'text/html,application/xhtml+xml,application/xml;q=0.9,image/webp,image/apng,*/*;q=0.8',
  'user-agent' => 'Mozilla/5.0 (Windows NT 10.0; Win64; x64) AppleWebKit/537.36 (KHTML, like Gecko) Chrome/70.0.3538.110 Safari/537.36',
  'upgrade-insecure-requests' => '1',
  'connection' => 'keep-alive',
  'host' => 'localhost',
  'content-length' => '',
  'content-type' => '',
)
[ info ] [ PARAM ] array (
)
[ info ] [ SESSION ] INIT array (
  'id' => '',
  'var_session_id' => '',
  'prefix' => 'think',
  'type' => '',
  'auto_start' => true,
)
[ info ] [ VIEW ] G:\PHPWAMP_IN2\wwwroot\kk-blog\thinkphp\tpl\dispatch_jump.tpl [ array (
  0 => 'code',
  1 => 'msg',
  2 => 'data',
  3 => 'url',
  4 => 'wait',
) ]
[ info ] [ LOG ] INIT File
---------------------------------------------------------------
[ 2018-12-12T00:04:43+08:00 ] 127.0.0.1 127.0.0.1 GET /kk-blog/babysbreath/index/index.html
[ info ] localhost/kk-blog/babysbreath/index/index.html [运行时间：0.026547s][吞吐率：37.67req/s] [内存消耗：1,424.28kb] [文件加载：48]
[ info ] [ LANG ] G:\PHPWAMP_IN2\wwwroot\kk-blog\thinkphp\lang\zh-cn.php
[ info ] [ ROUTE ] array (
  'type' => 'module',
  'module' => 
  array (
    0 => 'babysbreath',
    1 => 'index',
    2 => 'index',
  ),
)
[ info ] [ HEADER ] array (
  'cookie' => 'ip_127001=127.0.0.1; PHPSESSID=8co1tmb0iqqj727dhp72srat55',
  'accept-language' => 'zh-CN,zh;q=0.9',
  'accept-encoding' => 'gzip, deflate, br',
  'referer' => 'http://localhost/kk-blog/babysbreath/login/login.html',
  'accept' => 'text/html,application/xhtml+xml,application/xml;q=0.9,image/webp,image/apng,*/*;q=0.8',
  'user-agent' => 'Mozilla/5.0 (Windows NT 10.0; Win64; x64) AppleWebKit/537.36 (KHTML, like Gecko) Chrome/70.0.3538.110 Safari/537.36',
  'upgrade-insecure-requests' => '1',
  'connection' => 'keep-alive',
  'host' => 'localhost',
  'content-length' => '',
  'content-type' => '',
)
[ info ] [ PARAM ] array (
)
[ info ] [ SESSION ] INIT array (
  'id' => '',
  'var_session_id' => '',
  'prefix' => 'think',
  'type' => '',
  'auto_start' => true,
)
[ info ] [ VIEW ] G:\PHPWAMP_IN2\wwwroot\kk-blog\thinkphp\tpl\dispatch_jump.tpl [ array (
  0 => 'code',
  1 => 'msg',
  2 => 'data',
  3 => 'url',
  4 => 'wait',
) ]
[ info ] [ LOG ] INIT File
---------------------------------------------------------------
[ 2018-12-12T00:04:45+08:00 ] 127.0.0.1 127.0.0.1 GET /kk-blog/babysbreath/login/login.html
[ info ] localhost/kk-blog/babysbreath/login/login.html [运行时间：0.039609s][吞吐率：25.25req/s] [内存消耗：2,027.38kb] [文件加载：54]
[ info ] [ LANG ] G:\PHPWAMP_IN2\wwwroot\kk-blog\thinkphp\lang\zh-cn.php
[ info ] [ ROUTE ] array (
  'type' => 'module',
  'module' => 
  array (
    0 => 'babysbreath',
    1 => 'login',
    2 => 'login',
  ),
)
[ info ] [ HEADER ] array (
  'cookie' => 'ip_127001=127.0.0.1; PHPSESSID=8co1tmb0iqqj727dhp72srat55',
  'accept-language' => 'zh-CN,zh;q=0.9',
  'accept-encoding' => 'gzip, deflate, br',
  'referer' => 'http://localhost/kk-blog/babysbreath/cate/category.html',
  'accept' => 'text/html,application/xhtml+xml,application/xml;q=0.9,image/webp,image/apng,*/*;q=0.8',
  'user-agent' => 'Mozilla/5.0 (Windows NT 10.0; Win64; x64) AppleWebKit/537.36 (KHTML, like Gecko) Chrome/70.0.3538.110 Safari/537.36',
  'upgrade-insecure-requests' => '1',
  'cache-control' => 'max-age=0',
  'connection' => 'keep-alive',
  'host' => 'localhost',
  'content-length' => '',
  'content-type' => '',
)
[ info ] [ PARAM ] array (
)
[ info ] [ DB ] INIT mysql
[ info ] [ RUN ] app\babysbreath\controller\Login->login[ G:\PHPWAMP_IN2\wwwroot\kk-blog\application\babysbreath\controller\Login.php ]
[ info ] [ VIEW ] G:\PHPWAMP_IN2\wwwroot\kk-blog/application/babysbreath\view\login\login.html [ array (
  0 => 'conf',
) ]
[ info ] [ LOG ] INIT File
[ sql ] [ DB ] CONNECT:[ UseTime:0.011728s ] mysql:host=localhost;dbname=kk-blog;charset=utf8
[ sql ] [ SQL ] SHOW COLUMNS FROM `config` [ RunTime:0.002112s ]
[ sql ] [ SQL ] SELECT * FROM `config` WHERE  `id` = 1 LIMIT 1 [ RunTime:0.000597s ]
---------------------------------------------------------------
[ 2018-12-12T00:04:46+08:00 ] 127.0.0.1 127.0.0.1 GET /kk-blog/babysbreath/login/login.html
[ info ] localhost/kk-blog/babysbreath/login/login.html [运行时间：0.038954s][吞吐率：25.67req/s] [内存消耗：2,027.38kb] [文件加载：54]
[ info ] [ LANG ] G:\PHPWAMP_IN2\wwwroot\kk-blog\thinkphp\lang\zh-cn.php
[ info ] [ ROUTE ] array (
  'type' => 'module',
  'module' => 
  array (
    0 => 'babysbreath',
    1 => 'login',
    2 => 'login',
  ),
)
[ info ] [ HEADER ] array (
  'cookie' => 'ip_127001=127.0.0.1; PHPSESSID=8co1tmb0iqqj727dhp72srat55',
  'accept-language' => 'zh-CN,zh;q=0.9',
  'accept-encoding' => 'gzip, deflate, br',
  'referer' => 'http://localhost/kk-blog/babysbreath/cate/category.html',
  'accept' => 'text/html,application/xhtml+xml,application/xml;q=0.9,image/webp,image/apng,*/*;q=0.8',
  'user-agent' => 'Mozilla/5.0 (Windows NT 10.0; Win64; x64) AppleWebKit/537.36 (KHTML, like Gecko) Chrome/70.0.3538.110 Safari/537.36',
  'upgrade-insecure-requests' => '1',
  'cache-control' => 'max-age=0',
  'connection' => 'keep-alive',
  'host' => 'localhost',
  'content-length' => '',
  'content-type' => '',
)
[ info ] [ PARAM ] array (
)
[ info ] [ DB ] INIT mysql
[ info ] [ RUN ] app\babysbreath\controller\Login->login[ G:\PHPWAMP_IN2\wwwroot\kk-blog\application\babysbreath\controller\Login.php ]
[ info ] [ VIEW ] G:\PHPWAMP_IN2\wwwroot\kk-blog/application/babysbreath\view\login\login.html [ array (
  0 => 'conf',
) ]
[ info ] [ LOG ] INIT File
[ sql ] [ DB ] CONNECT:[ UseTime:0.003659s ] mysql:host=localhost;dbname=kk-blog;charset=utf8
[ sql ] [ SQL ] SHOW COLUMNS FROM `config` [ RunTime:0.001495s ]
[ sql ] [ SQL ] SELECT * FROM `config` WHERE  `id` = 1 LIMIT 1 [ RunTime:0.000618s ]
---------------------------------------------------------------
[ 2018-12-12T00:04:47+08:00 ] 127.0.0.1 127.0.0.1 GET /kk-blog/babysbreath/login/login.html
[ info ] localhost/kk-blog/babysbreath/login/login.html [运行时间：0.045410s][吞吐率：22.02req/s] [内存消耗：2,027.38kb] [文件加载：54]
[ info ] [ LANG ] G:\PHPWAMP_IN2\wwwroot\kk-blog\thinkphp\lang\zh-cn.php
[ info ] [ ROUTE ] array (
  'type' => 'module',
  'module' => 
  array (
    0 => 'babysbreath',
    1 => 'login',
    2 => 'login',
  ),
)
[ info ] [ HEADER ] array (
  'cookie' => 'ip_127001=127.0.0.1; PHPSESSID=8co1tmb0iqqj727dhp72srat55',
  'accept-language' => 'zh-CN,zh;q=0.9',
  'accept-encoding' => 'gzip, deflate, br',
  'referer' => 'http://localhost/kk-blog/babysbreath/cate/category.html',
  'accept' => 'text/html,application/xhtml+xml,application/xml;q=0.9,image/webp,image/apng,*/*;q=0.8',
  'user-agent' => 'Mozilla/5.0 (Windows NT 10.0; Win64; x64) AppleWebKit/537.36 (KHTML, like Gecko) Chrome/70.0.3538.110 Safari/537.36',
  'upgrade-insecure-requests' => '1',
  'cache-control' => 'max-age=0',
  'connection' => 'keep-alive',
  'host' => 'localhost',
  'content-length' => '',
  'content-type' => '',
)
[ info ] [ PARAM ] array (
)
[ info ] [ DB ] INIT mysql
[ info ] [ RUN ] app\babysbreath\controller\Login->login[ G:\PHPWAMP_IN2\wwwroot\kk-blog\application\babysbreath\controller\Login.php ]
[ info ] [ VIEW ] G:\PHPWAMP_IN2\wwwroot\kk-blog/application/babysbreath\view\login\login.html [ array (
  0 => 'conf',
) ]
[ info ] [ LOG ] INIT File
[ sql ] [ DB ] CONNECT:[ UseTime:0.012203s ] mysql:host=localhost;dbname=kk-blog;charset=utf8
[ sql ] [ SQL ] SHOW COLUMNS FROM `config` [ RunTime:0.001266s ]
[ sql ] [ SQL ] SELECT * FROM `config` WHERE  `id` = 1 LIMIT 1 [ RunTime:0.000706s ]
---------------------------------------------------------------
[ 2018-12-12T17:45:47+08:00 ] 127.0.0.1 127.0.0.1 GET /kk-blog/index/index/flow?page=1
[ info ] localhost/kk-blog/index/index/flow?page=1 [运行时间：11.849693s][吞吐率：0.08req/s] [内存消耗：2,238.48kb] [文件加载：57]
[ info ] [ LANG ] G:\PHPWAMP_IN2\wwwroot\kk-blog\thinkphp\lang\zh-cn.php
[ info ] [ ROUTE ] array (
  'type' => 'module',
  'module' => 
  array (
    0 => 'index',
    1 => 'index',
    2 => 'flow',
  ),
)
[ info ] [ HEADER ] array (
  'cookie' => 'ip_127001=127.0.0.1; PHPSESSID=8co1tmb0iqqj727dhp72srat55',
  'accept-language' => 'zh-CN,zh;q=0.9',
  'accept-encoding' => 'gzip, deflate, br',
  'referer' => 'http://localhost/kk-blog/',
  'accept' => '*/*',
  'user-agent' => 'Mozilla/5.0 (Windows NT 10.0; Win64; x64) AppleWebKit/537.36 (KHTML, like Gecko) Chrome/70.0.3538.110 Safari/537.36',
  'connection' => 'keep-alive',
  'host' => 'localhost',
  'content-length' => '',
  'content-type' => '',
)
[ info ] [ PARAM ] array (
  'page' => '1',
)
[ info ] [ DB ] INIT mysql
[ info ] [ LOG ] INIT File
[ error ] [0]Redis server went away[G:\PHPWAMP_IN2\wwwroot\kk-blog\thinkphp\library\think\cache\driver\Redis.php:70]
