---------------------------------------------------------------
[ 2018-12-30T09:52:24+08:00 ] ::1 ::1 GET /kkstars/
[ info ] localhost:8080/kkstars/ [运行时间：0.575743s][吞吐率：1.74req/s] [内存消耗：451.45kb] [文件加载：49]
[ info ] [ LANG ] D:\PHPWAMP_IN3\wwwroot\kkstars\thinkphp\lang\zh-cn.php
[ info ] [ ROUTE ] array (
  'type' => 'module',
  'module' => 
  array (
    0 => '',
    1 => NULL,
    2 => NULL,
  ),
)
[ info ] [ HEADER ] array (
  'host' => 'localhost:8080',
  'connection' => 'keep-alive',
  'upgrade-insecure-requests' => '1',
  'user-agent' => 'Mozilla/5.0 (Windows NT 10.0; Win64; x64) AppleWebKit/537.36 (KHTML, like Gecko) Chrome/71.0.3578.98 Safari/537.36',
  'accept' => 'text/html,application/xhtml+xml,application/xml;q=0.9,image/webp,image/apng,*/*;q=0.8',
  'accept-encoding' => 'gzip, deflate, br',
  'accept-language' => 'zh-CN,zh;q=0.9',
)
[ info ] [ PARAM ] array (
)
[ info ] [ LOG ] INIT File
[ error ] [0]不支持: redis[D:\PHPWAMP_IN3\wwwroot\kkstars\thinkphp\library\think\cache\driver\Redis.php:44]
---------------------------------------------------------------
[ 2018-12-30T09:52:35+08:00 ] ::1 ::1 GET /kkstars/
[ info ] localhost:8080/kkstars/ [运行时间：0.020874s][吞吐率：47.91req/s] [内存消耗：435.03kb] [文件加载：49]
[ info ] [ LANG ] D:\PHPWAMP_IN3\wwwroot\kkstars\thinkphp\lang\zh-cn.php
[ info ] [ ROUTE ] array (
  'type' => 'module',
  'module' => 
  array (
    0 => '',
    1 => NULL,
    2 => NULL,
  ),
)
[ info ] [ HEADER ] array (
  'host' => 'localhost:8080',
  'connection' => 'keep-alive',
  'cache-control' => 'max-age=0',
  'upgrade-insecure-requests' => '1',
  'user-agent' => 'Mozilla/5.0 (Windows NT 10.0; Win64; x64) AppleWebKit/537.36 (KHTML, like Gecko) Chrome/71.0.3578.98 Safari/537.36',
  'accept' => 'text/html,application/xhtml+xml,application/xml;q=0.9,image/webp,image/apng,*/*;q=0.8',
  'accept-encoding' => 'gzip, deflate, br',
  'accept-language' => 'zh-CN,zh;q=0.9',
)
[ info ] [ PARAM ] array (
)
[ info ] [ LOG ] INIT File
[ error ] [0]不支持: redis[D:\PHPWAMP_IN3\wwwroot\kkstars\thinkphp\library\think\cache\driver\Redis.php:44]
---------------------------------------------------------------
[ 2018-12-30T09:52:51+08:00 ] ::1 ::1 GET /kkstars/
[ info ] localhost:8080/kkstars/ [运行时间：0.013757s][吞吐率：72.69req/s] [内存消耗：435.23kb] [文件加载：49]
[ info ] [ LANG ] D:\PHPWAMP_IN3\wwwroot\kkstars\thinkphp\lang\zh-cn.php
[ info ] [ ROUTE ] array (
  'type' => 'module',
  'module' => 
  array (
    0 => '',
    1 => NULL,
    2 => NULL,
  ),
)
[ info ] [ HEADER ] array (
  'host' => 'localhost:8080',
  'connection' => 'keep-alive',
  'pragma' => 'no-cache',
  'cache-control' => 'no-cache',
  'upgrade-insecure-requests' => '1',
  'user-agent' => 'Mozilla/5.0 (Windows NT 10.0; Win64; x64) AppleWebKit/537.36 (KHTML, like Gecko) Chrome/71.0.3578.98 Safari/537.36',
  'accept' => 'text/html,application/xhtml+xml,application/xml;q=0.9,image/webp,image/apng,*/*;q=0.8',
  'accept-encoding' => 'gzip, deflate, br',
  'accept-language' => 'zh-CN,zh;q=0.9',
)
[ info ] [ PARAM ] array (
)
[ info ] [ LOG ] INIT File
[ error ] [0]不支持: redis[D:\PHPWAMP_IN3\wwwroot\kkstars\thinkphp\library\think\cache\driver\Redis.php:44]
---------------------------------------------------------------
[ 2018-12-30T09:53:08+08:00 ] ::1 ::1 GET /kkstars/
[ info ] localhost:8080/kkstars/ [运行时间：0.114237s][吞吐率：8.75req/s] [内存消耗：451.58kb] [文件加载：49]
[ info ] [ LANG ] D:\PHPWAMP_IN3\wwwroot\kkstars\thinkphp\lang\zh-cn.php
[ info ] [ ROUTE ] array (
  'type' => 'module',
  'module' => 
  array (
    0 => '',
    1 => NULL,
    2 => NULL,
  ),
)
[ info ] [ HEADER ] array (
  'host' => 'localhost:8080',
  'connection' => 'keep-alive',
  'cache-control' => 'max-age=0',
  'upgrade-insecure-requests' => '1',
  'user-agent' => 'Mozilla/5.0 (Windows NT 10.0; Win64; x64) AppleWebKit/537.36 (KHTML, like Gecko) Chrome/71.0.3578.98 Safari/537.36',
  'accept' => 'text/html,application/xhtml+xml,application/xml;q=0.9,image/webp,image/apng,*/*;q=0.8',
  'accept-encoding' => 'gzip, deflate, br',
  'accept-language' => 'zh-CN,zh;q=0.9',
)
[ info ] [ PARAM ] array (
)
[ info ] [ LOG ] INIT File
[ error ] [0]不支持: redis[D:\PHPWAMP_IN3\wwwroot\kkstars\thinkphp\library\think\cache\driver\Redis.php:44]
---------------------------------------------------------------
[ 2018-12-30T10:08:37+08:00 ] ::1 ::1 GET /kkstars/
[ info ] localhost:8080/kkstars/ [运行时间：0.019003s][吞吐率：52.62req/s] [内存消耗：435.03kb] [文件加载：49]
[ info ] [ LANG ] D:\PHPWAMP_IN3\wwwroot\kkstars\thinkphp\lang\zh-cn.php
[ info ] [ ROUTE ] array (
  'type' => 'module',
  'module' => 
  array (
    0 => '',
    1 => NULL,
    2 => NULL,
  ),
)
[ info ] [ HEADER ] array (
  'host' => 'localhost:8080',
  'connection' => 'keep-alive',
  'cache-control' => 'max-age=0',
  'upgrade-insecure-requests' => '1',
  'user-agent' => 'Mozilla/5.0 (Windows NT 10.0; Win64; x64) AppleWebKit/537.36 (KHTML, like Gecko) Chrome/71.0.3578.98 Safari/537.36',
  'accept' => 'text/html,application/xhtml+xml,application/xml;q=0.9,image/webp,image/apng,*/*;q=0.8',
  'accept-encoding' => 'gzip, deflate, br',
  'accept-language' => 'zh-CN,zh;q=0.9',
)
[ info ] [ PARAM ] array (
)
[ info ] [ LOG ] INIT File
[ error ] [0]不支持: redis[D:\PHPWAMP_IN3\wwwroot\kkstars\thinkphp\library\think\cache\driver\Redis.php:44]
---------------------------------------------------------------
[ 2018-12-30T10:10:10+08:00 ] ::1 ::1 GET /kkstars/
[ info ] localhost:8080/kkstars/ [运行时间：0.015677s][吞吐率：63.79req/s] [内存消耗：435.03kb] [文件加载：49]
[ info ] [ LANG ] D:\PHPWAMP_IN3\wwwroot\kkstars\thinkphp\lang\zh-cn.php
[ info ] [ ROUTE ] array (
  'type' => 'module',
  'module' => 
  array (
    0 => '',
    1 => NULL,
    2 => NULL,
  ),
)
[ info ] [ HEADER ] array (
  'host' => 'localhost:8080',
  'connection' => 'keep-alive',
  'cache-control' => 'max-age=0',
  'upgrade-insecure-requests' => '1',
  'user-agent' => 'Mozilla/5.0 (Windows NT 10.0; Win64; x64) AppleWebKit/537.36 (KHTML, like Gecko) Chrome/71.0.3578.98 Safari/537.36',
  'accept' => 'text/html,application/xhtml+xml,application/xml;q=0.9,image/webp,image/apng,*/*;q=0.8',
  'accept-encoding' => 'gzip, deflate, br',
  'accept-language' => 'zh-CN,zh;q=0.9',
)
[ info ] [ PARAM ] array (
)
[ info ] [ LOG ] INIT File
[ error ] [0]不支持: redis[D:\PHPWAMP_IN3\wwwroot\kkstars\thinkphp\library\think\cache\driver\Redis.php:44]
---------------------------------------------------------------
[ 2018-12-30T10:10:13+08:00 ] ::1 ::1 GET /kkstars/
[ info ] localhost:8080/kkstars/ [运行时间：0.013661s][吞吐率：73.20req/s] [内存消耗：435.03kb] [文件加载：49]
[ info ] [ LANG ] D:\PHPWAMP_IN3\wwwroot\kkstars\thinkphp\lang\zh-cn.php
[ info ] [ ROUTE ] array (
  'type' => 'module',
  'module' => 
  array (
    0 => '',
    1 => NULL,
    2 => NULL,
  ),
)
[ info ] [ HEADER ] array (
  'host' => 'localhost:8080',
  'connection' => 'keep-alive',
  'cache-control' => 'max-age=0',
  'upgrade-insecure-requests' => '1',
  'user-agent' => 'Mozilla/5.0 (Windows NT 10.0; Win64; x64) AppleWebKit/537.36 (KHTML, like Gecko) Chrome/71.0.3578.98 Safari/537.36',
  'accept' => 'text/html,application/xhtml+xml,application/xml;q=0.9,image/webp,image/apng,*/*;q=0.8',
  'accept-encoding' => 'gzip, deflate, br',
  'accept-language' => 'zh-CN,zh;q=0.9',
)
[ info ] [ PARAM ] array (
)
[ info ] [ LOG ] INIT File
[ error ] [0]不支持: redis[D:\PHPWAMP_IN3\wwwroot\kkstars\thinkphp\library\think\cache\driver\Redis.php:44]
---------------------------------------------------------------
[ 2018-12-30T10:10:20+08:00 ] ::1 ::1 GET /kkstars/
[ info ] localhost:8080/kkstars/ [运行时间：0.009564s][吞吐率：104.56req/s] [内存消耗：435.03kb] [文件加载：49]
[ info ] [ LANG ] D:\PHPWAMP_IN3\wwwroot\kkstars\thinkphp\lang\zh-cn.php
[ info ] [ ROUTE ] array (
  'type' => 'module',
  'module' => 
  array (
    0 => '',
    1 => NULL,
    2 => NULL,
  ),
)
[ info ] [ HEADER ] array (
  'host' => 'localhost:8080',
  'connection' => 'keep-alive',
  'cache-control' => 'max-age=0',
  'upgrade-insecure-requests' => '1',
  'user-agent' => 'Mozilla/5.0 (Windows NT 10.0; Win64; x64) AppleWebKit/537.36 (KHTML, like Gecko) Chrome/71.0.3578.98 Safari/537.36',
  'accept' => 'text/html,application/xhtml+xml,application/xml;q=0.9,image/webp,image/apng,*/*;q=0.8',
  'accept-encoding' => 'gzip, deflate, br',
  'accept-language' => 'zh-CN,zh;q=0.9',
)
[ info ] [ PARAM ] array (
)
[ info ] [ LOG ] INIT File
[ error ] [0]不支持: redis[D:\PHPWAMP_IN3\wwwroot\kkstars\thinkphp\library\think\cache\driver\Redis.php:44]
---------------------------------------------------------------
[ 2018-12-30T10:25:15+08:00 ] ::1 ::1 GET /kkstars/
[ info ] localhost:8080/kkstars/ [运行时间：0.021697s][吞吐率：46.09req/s] [内存消耗：435.03kb] [文件加载：49]
[ info ] [ LANG ] D:\PHPWAMP_IN3\wwwroot\kkstars\thinkphp\lang\zh-cn.php
[ info ] [ ROUTE ] array (
  'type' => 'module',
  'module' => 
  array (
    0 => '',
    1 => NULL,
    2 => NULL,
  ),
)
[ info ] [ HEADER ] array (
  'host' => 'localhost:8080',
  'connection' => 'keep-alive',
  'cache-control' => 'max-age=0',
  'upgrade-insecure-requests' => '1',
  'user-agent' => 'Mozilla/5.0 (Windows NT 10.0; Win64; x64) AppleWebKit/537.36 (KHTML, like Gecko) Chrome/71.0.3578.98 Safari/537.36',
  'accept' => 'text/html,application/xhtml+xml,application/xml;q=0.9,image/webp,image/apng,*/*;q=0.8',
  'accept-encoding' => 'gzip, deflate, br',
  'accept-language' => 'zh-CN,zh;q=0.9',
)
[ info ] [ PARAM ] array (
)
[ info ] [ LOG ] INIT File
[ error ] [0]不支持: redis[D:\PHPWAMP_IN3\wwwroot\kkstars\thinkphp\library\think\cache\driver\Redis.php:44]
