---------------------------------------------------------------
[ 2018-06-22T00:09:05+08:00 ] ::1 ::1 GET /kk-blog/index
[ info ] localhost/kk-blog/index [运行时间：0.083621s][吞吐率：11.96req/s] [内存消耗：633.55kb] [文件加载：58]
[ info ] [ LANG ] G:\PHPWAMP_IN2\wwwroot\kk-blog\thinkphp\lang\zh-cn.php
[ info ] [ ROUTE ] array (
  'type' => 'module',
  'module' => 
  array (
    0 => 'index',
    1 => NULL,
    2 => NULL,
  ),
)
[ info ] [ HEADER ] array (
  'host' => 'localhost',
  'connection' => 'keep-alive',
  'cache-control' => 'max-age=0',
  'upgrade-insecure-requests' => '1',
  'user-agent' => 'Mozilla/5.0 (Windows NT 10.0; Win64; x64) AppleWebKit/537.36 (KHTML, like Gecko) Chrome/66.0.3359.117 Safari/537.36',
  'accept' => 'text/html,application/xhtml+xml,application/xml;q=0.9,image/webp,image/apng,*/*;q=0.8',
  'referer' => 'http://localhost/kk-blog/about',
  'accept-encoding' => 'gzip, deflate, br',
  'accept-language' => 'zh-CN,zh;q=0.9',
  'cookie' => 'PHPSESSID=msquhslrhbkqf65c8kd2nievh1; ip_0000=0.0.0.0',
)
[ info ] [ PARAM ] array (
)
[ info ] [ DB ] INIT mysql
[ info ] [ LOG ] INIT File
[ sql ] [ DB ] CONNECT:[ UseTime:0.012557s ] mysql:host=localhost;dbname=kk-blog;charset=utf8
[ sql ] [ SQL ] SHOW COLUMNS FROM `config` [ RunTime:0.054001s ]
[ sql ] [ SQL ] SELECT * FROM `config` LIMIT 1 [ RunTime:0.000766s ]
[ error ] [1]Call to undefined method think\cache\driver\Redis::RedisGet()[G:\PHPWAMP_IN2\wwwroot\kk-blog\application\index\controller\Comm.php:21]
---------------------------------------------------------------
[ 2018-06-22T09:13:16+08:00 ] ::1 ::1 GET /kk-blog/babysbreath/article/article.html
[ info ] localhost/kk-blog/babysbreath/article/article.html [运行时间：2.703375s][吞吐率：0.37req/s] [内存消耗：595.36kb] [文件加载：57]
[ info ] [ LANG ] G:\PHPWAMP_IN2\wwwroot\kk-blog\thinkphp\lang\zh-cn.php
[ info ] [ ROUTE ] array (
  'type' => 'module',
  'module' => 
  array (
    0 => 'babysbreath',
    1 => 'article',
    2 => 'article',
  ),
)
[ info ] [ HEADER ] array (
  'host' => 'localhost',
  'connection' => 'keep-alive',
  'upgrade-insecure-requests' => '1',
  'user-agent' => 'Mozilla/5.0 (Windows NT 10.0; Win64; x64) AppleWebKit/537.36 (KHTML, like Gecko) Chrome/66.0.3359.117 Safari/537.36',
  'accept' => 'text/html,application/xhtml+xml,application/xml;q=0.9,image/webp,image/apng,*/*;q=0.8',
  'referer' => 'http://localhost/kk-blog/babysbreath/update/updatearticle/articleId/46.html',
  'accept-encoding' => 'gzip, deflate, br',
  'accept-language' => 'zh-CN,zh;q=0.9',
  'cookie' => 'PHPSESSID=msquhslrhbkqf65c8kd2nievh1; ip_0000=0.0.0.0',
)
[ info ] [ PARAM ] array (
)
[ info ] [ SESSION ] INIT array (
  'id' => '',
  'var_session_id' => '',
  'prefix' => 'think',
  'type' => '',
  'auto_start' => true,
)
[ info ] [ DB ] INIT mysql
[ info ] [ CACHE ] INIT redis
[ info ] [ LOG ] INIT File
[ sql ] [ DB ] CONNECT:[ UseTime:0.010743s ] mysql:host=localhost;dbname=kk-blog;charset=utf8
[ sql ] [ SQL ] SHOW COLUMNS FROM `article` [ RunTime:0.001814s ]
[ sql ] [ SQL ] SELECT `articleId` FROM `article` [ RunTime:0.000982s ]
[ sql ] [ SQL ] SHOW COLUMNS FROM `comment` [ RunTime:0.001366s ]
[ sql ] [ SQL ] SELECT COUNT(*) AS tp_count FROM `comment` WHERE  `commentArticleid` = 32 LIMIT 1 [ RunTime:0.000815s ]
[ error ] [0]Redis server went away[G:\PHPWAMP_IN2\wwwroot\kk-blog\thinkphp\library\think\cache\driver\Redis.php:82]
---------------------------------------------------------------
[ 2018-06-22T09:17:20+08:00 ] ::1 ::1 GET /kk-blog/index
[ info ] localhost/kk-blog/index [运行时间：1.097226s][吞吐率：0.91req/s] [内存消耗：589.98kb] [文件加载：56]
[ info ] [ LANG ] G:\PHPWAMP_IN2\wwwroot\kk-blog\thinkphp\lang\zh-cn.php
[ info ] [ ROUTE ] array (
  'type' => 'module',
  'module' => 
  array (
    0 => 'index',
    1 => NULL,
    2 => NULL,
  ),
)
[ info ] [ HEADER ] array (
  'host' => 'localhost',
  'connection' => 'keep-alive',
  'cache-control' => 'max-age=0',
  'upgrade-insecure-requests' => '1',
  'user-agent' => 'Mozilla/5.0 (Windows NT 10.0; Win64; x64) AppleWebKit/537.36 (KHTML, like Gecko) Chrome/66.0.3359.117 Safari/537.36',
  'accept' => 'text/html,application/xhtml+xml,application/xml;q=0.9,image/webp,image/apng,*/*;q=0.8',
  'referer' => 'http://localhost/kk-blog/about',
  'accept-encoding' => 'gzip, deflate, br',
  'accept-language' => 'zh-CN,zh;q=0.9',
  'cookie' => 'PHPSESSID=msquhslrhbkqf65c8kd2nievh1; ip_0000=0.0.0.0',
)
[ info ] [ PARAM ] array (
)
[ info ] [ DB ] INIT mysql
[ info ] [ LOG ] INIT File
[ sql ] [ DB ] CONNECT:[ UseTime:0.010594s ] mysql:host=localhost;dbname=kk-blog;charset=utf8
[ sql ] [ SQL ] SHOW COLUMNS FROM `config` [ RunTime:0.001686s ]
[ sql ] [ SQL ] SELECT * FROM `config` LIMIT 1 [ RunTime:0.000725s ]
[ error ] [0]Redis server went away[G:\PHPWAMP_IN2\wwwroot\kk-blog\thinkphp\library\think\cache\driver\Redis.php:70]
---------------------------------------------------------------
[ 2018-06-22T09:17:35+08:00 ] ::1 ::1 GET /kk-blog/index
[ info ] localhost/kk-blog/index [运行时间：3.012093s][吞吐率：0.33req/s] [内存消耗：1,244.74kb] [文件加载：57]
[ info ] [ LANG ] G:\PHPWAMP_IN2\wwwroot\kk-blog\thinkphp\lang\zh-cn.php
[ info ] [ ROUTE ] array (
  'type' => 'module',
  'module' => 
  array (
    0 => 'index',
    1 => NULL,
    2 => NULL,
  ),
)
[ info ] [ HEADER ] array (
  'host' => 'localhost',
  'connection' => 'keep-alive',
  'cache-control' => 'max-age=0',
  'upgrade-insecure-requests' => '1',
  'user-agent' => 'Mozilla/5.0 (Windows NT 10.0; Win64; x64) AppleWebKit/537.36 (KHTML, like Gecko) Chrome/66.0.3359.117 Safari/537.36',
  'accept' => 'text/html,application/xhtml+xml,application/xml;q=0.9,image/webp,image/apng,*/*;q=0.8',
  'referer' => 'http://localhost/kk-blog/about',
  'accept-encoding' => 'gzip, deflate, br',
  'accept-language' => 'zh-CN,zh;q=0.9',
  'cookie' => 'PHPSESSID=msquhslrhbkqf65c8kd2nievh1; ip_0000=0.0.0.0',
)
[ info ] [ PARAM ] array (
)
[ info ] [ DB ] INIT mysql
[ info ] [ CACHE ] INIT redis
[ info ] [ RUN ] app\index\controller\Index->index[ G:\PHPWAMP_IN2\wwwroot\kk-blog\application\index\controller\Index.php ]
[ info ] [ VIEW ] G:\PHPWAMP_IN2\wwwroot\kk-blog/application/index\view\index\index.html [ array (
  0 => 'conf',
  1 => 'cate',
  2 => 'about',
  3 => 'comtArticles',
  4 => 'heatArticles',
  5 => 'praiseArticles',
  6 => 'tags',
  7 => 'slider',
) ]
[ info ] [ LOG ] INIT File
[ sql ] [ DB ] CONNECT:[ UseTime:0.010659s ] mysql:host=localhost;dbname=kk-blog;charset=utf8
[ sql ] [ SQL ] SHOW COLUMNS FROM `config` [ RunTime:0.001288s ]
[ sql ] [ SQL ] SELECT * FROM `config` LIMIT 1 [ RunTime:0.000550s ]
[ sql ] [ SQL ] SHOW COLUMNS FROM `aboutme` [ RunTime:0.029412s ]
[ sql ] [ SQL ] SELECT * FROM `aboutme` WHERE  `meId` = 1 LIMIT 1 [ RunTime:0.000716s ]
[ sql ] [ SQL ] SHOW COLUMNS FROM `article` [ RunTime:0.000945s ]
[ sql ] [ SQL ] SELECT * FROM `article` WHERE  `status` = 1 ORDER BY articleComments desc LIMIT 5 [ RunTime:0.002033s ]
[ sql ] [ SQL ] SELECT * FROM `article` WHERE  `status` = 1 ORDER BY articleClicks desc LIMIT 5 [ RunTime:0.000619s ]
[ sql ] [ SQL ] SELECT * FROM `article` WHERE  `status` = 1 ORDER BY praiseClicks desc LIMIT 5 [ RunTime:0.000591s ]
[ sql ] [ SQL ] SELECT DISTINCT  `articleTags` FROM `article` WHERE  `status` = 1 [ RunTime:0.000726s ]
[ sql ] [ SQL ] SHOW COLUMNS FROM `cate` [ RunTime:0.000804s ]
[ sql ] [ SQL ] SELECT * FROM `cate` WHERE  `status` = 1 [ RunTime:0.000552s ]
[ sql ] [ SQL ] SELECT `articleId` FROM `article` [ RunTime:0.000386s ]
[ sql ] [ SQL ] SHOW COLUMNS FROM `comment` [ RunTime:0.001625s ]
[ sql ] [ SQL ] SELECT COUNT(*) AS tp_count FROM `comment` WHERE  `commentArticleid` = 32 LIMIT 1 [ RunTime:0.000433s ]
[ sql ] [ SQL ] UPDATE `article`  SET `articleComments`=0  WHERE  `articleId` = 32 [ RunTime:0.051415s ]
[ sql ] [ SQL ] SELECT COUNT(*) AS tp_count FROM `comment` WHERE  `commentArticleid` = 38 LIMIT 1 [ RunTime:0.001046s ]
[ sql ] [ SQL ] UPDATE `article`  SET `articleComments`=0  WHERE  `articleId` = 38 [ RunTime:0.071717s ]
[ sql ] [ SQL ] SELECT COUNT(*) AS tp_count FROM `comment` WHERE  `commentArticleid` = 47 LIMIT 1 [ RunTime:0.001018s ]
[ sql ] [ SQL ] UPDATE `article`  SET `articleComments`=0  WHERE  `articleId` = 47 [ RunTime:0.051145s ]
[ sql ] [ SQL ] SELECT COUNT(*) AS tp_count FROM `comment` WHERE  `commentArticleid` = 25 LIMIT 1 [ RunTime:0.001032s ]
[ sql ] [ SQL ] UPDATE `article`  SET `articleComments`=0  WHERE  `articleId` = 25 [ RunTime:0.118637s ]
[ sql ] [ SQL ] SELECT COUNT(*) AS tp_count FROM `comment` WHERE  `commentArticleid` = 30 LIMIT 1 [ RunTime:0.000505s ]
[ sql ] [ SQL ] UPDATE `article`  SET `articleComments`=0  WHERE  `articleId` = 30 [ RunTime:0.064229s ]
[ sql ] [ SQL ] SELECT COUNT(*) AS tp_count FROM `comment` WHERE  `commentArticleid` = 31 LIMIT 1 [ RunTime:0.000732s ]
[ sql ] [ SQL ] UPDATE `article`  SET `articleComments`=0  WHERE  `articleId` = 31 [ RunTime:0.110974s ]
[ sql ] [ SQL ] SELECT COUNT(*) AS tp_count FROM `comment` WHERE  `commentArticleid` = 33 LIMIT 1 [ RunTime:0.000482s ]
[ sql ] [ SQL ] UPDATE `article`  SET `articleComments`=0  WHERE  `articleId` = 33 [ RunTime:0.058626s ]
[ sql ] [ SQL ] SELECT COUNT(*) AS tp_count FROM `comment` WHERE  `commentArticleid` = 35 LIMIT 1 [ RunTime:0.000521s ]
[ sql ] [ SQL ] UPDATE `article`  SET `articleComments`=0  WHERE  `articleId` = 35 [ RunTime:0.082269s ]
[ sql ] [ SQL ] SELECT COUNT(*) AS tp_count FROM `comment` WHERE  `commentArticleid` = 36 LIMIT 1 [ RunTime:0.000454s ]
[ sql ] [ SQL ] UPDATE `article`  SET `articleComments`=0  WHERE  `articleId` = 36 [ RunTime:0.054480s ]
[ sql ] [ SQL ] SELECT COUNT(*) AS tp_count FROM `comment` WHERE  `commentArticleid` = 39 LIMIT 1 [ RunTime:0.000469s ]
[ sql ] [ SQL ] UPDATE `article`  SET `articleComments`=0  WHERE  `articleId` = 39 [ RunTime:0.075666s ]
[ sql ] [ SQL ] SELECT COUNT(*) AS tp_count FROM `comment` WHERE  `commentArticleid` = 40 LIMIT 1 [ RunTime:0.000592s ]
[ sql ] [ SQL ] UPDATE `article`  SET `articleComments`=0  WHERE  `articleId` = 40 [ RunTime:0.053677s ]
[ sql ] [ SQL ] SELECT COUNT(*) AS tp_count FROM `comment` WHERE  `commentArticleid` = 41 LIMIT 1 [ RunTime:0.000794s ]
[ sql ] [ SQL ] UPDATE `article`  SET `articleComments`=0  WHERE  `articleId` = 41 [ RunTime:0.074582s ]
[ sql ] [ SQL ] SELECT COUNT(*) AS tp_count FROM `comment` WHERE  `commentArticleid` = 42 LIMIT 1 [ RunTime:0.000626s ]
[ sql ] [ SQL ] UPDATE `article`  SET `articleComments`=0  WHERE  `articleId` = 42 [ RunTime:0.053616s ]
[ sql ] [ SQL ] SELECT COUNT(*) AS tp_count FROM `comment` WHERE  `commentArticleid` = 44 LIMIT 1 [ RunTime:0.000855s ]
[ sql ] [ SQL ] UPDATE `article`  SET `articleComments`=0  WHERE  `articleId` = 44 [ RunTime:0.041182s ]
[ sql ] [ SQL ] SELECT COUNT(*) AS tp_count FROM `comment` WHERE  `commentArticleid` = 9 LIMIT 1 [ RunTime:0.001068s ]
[ sql ] [ SQL ] UPDATE `article`  SET `articleComments`=0  WHERE  `articleId` = 9 [ RunTime:0.060692s ]
[ sql ] [ SQL ] SELECT COUNT(*) AS tp_count FROM `comment` WHERE  `commentArticleid` = 10 LIMIT 1 [ RunTime:0.000472s ]
[ sql ] [ SQL ] UPDATE `article`  SET `articleComments`=0  WHERE  `articleId` = 10 [ RunTime:0.055872s ]
[ sql ] [ SQL ] SELECT COUNT(*) AS tp_count FROM `comment` WHERE  `commentArticleid` = 12 LIMIT 1 [ RunTime:0.000542s ]
[ sql ] [ SQL ] UPDATE `article`  SET `articleComments`=0  WHERE  `articleId` = 12 [ RunTime:0.051905s ]
[ sql ] [ SQL ] SELECT COUNT(*) AS tp_count FROM `comment` WHERE  `commentArticleid` = 19 LIMIT 1 [ RunTime:0.000614s ]
[ sql ] [ SQL ] UPDATE `article`  SET `articleComments`=0  WHERE  `articleId` = 19 [ RunTime:0.066490s ]
[ sql ] [ SQL ] SELECT COUNT(*) AS tp_count FROM `comment` WHERE  `commentArticleid` = 20 LIMIT 1 [ RunTime:0.000723s ]
[ sql ] [ SQL ] UPDATE `article`  SET `articleComments`=0  WHERE  `articleId` = 20 [ RunTime:0.062176s ]
[ sql ] [ SQL ] SELECT COUNT(*) AS tp_count FROM `comment` WHERE  `commentArticleid` = 22 LIMIT 1 [ RunTime:0.000802s ]
[ sql ] [ SQL ] UPDATE `article`  SET `articleComments`=0  WHERE  `articleId` = 22 [ RunTime:0.031930s ]
[ sql ] [ SQL ] SELECT COUNT(*) AS tp_count FROM `comment` WHERE  `commentArticleid` = 7 LIMIT 1 [ RunTime:0.000734s ]
[ sql ] [ SQL ] UPDATE `article`  SET `articleComments`=0  WHERE  `articleId` = 7 [ RunTime:0.078715s ]
[ sql ] [ SQL ] SELECT COUNT(*) AS tp_count FROM `comment` WHERE  `commentArticleid` = 8 LIMIT 1 [ RunTime:0.000515s ]
[ sql ] [ SQL ] UPDATE `article`  SET `articleComments`=0  WHERE  `articleId` = 8 [ RunTime:0.061932s ]
[ sql ] [ SQL ] SELECT COUNT(*) AS tp_count FROM `comment` WHERE  `commentArticleid` = 13 LIMIT 1 [ RunTime:0.000919s ]
[ sql ] [ SQL ] UPDATE `article`  SET `articleComments`=0  WHERE  `articleId` = 13 [ RunTime:0.050327s ]
[ sql ] [ SQL ] SELECT COUNT(*) AS tp_count FROM `comment` WHERE  `commentArticleid` = 21 LIMIT 1 [ RunTime:0.000825s ]
[ sql ] [ SQL ] UPDATE `article`  SET `articleComments`=0  WHERE  `articleId` = 21 [ RunTime:0.051734s ]
[ sql ] [ SQL ] SELECT COUNT(*) AS tp_count FROM `comment` WHERE  `commentArticleid` = 1 LIMIT 1 [ RunTime:0.000870s ]
[ sql ] [ SQL ] UPDATE `article`  SET `articleComments`=0  WHERE  `articleId` = 1 [ RunTime:0.075538s ]
[ sql ] [ SQL ] SELECT COUNT(*) AS tp_count FROM `comment` WHERE  `commentArticleid` = 2 LIMIT 1 [ RunTime:0.000545s ]
[ sql ] [ SQL ] UPDATE `article`  SET `articleComments`=0  WHERE  `articleId` = 2 [ RunTime:0.066807s ]
[ sql ] [ SQL ] SELECT COUNT(*) AS tp_count FROM `comment` WHERE  `commentArticleid` = 3 LIMIT 1 [ RunTime:0.000520s ]
[ sql ] [ SQL ] UPDATE `article`  SET `articleComments`=0  WHERE  `articleId` = 3 [ RunTime:0.063231s ]
[ sql ] [ SQL ] SELECT COUNT(*) AS tp_count FROM `comment` WHERE  `commentArticleid` = 4 LIMIT 1 [ RunTime:0.001159s ]
[ sql ] [ SQL ] UPDATE `article`  SET `articleComments`=0  WHERE  `articleId` = 4 [ RunTime:0.064493s ]
[ sql ] [ SQL ] SELECT COUNT(*) AS tp_count FROM `comment` WHERE  `commentArticleid` = 5 LIMIT 1 [ RunTime:0.000443s ]
[ sql ] [ SQL ] UPDATE `article`  SET `articleComments`=0  WHERE  `articleId` = 5 [ RunTime:0.034264s ]
[ sql ] [ SQL ] SELECT COUNT(*) AS tp_count FROM `comment` WHERE  `commentArticleid` = 6 LIMIT 1 [ RunTime:0.000582s ]
[ sql ] [ SQL ] UPDATE `article`  SET `articleComments`=0  WHERE  `articleId` = 6 [ RunTime:0.055697s ]
[ sql ] [ SQL ] SELECT COUNT(*) AS tp_count FROM `comment` WHERE  `commentArticleid` = 11 LIMIT 1 [ RunTime:0.001232s ]
[ sql ] [ SQL ] UPDATE `article`  SET `articleComments`=0  WHERE  `articleId` = 11 [ RunTime:0.045530s ]
[ sql ] [ SQL ] SELECT COUNT(*) AS tp_count FROM `comment` WHERE  `commentArticleid` = 14 LIMIT 1 [ RunTime:0.000647s ]
[ sql ] [ SQL ] UPDATE `article`  SET `articleComments`=0  WHERE  `articleId` = 14 [ RunTime:0.048309s ]
[ sql ] [ SQL ] SELECT COUNT(*) AS tp_count FROM `comment` WHERE  `commentArticleid` = 15 LIMIT 1 [ RunTime:0.000473s ]
[ sql ] [ SQL ] UPDATE `article`  SET `articleComments`=0  WHERE  `articleId` = 15 [ RunTime:0.036931s ]
[ sql ] [ SQL ] SELECT COUNT(*) AS tp_count FROM `comment` WHERE  `commentArticleid` = 16 LIMIT 1 [ RunTime:0.000426s ]
[ sql ] [ SQL ] UPDATE `article`  SET `articleComments`=0  WHERE  `articleId` = 16 [ RunTime:0.089465s ]
[ sql ] [ SQL ] SELECT COUNT(*) AS tp_count FROM `comment` WHERE  `commentArticleid` = 17 LIMIT 1 [ RunTime:0.001052s ]
[ sql ] [ SQL ] UPDATE `article`  SET `articleComments`=0  WHERE  `articleId` = 17 [ RunTime:0.060929s ]
[ sql ] [ SQL ] SELECT COUNT(*) AS tp_count FROM `comment` WHERE  `commentArticleid` = 18 LIMIT 1 [ RunTime:0.000487s ]
[ sql ] [ SQL ] UPDATE `article`  SET `articleComments`=0  WHERE  `articleId` = 18 [ RunTime:0.067055s ]
[ sql ] [ SQL ] SELECT COUNT(*) AS tp_count FROM `comment` WHERE  `commentArticleid` = 24 LIMIT 1 [ RunTime:0.001011s ]
[ sql ] [ SQL ] UPDATE `article`  SET `articleComments`=0  WHERE  `articleId` = 24 [ RunTime:0.061173s ]
[ sql ] [ SQL ] SELECT COUNT(*) AS tp_count FROM `comment` WHERE  `commentArticleid` = 46 LIMIT 1 [ RunTime:0.001049s ]
[ sql ] [ SQL ] UPDATE `article`  SET `articleComments`=0  WHERE  `articleId` = 46 [ RunTime:0.053889s ]
[ sql ] [ SQL ] SELECT COUNT(*) AS tp_count FROM `comment` WHERE  `commentArticleid` = 29 LIMIT 1 [ RunTime:0.001040s ]
[ sql ] [ SQL ] UPDATE `article`  SET `articleComments`=0  WHERE  `articleId` = 29 [ RunTime:0.049531s ]
[ sql ] [ SQL ] SELECT COUNT(*) AS tp_count FROM `comment` WHERE  `commentArticleid` = 34 LIMIT 1 [ RunTime:0.000415s ]
[ sql ] [ SQL ] UPDATE `article`  SET `articleComments`=0  WHERE  `articleId` = 34 [ RunTime:0.056365s ]
[ sql ] [ SQL ] SELECT COUNT(*) AS tp_count FROM `comment` WHERE  `commentArticleid` = 37 LIMIT 1 [ RunTime:0.000432s ]
[ sql ] [ SQL ] UPDATE `article`  SET `articleComments`=0  WHERE  `articleId` = 37 [ RunTime:0.063528s ]
[ sql ] [ SQL ] SELECT COUNT(*) AS tp_count FROM `comment` WHERE  `commentArticleid` = 23 LIMIT 1 [ RunTime:0.001116s ]
[ sql ] [ SQL ] UPDATE `article`  SET `articleComments`=0  WHERE  `articleId` = 23 [ RunTime:0.046682s ]
[ sql ] [ SQL ] SELECT COUNT(*) AS tp_count FROM `comment` WHERE  `commentArticleid` = 26 LIMIT 1 [ RunTime:0.001122s ]
[ sql ] [ SQL ] UPDATE `article`  SET `articleComments`=0  WHERE  `articleId` = 26 [ RunTime:0.045755s ]
[ sql ] [ SQL ] SELECT COUNT(*) AS tp_count FROM `comment` WHERE  `commentArticleid` = 45 LIMIT 1 [ RunTime:0.001115s ]
[ sql ] [ SQL ] UPDATE `article`  SET `articleComments`=0  WHERE  `articleId` = 45 [ RunTime:0.053574s ]
[ sql ] [ SQL ] SELECT COUNT(*) AS tp_count FROM `comment` WHERE  `commentArticleid` = 43 LIMIT 1 [ RunTime:0.001042s ]
[ sql ] [ SQL ] UPDATE `article`  SET `articleComments`=0  WHERE  `articleId` = 43 [ RunTime:0.049678s ]
[ sql ] [ SQL ] SELECT `a`.*,`c`.`cateName`,`c`.`cateId` FROM `article` `a` INNER JOIN `cate` `c` ON `a`.`articleCate`=`c`.`cateId` WHERE  `a`.`status` = 1  AND `a`.`slider` = 1 ORDER BY a.addTime asc LIMIT 5 [ RunTime:0.001575s ]
---------------------------------------------------------------
[ 2018-06-22T09:17:38+08:00 ] ::1 ::1 GET /kk-blog/index/index/flow?page=1
[ info ] localhost/kk-blog/index/index/flow?page=1 [运行时间：2.910105s][吞吐率：0.34req/s] [内存消耗：1,529.91kb] [文件加载：58]
[ info ] [ LANG ] G:\PHPWAMP_IN2\wwwroot\kk-blog\thinkphp\lang\zh-cn.php
[ info ] [ ROUTE ] array (
  'type' => 'module',
  'module' => 
  array (
    0 => 'index',
    1 => 'index',
    2 => 'flow',
  ),
)
[ info ] [ HEADER ] array (
  'host' => 'localhost',
  'connection' => 'keep-alive',
  'user-agent' => 'Mozilla/5.0 (Windows NT 10.0; Win64; x64) AppleWebKit/537.36 (KHTML, like Gecko) Chrome/66.0.3359.117 Safari/537.36',
  'accept' => '*/*',
  'referer' => 'http://localhost/kk-blog/index',
  'accept-encoding' => 'gzip, deflate, br',
  'accept-language' => 'zh-CN,zh;q=0.9',
  'cookie' => 'PHPSESSID=msquhslrhbkqf65c8kd2nievh1; ip_0000=0.0.0.0',
)
[ info ] [ PARAM ] array (
  'page' => '1',
)
[ info ] [ DB ] INIT mysql
[ info ] [ CACHE ] INIT redis
[ info ] [ RUN ] app\index\controller\Index->flow[ G:\PHPWAMP_IN2\wwwroot\kk-blog\application\index\controller\Index.php ]
[ info ] [ LOG ] INIT File
[ sql ] [ DB ] CONNECT:[ UseTime:0.011365s ] mysql:host=localhost;dbname=kk-blog;charset=utf8
[ sql ] [ SQL ] SHOW COLUMNS FROM `config` [ RunTime:0.001517s ]
[ sql ] [ SQL ] SELECT * FROM `config` LIMIT 1 [ RunTime:0.000616s ]
[ sql ] [ SQL ] SHOW COLUMNS FROM `aboutme` [ RunTime:0.001462s ]
[ sql ] [ SQL ] SELECT * FROM `aboutme` WHERE  `meId` = 1 LIMIT 1 [ RunTime:0.000545s ]
[ sql ] [ SQL ] SHOW COLUMNS FROM `article` [ RunTime:0.000814s ]
[ sql ] [ SQL ] SELECT * FROM `article` WHERE  `status` = 1 ORDER BY articleComments desc LIMIT 5 [ RunTime:0.000546s ]
[ sql ] [ SQL ] SELECT * FROM `article` WHERE  `status` = 1 ORDER BY articleClicks desc LIMIT 5 [ RunTime:0.000610s ]
[ sql ] [ SQL ] SELECT * FROM `article` WHERE  `status` = 1 ORDER BY praiseClicks desc LIMIT 5 [ RunTime:0.000422s ]
[ sql ] [ SQL ] SELECT DISTINCT  `articleTags` FROM `article` WHERE  `status` = 1 [ RunTime:0.000321s ]
[ sql ] [ SQL ] SHOW COLUMNS FROM `cate` [ RunTime:0.000803s ]
[ sql ] [ SQL ] SELECT * FROM `cate` WHERE  `status` = 1 [ RunTime:0.000337s ]
[ sql ] [ SQL ] SELECT `articleId` FROM `article` [ RunTime:0.000356s ]
[ sql ] [ SQL ] SHOW COLUMNS FROM `comment` [ RunTime:0.001120s ]
[ sql ] [ SQL ] SELECT COUNT(*) AS tp_count FROM `comment` WHERE  `commentArticleid` = 32 LIMIT 1 [ RunTime:0.000305s ]
[ sql ] [ SQL ] UPDATE `article`  SET `articleComments`=0  WHERE  `articleId` = 32 [ RunTime:0.112770s ]
[ sql ] [ SQL ] SELECT COUNT(*) AS tp_count FROM `comment` WHERE  `commentArticleid` = 38 LIMIT 1 [ RunTime:0.000962s ]
[ sql ] [ SQL ] UPDATE `article`  SET `articleComments`=0  WHERE  `articleId` = 38 [ RunTime:0.056031s ]
[ sql ] [ SQL ] SELECT COUNT(*) AS tp_count FROM `comment` WHERE  `commentArticleid` = 47 LIMIT 1 [ RunTime:0.000858s ]
[ sql ] [ SQL ] UPDATE `article`  SET `articleComments`=0  WHERE  `articleId` = 47 [ RunTime:0.065285s ]
[ sql ] [ SQL ] SELECT COUNT(*) AS tp_count FROM `comment` WHERE  `commentArticleid` = 25 LIMIT 1 [ RunTime:0.000363s ]
[ sql ] [ SQL ] UPDATE `article`  SET `articleComments`=0  WHERE  `articleId` = 25 [ RunTime:0.063606s ]
[ sql ] [ SQL ] SELECT COUNT(*) AS tp_count FROM `comment` WHERE  `commentArticleid` = 30 LIMIT 1 [ RunTime:0.000682s ]
[ sql ] [ SQL ] UPDATE `article`  SET `articleComments`=0  WHERE  `articleId` = 30 [ RunTime:0.055216s ]
[ sql ] [ SQL ] SELECT COUNT(*) AS tp_count FROM `comment` WHERE  `commentArticleid` = 31 LIMIT 1 [ RunTime:0.000661s ]
[ sql ] [ SQL ] UPDATE `article`  SET `articleComments`=0  WHERE  `articleId` = 31 [ RunTime:0.036336s ]
[ sql ] [ SQL ] SELECT COUNT(*) AS tp_count FROM `comment` WHERE  `commentArticleid` = 33 LIMIT 1 [ RunTime:0.000560s ]
[ sql ] [ SQL ] UPDATE `article`  SET `articleComments`=0  WHERE  `articleId` = 33 [ RunTime:0.034621s ]
[ sql ] [ SQL ] SELECT COUNT(*) AS tp_count FROM `comment` WHERE  `commentArticleid` = 35 LIMIT 1 [ RunTime:0.000562s ]
[ sql ] [ SQL ] UPDATE `article`  SET `articleComments`=0  WHERE  `articleId` = 35 [ RunTime:0.065893s ]
[ sql ] [ SQL ] SELECT COUNT(*) AS tp_count FROM `comment` WHERE  `commentArticleid` = 36 LIMIT 1 [ RunTime:0.000509s ]
[ sql ] [ SQL ] UPDATE `article`  SET `articleComments`=0  WHERE  `articleId` = 36 [ RunTime:0.056268s ]
[ sql ] [ SQL ] SELECT COUNT(*) AS tp_count FROM `comment` WHERE  `commentArticleid` = 39 LIMIT 1 [ RunTime:0.000548s ]
[ sql ] [ SQL ] UPDATE `article`  SET `articleComments`=0  WHERE  `articleId` = 39 [ RunTime:0.051420s ]
[ sql ] [ SQL ] SELECT COUNT(*) AS tp_count FROM `comment` WHERE  `commentArticleid` = 40 LIMIT 1 [ RunTime:0.000297s ]
[ sql ] [ SQL ] UPDATE `article`  SET `articleComments`=0  WHERE  `articleId` = 40 [ RunTime:0.067458s ]
[ sql ] [ SQL ] SELECT COUNT(*) AS tp_count FROM `comment` WHERE  `commentArticleid` = 41 LIMIT 1 [ RunTime:0.000559s ]
[ sql ] [ SQL ] UPDATE `article`  SET `articleComments`=0  WHERE  `articleId` = 41 [ RunTime:0.085150s ]
[ sql ] [ SQL ] SELECT COUNT(*) AS tp_count FROM `comment` WHERE  `commentArticleid` = 42 LIMIT 1 [ RunTime:0.001049s ]
[ sql ] [ SQL ] UPDATE `article`  SET `articleComments`=0  WHERE  `articleId` = 42 [ RunTime:0.050628s ]
[ sql ] [ SQL ] SELECT COUNT(*) AS tp_count FROM `comment` WHERE  `commentArticleid` = 44 LIMIT 1 [ RunTime:0.000468s ]
[ sql ] [ SQL ] UPDATE `article`  SET `articleComments`=0  WHERE  `articleId` = 44 [ RunTime:0.055335s ]
[ sql ] [ SQL ] SELECT COUNT(*) AS tp_count FROM `comment` WHERE  `commentArticleid` = 9 LIMIT 1 [ RunTime:0.001065s ]
[ sql ] [ SQL ] UPDATE `article`  SET `articleComments`=0  WHERE  `articleId` = 9 [ RunTime:0.053886s ]
[ sql ] [ SQL ] SELECT COUNT(*) AS tp_count FROM `comment` WHERE  `commentArticleid` = 10 LIMIT 1 [ RunTime:0.001034s ]
[ sql ] [ SQL ] UPDATE `article`  SET `articleComments`=0  WHERE  `articleId` = 10 [ RunTime:0.050058s ]
[ sql ] [ SQL ] SELECT COUNT(*) AS tp_count FROM `comment` WHERE  `commentArticleid` = 12 LIMIT 1 [ RunTime:0.001123s ]
[ sql ] [ SQL ] UPDATE `article`  SET `articleComments`=0  WHERE  `articleId` = 12 [ RunTime:0.053745s ]
[ sql ] [ SQL ] SELECT COUNT(*) AS tp_count FROM `comment` WHERE  `commentArticleid` = 19 LIMIT 1 [ RunTime:0.001091s ]
[ sql ] [ SQL ] UPDATE `article`  SET `articleComments`=0  WHERE  `articleId` = 19 [ RunTime:0.095029s ]
[ sql ] [ SQL ] SELECT COUNT(*) AS tp_count FROM `comment` WHERE  `commentArticleid` = 20 LIMIT 1 [ RunTime:0.000529s ]
[ sql ] [ SQL ] UPDATE `article`  SET `articleComments`=0  WHERE  `articleId` = 20 [ RunTime:0.076883s ]
[ sql ] [ SQL ] SELECT COUNT(*) AS tp_count FROM `comment` WHERE  `commentArticleid` = 22 LIMIT 1 [ RunTime:0.000406s ]
[ sql ] [ SQL ] UPDATE `article`  SET `articleComments`=0  WHERE  `articleId` = 22 [ RunTime:0.086395s ]
[ sql ] [ SQL ] SELECT COUNT(*) AS tp_count FROM `comment` WHERE  `commentArticleid` = 7 LIMIT 1 [ RunTime:0.001139s ]
[ sql ] [ SQL ] UPDATE `article`  SET `articleComments`=0  WHERE  `articleId` = 7 [ RunTime:0.063648s ]
[ sql ] [ SQL ] SELECT COUNT(*) AS tp_count FROM `comment` WHERE  `commentArticleid` = 8 LIMIT 1 [ RunTime:0.000535s ]
[ sql ] [ SQL ] UPDATE `article`  SET `articleComments`=0  WHERE  `articleId` = 8 [ RunTime:0.085987s ]
[ sql ] [ SQL ] SELECT COUNT(*) AS tp_count FROM `comment` WHERE  `commentArticleid` = 13 LIMIT 1 [ RunTime:0.000647s ]
[ sql ] [ SQL ] UPDATE `article`  SET `articleComments`=0  WHERE  `articleId` = 13 [ RunTime:0.088089s ]
[ sql ] [ SQL ] SELECT COUNT(*) AS tp_count FROM `comment` WHERE  `commentArticleid` = 21 LIMIT 1 [ RunTime:0.000452s ]
[ sql ] [ SQL ] UPDATE `article`  SET `articleComments`=0  WHERE  `articleId` = 21 [ RunTime:0.074706s ]
[ sql ] [ SQL ] SELECT COUNT(*) AS tp_count FROM `comment` WHERE  `commentArticleid` = 1 LIMIT 1 [ RunTime:0.000647s ]
[ sql ] [ SQL ] UPDATE `article`  SET `articleComments`=0  WHERE  `articleId` = 1 [ RunTime:0.064466s ]
[ sql ] [ SQL ] SELECT COUNT(*) AS tp_count FROM `comment` WHERE  `commentArticleid` = 2 LIMIT 1 [ RunTime:0.001060s ]
[ sql ] [ SQL ] UPDATE `article`  SET `articleComments`=0  WHERE  `articleId` = 2 [ RunTime:0.051760s ]
[ sql ] [ SQL ] SELECT COUNT(*) AS tp_count FROM `comment` WHERE  `commentArticleid` = 3 LIMIT 1 [ RunTime:0.000655s ]
[ sql ] [ SQL ] UPDATE `article`  SET `articleComments`=0  WHERE  `articleId` = 3 [ RunTime:0.041163s ]
[ sql ] [ SQL ] SELECT COUNT(*) AS tp_count FROM `comment` WHERE  `commentArticleid` = 4 LIMIT 1 [ RunTime:0.000708s ]
[ sql ] [ SQL ] UPDATE `article`  SET `articleComments`=0  WHERE  `articleId` = 4 [ RunTime:0.066228s ]
[ sql ] [ SQL ] SELECT COUNT(*) AS tp_count FROM `comment` WHERE  `commentArticleid` = 5 LIMIT 1 [ RunTime:0.000513s ]
[ sql ] [ SQL ] UPDATE `article`  SET `articleComments`=0  WHERE  `articleId` = 5 [ RunTime:0.065384s ]
[ sql ] [ SQL ] SELECT COUNT(*) AS tp_count FROM `comment` WHERE  `commentArticleid` = 6 LIMIT 1 [ RunTime:0.000876s ]
[ sql ] [ SQL ] UPDATE `article`  SET `articleComments`=0  WHERE  `articleId` = 6 [ RunTime:0.040952s ]
[ sql ] [ SQL ] SELECT COUNT(*) AS tp_count FROM `comment` WHERE  `commentArticleid` = 11 LIMIT 1 [ RunTime:0.000891s ]
[ sql ] [ SQL ] UPDATE `article`  SET `articleComments`=0  WHERE  `articleId` = 11 [ RunTime:0.063722s ]
[ sql ] [ SQL ] SELECT COUNT(*) AS tp_count FROM `comment` WHERE  `commentArticleid` = 14 LIMIT 1 [ RunTime:0.000487s ]
[ sql ] [ SQL ] UPDATE `article`  SET `articleComments`=0  WHERE  `articleId` = 14 [ RunTime:0.064818s ]
[ sql ] [ SQL ] SELECT COUNT(*) AS tp_count FROM `comment` WHERE  `commentArticleid` = 15 LIMIT 1 [ RunTime:0.001035s ]
[ sql ] [ SQL ] UPDATE `article`  SET `articleComments`=0  WHERE  `articleId` = 15 [ RunTime:0.052202s ]
[ sql ] [ SQL ] SELECT COUNT(*) AS tp_count FROM `comment` WHERE  `commentArticleid` = 16 LIMIT 1 [ RunTime:0.000627s ]
[ sql ] [ SQL ] UPDATE `article`  SET `articleComments`=0  WHERE  `articleId` = 16 [ RunTime:0.064249s ]
[ sql ] [ SQL ] SELECT COUNT(*) AS tp_count FROM `comment` WHERE  `commentArticleid` = 17 LIMIT 1 [ RunTime:0.001021s ]
[ sql ] [ SQL ] UPDATE `article`  SET `articleComments`=0  WHERE  `articleId` = 17 [ RunTime:0.063340s ]
[ sql ] [ SQL ] SELECT COUNT(*) AS tp_count FROM `comment` WHERE  `commentArticleid` = 18 LIMIT 1 [ RunTime:0.000534s ]
[ sql ] [ SQL ] UPDATE `article`  SET `articleComments`=0  WHERE  `articleId` = 18 [ RunTime:0.064460s ]
[ sql ] [ SQL ] SELECT COUNT(*) AS tp_count FROM `comment` WHERE  `commentArticleid` = 24 LIMIT 1 [ RunTime:0.000755s ]
[ sql ] [ SQL ] UPDATE `article`  SET `articleComments`=0  WHERE  `articleId` = 24 [ RunTime:0.053504s ]
[ sql ] [ SQL ] SELECT COUNT(*) AS tp_count FROM `comment` WHERE  `commentArticleid` = 46 LIMIT 1 [ RunTime:0.000512s ]
[ sql ] [ SQL ] UPDATE `article`  SET `articleComments`=0  WHERE  `articleId` = 46 [ RunTime:0.053457s ]
[ sql ] [ SQL ] SELECT COUNT(*) AS tp_count FROM `comment` WHERE  `commentArticleid` = 29 LIMIT 1 [ RunTime:0.000771s ]
[ sql ] [ SQL ] UPDATE `article`  SET `articleComments`=0  WHERE  `articleId` = 29 [ RunTime:0.020117s ]
[ sql ] [ SQL ] SELECT COUNT(*) AS tp_count FROM `comment` WHERE  `commentArticleid` = 34 LIMIT 1 [ RunTime:0.000373s ]
[ sql ] [ SQL ] UPDATE `article`  SET `articleComments`=0  WHERE  `articleId` = 34 [ RunTime:0.020838s ]
[ sql ] [ SQL ] SELECT COUNT(*) AS tp_count FROM `comment` WHERE  `commentArticleid` = 37 LIMIT 1 [ RunTime:0.000648s ]
[ sql ] [ SQL ] UPDATE `article`  SET `articleComments`=0  WHERE  `articleId` = 37 [ RunTime:0.054296s ]
[ sql ] [ SQL ] SELECT COUNT(*) AS tp_count FROM `comment` WHERE  `commentArticleid` = 23 LIMIT 1 [ RunTime:0.000634s ]
[ sql ] [ SQL ] UPDATE `article`  SET `articleComments`=0  WHERE  `articleId` = 23 [ RunTime:0.051521s ]
[ sql ] [ SQL ] SELECT COUNT(*) AS tp_count FROM `comment` WHERE  `commentArticleid` = 26 LIMIT 1 [ RunTime:0.000599s ]
[ sql ] [ SQL ] UPDATE `article`  SET `articleComments`=0  WHERE  `articleId` = 26 [ RunTime:0.068388s ]
[ sql ] [ SQL ] SELECT COUNT(*) AS tp_count FROM `comment` WHERE  `commentArticleid` = 45 LIMIT 1 [ RunTime:0.000506s ]
[ sql ] [ SQL ] UPDATE `article`  SET `articleComments`=0  WHERE  `articleId` = 45 [ RunTime:0.062980s ]
[ sql ] [ SQL ] SELECT COUNT(*) AS tp_count FROM `comment` WHERE  `commentArticleid` = 43 LIMIT 1 [ RunTime:0.001032s ]
[ sql ] [ SQL ] UPDATE `article`  SET `articleComments`=0  WHERE  `articleId` = 43 [ RunTime:0.052469s ]
[ sql ] [ SQL ] SELECT `a`.*,`c`.`cateName`,`c`.`cateId` FROM `article` `a` INNER JOIN `cate` `c` ON `a`.`articleCate`=`c`.`cateId` WHERE  `a`.`status` = 1 ORDER BY a.addTime desc LIMIT 0,11 [ RunTime:0.003547s ]
---------------------------------------------------------------
[ 2018-06-22T21:09:02+08:00 ] ::1 ::1 GET /kk-blog/babysbreath/article/article.html
[ info ] localhost/kk-blog/babysbreath/article/article.html [运行时间：0.283493s][吞吐率：3.53req/s] [内存消耗：443.08kb] [文件加载：48]
[ info ] [ LANG ] G:\PHPWAMP_IN2\wwwroot\kk-blog\thinkphp\lang\zh-cn.php
[ info ] [ ROUTE ] array (
  'type' => 'module',
  'module' => 
  array (
    0 => 'babysbreath',
    1 => 'article',
    2 => 'article',
  ),
)
[ info ] [ HEADER ] array (
  'host' => 'localhost',
  'connection' => 'keep-alive',
  'upgrade-insecure-requests' => '1',
  'user-agent' => 'Mozilla/5.0 (Windows NT 10.0; Win64; x64) AppleWebKit/537.36 (KHTML, like Gecko) Chrome/66.0.3359.117 Safari/537.36',
  'accept' => 'text/html,application/xhtml+xml,application/xml;q=0.9,image/webp,image/apng,*/*;q=0.8',
  'accept-encoding' => 'gzip, deflate, br',
  'accept-language' => 'zh-CN,zh;q=0.9',
)
[ info ] [ PARAM ] array (
)
[ info ] [ SESSION ] INIT array (
  'id' => '',
  'var_session_id' => '',
  'prefix' => 'think',
  'type' => '',
  'auto_start' => true,
)
[ info ] [ VIEW ] G:\PHPWAMP_IN2\wwwroot\kk-blog\thinkphp\tpl\dispatch_jump.tpl [ array (
  0 => 'code',
  1 => 'msg',
  2 => 'data',
  3 => 'url',
  4 => 'wait',
) ]
[ info ] [ LOG ] INIT File
---------------------------------------------------------------
[ 2018-06-22T21:09:03+08:00 ] ::1 ::1 GET /kk-blog/index
[ info ] localhost/kk-blog/index [运行时间：1.083992s][吞吐率：0.92req/s] [内存消耗：587.32kb] [文件加载：56]
[ info ] [ LANG ] G:\PHPWAMP_IN2\wwwroot\kk-blog\thinkphp\lang\zh-cn.php
[ info ] [ ROUTE ] array (
  'type' => 'module',
  'module' => 
  array (
    0 => 'index',
    1 => NULL,
    2 => NULL,
  ),
)
[ info ] [ HEADER ] array (
  'host' => 'localhost',
  'connection' => 'keep-alive',
  'upgrade-insecure-requests' => '1',
  'user-agent' => 'Mozilla/5.0 (Windows NT 10.0; Win64; x64) AppleWebKit/537.36 (KHTML, like Gecko) Chrome/66.0.3359.117 Safari/537.36',
  'accept' => 'text/html,application/xhtml+xml,application/xml;q=0.9,image/webp,image/apng,*/*;q=0.8',
  'accept-encoding' => 'gzip, deflate, br',
  'accept-language' => 'zh-CN,zh;q=0.9',
)
[ info ] [ PARAM ] array (
)
[ info ] [ DB ] INIT mysql
[ info ] [ LOG ] INIT File
[ sql ] [ DB ] CONNECT:[ UseTime:0.003593s ] mysql:host=localhost;dbname=kk-blog;charset=utf8
[ sql ] [ SQL ] SHOW COLUMNS FROM `config` [ RunTime:0.003422s ]
[ sql ] [ SQL ] SELECT * FROM `config` LIMIT 1 [ RunTime:0.000633s ]
[ error ] [0]Redis server went away[G:\PHPWAMP_IN2\wwwroot\kk-blog\thinkphp\library\think\cache\driver\Redis.php:70]
