---------------------------------------------------------------
[ 2018-07-09T09:16:14+08:00 ] ::1 ::1 GET /kk-blog/babysbreath/login/login.html
[ info ] localhost/kk-blog/babysbreath/login/login.html [运行时间：8.069137s][吞吐率：0.12req/s] [内存消耗：592.99kb] [文件加载：54]
[ info ] [ LANG ] G:\PHPWAMP_IN2\wwwroot\kk-blog\thinkphp\lang\zh-cn.php
[ info ] [ ROUTE ] array (
  'type' => 'module',
  'module' => 
  array (
    0 => 'babysbreath',
    1 => 'login',
    2 => 'login',
  ),
)
[ info ] [ HEADER ] array (
  'host' => 'localhost',
  'connection' => 'keep-alive',
  'upgrade-insecure-requests' => '1',
  'user-agent' => 'Mozilla/5.0 (Windows NT 10.0; Win64; x64) AppleWebKit/537.36 (KHTML, like Gecko) Chrome/66.0.3359.117 Safari/537.36',
  'accept' => 'text/html,application/xhtml+xml,application/xml;q=0.9,image/webp,image/apng,*/*;q=0.8',
  'accept-encoding' => 'gzip, deflate, br',
  'accept-language' => 'zh-CN,zh;q=0.9',
  'cookie' => 'PHPSESSID=lb92v9boq4sek0i5uj7g3sa6t4',
)
[ info ] [ PARAM ] array (
)
[ info ] [ SESSION ] INIT array (
  'id' => '',
  'var_session_id' => '',
  'prefix' => 'think',
  'type' => '',
  'auto_start' => true,
)
[ info ] [ DB ] INIT mysql
[ info ] [ RUN ] app\babysbreath\controller\Login->login[ G:\PHPWAMP_IN2\wwwroot\kk-blog\application\babysbreath\controller\Login.php ]
[ info ] [ VIEW ] G:\PHPWAMP_IN2\wwwroot\kk-blog/application/babysbreath\view\login\login.html [ array (
  0 => 'conf',
) ]
[ info ] [ LOG ] INIT File
[ sql ] [ DB ] CONNECT:[ UseTime:0.185727s ] mysql:host=localhost;dbname=kk-blog;charset=utf8
[ sql ] [ SQL ] SHOW COLUMNS FROM `config` [ RunTime:0.531549s ]
[ sql ] [ SQL ] SELECT * FROM `config` WHERE  `id` = 1 LIMIT 1 [ RunTime:0.000616s ]
---------------------------------------------------------------
[ 2018-07-09T11:21:05+08:00 ] ::1 ::1 GET /kk-blog/babysbreath/login/login.html
[ info ] localhost/kk-blog/babysbreath/login/login.html [运行时间：3.925838s][吞吐率：0.25req/s] [内存消耗：611.79kb] [文件加载：54]
[ info ] [ LANG ] G:\PHPWAMP_IN2\wwwroot\kk-blog\thinkphp\lang\zh-cn.php
[ info ] [ ROUTE ] array (
  'type' => 'module',
  'module' => 
  array (
    0 => 'babysbreath',
    1 => 'login',
    2 => 'login',
  ),
)
[ info ] [ HEADER ] array (
  'host' => 'localhost',
  'connection' => 'keep-alive',
  'upgrade-insecure-requests' => '1',
  'user-agent' => 'Mozilla/5.0 (Windows NT 10.0; Win64; x64) AppleWebKit/537.36 (KHTML, like Gecko) Chrome/66.0.3359.117 Safari/537.36',
  'accept' => 'text/html,application/xhtml+xml,application/xml;q=0.9,image/webp,image/apng,*/*;q=0.8',
  'accept-encoding' => 'gzip, deflate, br',
  'accept-language' => 'zh-CN,zh;q=0.9',
  'cookie' => 'PHPSESSID=lb92v9boq4sek0i5uj7g3sa6t4',
)
[ info ] [ PARAM ] array (
)
[ info ] [ SESSION ] INIT array (
  'id' => '',
  'var_session_id' => '',
  'prefix' => 'think',
  'type' => '',
  'auto_start' => true,
)
[ info ] [ DB ] INIT mysql
[ info ] [ RUN ] app\babysbreath\controller\Login->login[ G:\PHPWAMP_IN2\wwwroot\kk-blog\application\babysbreath\controller\Login.php ]
[ info ] [ VIEW ] G:\PHPWAMP_IN2\wwwroot\kk-blog/application/babysbreath\view\login\login.html [ array (
  0 => 'conf',
) ]
[ info ] [ LOG ] INIT File
[ sql ] [ DB ] CONNECT:[ UseTime:0.050957s ] mysql:host=localhost;dbname=kk-blog;charset=utf8
[ sql ] [ SQL ] SHOW COLUMNS FROM `config` [ RunTime:0.043063s ]
[ sql ] [ SQL ] SELECT * FROM `config` WHERE  `id` = 1 LIMIT 1 [ RunTime:0.076442s ]
---------------------------------------------------------------
[ 2018-07-09T11:21:14+08:00 ] ::1 ::1 GET /kk-blog/index
[ info ] localhost/kk-blog/index [运行时间：2.815206s][吞吐率：0.36req/s] [内存消耗：618.48kb] [文件加载：57]
[ info ] [ LANG ] G:\PHPWAMP_IN2\wwwroot\kk-blog\thinkphp\lang\zh-cn.php
[ info ] [ ROUTE ] array (
  'type' => 'module',
  'module' => 
  array (
    0 => 'index',
    1 => NULL,
    2 => NULL,
  ),
)
[ info ] [ HEADER ] array (
  'host' => 'localhost',
  'connection' => 'keep-alive',
  'upgrade-insecure-requests' => '1',
  'user-agent' => 'Mozilla/5.0 (Windows NT 10.0; Win64; x64) AppleWebKit/537.36 (KHTML, like Gecko) Chrome/66.0.3359.117 Safari/537.36',
  'accept' => 'text/html,application/xhtml+xml,application/xml;q=0.9,image/webp,image/apng,*/*;q=0.8',
  'accept-encoding' => 'gzip, deflate, br',
  'accept-language' => 'zh-CN,zh;q=0.9',
  'cookie' => 'PHPSESSID=lb92v9boq4sek0i5uj7g3sa6t4',
)
[ info ] [ PARAM ] array (
)
[ info ] [ DB ] INIT mysql
[ info ] [ LOG ] INIT File
[ error ] [0]Redis server went away[G:\PHPWAMP_IN2\wwwroot\kk-blog\thinkphp\library\think\cache\driver\Redis.php:70]
---------------------------------------------------------------
[ 2018-07-09T11:32:06+08:00 ] ::1 ::1 GET /kk-blog/babysbreath/login/login.html
[ info ] localhost/kk-blog/babysbreath/login/login.html [运行时间：17.642005s][吞吐率：0.06req/s] [内存消耗：611.79kb] [文件加载：54]
[ info ] [ LANG ] G:\PHPWAMP_IN2\wwwroot\kk-blog\thinkphp\lang\zh-cn.php
[ info ] [ ROUTE ] array (
  'type' => 'module',
  'module' => 
  array (
    0 => 'babysbreath',
    1 => 'login',
    2 => 'login',
  ),
)
[ info ] [ HEADER ] array (
  'host' => 'localhost',
  'connection' => 'keep-alive',
  'upgrade-insecure-requests' => '1',
  'user-agent' => 'Mozilla/5.0 (Windows NT 10.0; Win64; x64) AppleWebKit/537.36 (KHTML, like Gecko) Chrome/66.0.3359.117 Safari/537.36',
  'accept' => 'text/html,application/xhtml+xml,application/xml;q=0.9,image/webp,image/apng,*/*;q=0.8',
  'accept-encoding' => 'gzip, deflate, br',
  'accept-language' => 'zh-CN,zh;q=0.9',
  'cookie' => 'PHPSESSID=lb92v9boq4sek0i5uj7g3sa6t4',
)
[ info ] [ PARAM ] array (
)
[ info ] [ SESSION ] INIT array (
  'id' => '',
  'var_session_id' => '',
  'prefix' => 'think',
  'type' => '',
  'auto_start' => true,
)
[ info ] [ DB ] INIT mysql
[ info ] [ RUN ] app\babysbreath\controller\Login->login[ G:\PHPWAMP_IN2\wwwroot\kk-blog\application\babysbreath\controller\Login.php ]
[ info ] [ VIEW ] G:\PHPWAMP_IN2\wwwroot\kk-blog/application/babysbreath\view\login\login.html [ array (
  0 => 'conf',
) ]
[ info ] [ LOG ] INIT File
[ sql ] [ DB ] CONNECT:[ UseTime:0.282791s ] mysql:host=localhost;dbname=kk-blog;charset=utf8
[ sql ] [ SQL ] SHOW COLUMNS FROM `config` [ RunTime:0.201103s ]
[ sql ] [ SQL ] SELECT * FROM `config` WHERE  `id` = 1 LIMIT 1 [ RunTime:0.159264s ]
