---------------------------------------------------------------
[ 2018-07-25T00:19:06+08:00 ] 127.0.0.1 127.0.0.1 GET /kk-blog/
[ info ] localhost/kk-blog/ [运行时间：1.836765s][吞吐率：0.54req/s] [内存消耗：2,611.60kb] [文件加载：59]
[ info ] [ LANG ] G:\PHPWAMP_IN2\wwwroot\kk-blog\thinkphp\lang\zh-cn.php
[ info ] [ ROUTE ] array (
  'type' => 'module',
  'module' => 
  array (
    0 => '',
    1 => NULL,
    2 => NULL,
  ),
)
[ info ] [ HEADER ] array (
  'cookie' => 'PHPSESSID=h5pa849jq61b1lm7bd5li8l3s4; ip_127001=127.0.0.1',
  'accept-language' => 'zh-CN,zh;q=0.9',
  'accept-encoding' => 'gzip, deflate, br',
  'accept' => 'text/html,application/xhtml+xml,application/xml;q=0.9,image/webp,image/apng,*/*;q=0.8',
  'user-agent' => 'Mozilla/5.0 (Windows NT 10.0; Win64; x64) AppleWebKit/537.36 (KHTML, like Gecko) Chrome/67.0.3396.99 Safari/537.36',
  'upgrade-insecure-requests' => '1',
  'connection' => 'keep-alive',
  'host' => 'localhost',
  'content-length' => '',
  'content-type' => '',
)
[ info ] [ PARAM ] array (
)
[ info ] [ DB ] INIT mysql
[ info ] [ CACHE ] INIT redis
[ info ] [ RUN ] app\index\controller\Index->index[ G:\PHPWAMP_IN2\wwwroot\kk-blog\application\index\controller\Index.php ]
[ info ] [ VIEW ] G:\PHPWAMP_IN2\wwwroot\kk-blog/application/index\view\index\index.html [ array (
  0 => 'conf',
  1 => 'cate',
  2 => 'rightCate',
  3 => 'about',
  4 => 'comtArticles',
  5 => 'heatArticles',
  6 => 'praiseArticles',
  7 => 'slider',
) ]
[ info ] [ LOG ] INIT File
[ sql ] [ DB ] CONNECT:[ UseTime:0.016778s ] mysql:host=localhost;dbname=kk-blog;charset=utf8
[ sql ] [ SQL ] SHOW COLUMNS FROM `cate` [ RunTime:0.013300s ]
[ sql ] [ SQL ] SELECT `cateName`,`cateId` FROM `cate` WHERE  `cateArticles` <> 0 [ RunTime:0.004937s ]
[ sql ] [ SQL ] SHOW COLUMNS FROM `comment` [ RunTime:0.003152s ]
[ sql ] [ SQL ] SELECT COUNT(*) AS tp_count FROM `comment` WHERE  `commentArticleid` = 32 LIMIT 1 [ RunTime:0.000845s ]
[ sql ] [ SQL ] SHOW COLUMNS FROM `article` [ RunTime:0.001539s ]
[ sql ] [ SQL ] UPDATE `article`  SET `articleComments`=0  WHERE  `articleId` = 32 [ RunTime:0.048219s ]
[ sql ] [ SQL ] SELECT COUNT(*) AS tp_count FROM `comment` WHERE  `commentArticleid` = 38 LIMIT 1 [ RunTime:0.000500s ]
[ sql ] [ SQL ] UPDATE `article`  SET `articleComments`=0  WHERE  `articleId` = 38 [ RunTime:0.027654s ]
[ sql ] [ SQL ] SELECT COUNT(*) AS tp_count FROM `comment` WHERE  `commentArticleid` = 47 LIMIT 1 [ RunTime:0.000497s ]
[ sql ] [ SQL ] UPDATE `article`  SET `articleComments`=0  WHERE  `articleId` = 47 [ RunTime:0.025206s ]
[ sql ] [ SQL ] SELECT COUNT(*) AS tp_count FROM `comment` WHERE  `commentArticleid` = 25 LIMIT 1 [ RunTime:0.000610s ]
[ sql ] [ SQL ] UPDATE `article`  SET `articleComments`=0  WHERE  `articleId` = 25 [ RunTime:0.027250s ]
[ sql ] [ SQL ] SELECT COUNT(*) AS tp_count FROM `comment` WHERE  `commentArticleid` = 30 LIMIT 1 [ RunTime:0.001028s ]
[ sql ] [ SQL ] UPDATE `article`  SET `articleComments`=0  WHERE  `articleId` = 30 [ RunTime:0.023890s ]
[ sql ] [ SQL ] SELECT COUNT(*) AS tp_count FROM `comment` WHERE  `commentArticleid` = 31 LIMIT 1 [ RunTime:0.000512s ]
[ sql ] [ SQL ] UPDATE `article`  SET `articleComments`=0  WHERE  `articleId` = 31 [ RunTime:0.027776s ]
[ sql ] [ SQL ] SELECT COUNT(*) AS tp_count FROM `comment` WHERE  `commentArticleid` = 33 LIMIT 1 [ RunTime:0.000557s ]
[ sql ] [ SQL ] UPDATE `article`  SET `articleComments`=0  WHERE  `articleId` = 33 [ RunTime:0.025183s ]
[ sql ] [ SQL ] SELECT COUNT(*) AS tp_count FROM `comment` WHERE  `commentArticleid` = 35 LIMIT 1 [ RunTime:0.000481s ]
[ sql ] [ SQL ] UPDATE `article`  SET `articleComments`=0  WHERE  `articleId` = 35 [ RunTime:0.065059s ]
[ sql ] [ SQL ] SELECT COUNT(*) AS tp_count FROM `comment` WHERE  `commentArticleid` = 36 LIMIT 1 [ RunTime:0.000460s ]
[ sql ] [ SQL ] UPDATE `article`  SET `articleComments`=0  WHERE  `articleId` = 36 [ RunTime:0.018613s ]
[ sql ] [ SQL ] SELECT COUNT(*) AS tp_count FROM `comment` WHERE  `commentArticleid` = 39 LIMIT 1 [ RunTime:0.000468s ]
[ sql ] [ SQL ] UPDATE `article`  SET `articleComments`=0  WHERE  `articleId` = 39 [ RunTime:0.108921s ]
[ sql ] [ SQL ] SELECT COUNT(*) AS tp_count FROM `comment` WHERE  `commentArticleid` = 40 LIMIT 1 [ RunTime:0.000474s ]
[ sql ] [ SQL ] UPDATE `article`  SET `articleComments`=0  WHERE  `articleId` = 40 [ RunTime:0.023400s ]
[ sql ] [ SQL ] SELECT COUNT(*) AS tp_count FROM `comment` WHERE  `commentArticleid` = 41 LIMIT 1 [ RunTime:0.000475s ]
[ sql ] [ SQL ] UPDATE `article`  SET `articleComments`=0  WHERE  `articleId` = 41 [ RunTime:0.018363s ]
[ sql ] [ SQL ] SELECT COUNT(*) AS tp_count FROM `comment` WHERE  `commentArticleid` = 42 LIMIT 1 [ RunTime:0.000688s ]
[ sql ] [ SQL ] UPDATE `article`  SET `articleComments`=0  WHERE  `articleId` = 42 [ RunTime:0.053659s ]
[ sql ] [ SQL ] SELECT COUNT(*) AS tp_count FROM `comment` WHERE  `commentArticleid` = 44 LIMIT 1 [ RunTime:0.000522s ]
[ sql ] [ SQL ] UPDATE `article`  SET `articleComments`=0  WHERE  `articleId` = 44 [ RunTime:0.049481s ]
[ sql ] [ SQL ] SELECT COUNT(*) AS tp_count FROM `comment` WHERE  `commentArticleid` = 9 LIMIT 1 [ RunTime:0.000640s ]
[ sql ] [ SQL ] UPDATE `article`  SET `articleComments`=0  WHERE  `articleId` = 9 [ RunTime:0.060182s ]
[ sql ] [ SQL ] SELECT COUNT(*) AS tp_count FROM `comment` WHERE  `commentArticleid` = 10 LIMIT 1 [ RunTime:0.000468s ]
[ sql ] [ SQL ] UPDATE `article`  SET `articleComments`=0  WHERE  `articleId` = 10 [ RunTime:0.042766s ]
[ sql ] [ SQL ] SELECT COUNT(*) AS tp_count FROM `comment` WHERE  `commentArticleid` = 12 LIMIT 1 [ RunTime:0.000279s ]
[ sql ] [ SQL ] UPDATE `article`  SET `articleComments`=0  WHERE  `articleId` = 12 [ RunTime:0.028047s ]
[ sql ] [ SQL ] SELECT COUNT(*) AS tp_count FROM `comment` WHERE  `commentArticleid` = 19 LIMIT 1 [ RunTime:0.000321s ]
[ sql ] [ SQL ] UPDATE `article`  SET `articleComments`=0  WHERE  `articleId` = 19 [ RunTime:0.025473s ]
[ sql ] [ SQL ] SELECT COUNT(*) AS tp_count FROM `comment` WHERE  `commentArticleid` = 20 LIMIT 1 [ RunTime:0.000660s ]
[ sql ] [ SQL ] UPDATE `article`  SET `articleComments`=0  WHERE  `articleId` = 20 [ RunTime:0.026835s ]
[ sql ] [ SQL ] SELECT COUNT(*) AS tp_count FROM `comment` WHERE  `commentArticleid` = 22 LIMIT 1 [ RunTime:0.000546s ]
[ sql ] [ SQL ] UPDATE `article`  SET `articleComments`=0  WHERE  `articleId` = 22 [ RunTime:0.024845s ]
[ sql ] [ SQL ] SELECT COUNT(*) AS tp_count FROM `comment` WHERE  `commentArticleid` = 7 LIMIT 1 [ RunTime:0.000489s ]
[ sql ] [ SQL ] UPDATE `article`  SET `articleComments`=0  WHERE  `articleId` = 7 [ RunTime:0.027693s ]
[ sql ] [ SQL ] SELECT COUNT(*) AS tp_count FROM `comment` WHERE  `commentArticleid` = 8 LIMIT 1 [ RunTime:0.000465s ]
[ sql ] [ SQL ] UPDATE `article`  SET `articleComments`=0  WHERE  `articleId` = 8 [ RunTime:0.024446s ]
[ sql ] [ SQL ] SELECT COUNT(*) AS tp_count FROM `comment` WHERE  `commentArticleid` = 13 LIMIT 1 [ RunTime:0.000713s ]
[ sql ] [ SQL ] UPDATE `article`  SET `articleComments`=0  WHERE  `articleId` = 13 [ RunTime:0.026743s ]
[ sql ] [ SQL ] SELECT COUNT(*) AS tp_count FROM `comment` WHERE  `commentArticleid` = 21 LIMIT 1 [ RunTime:0.000525s ]
[ sql ] [ SQL ] UPDATE `article`  SET `articleComments`=0  WHERE  `articleId` = 21 [ RunTime:0.025011s ]
[ sql ] [ SQL ] SELECT COUNT(*) AS tp_count FROM `comment` WHERE  `commentArticleid` = 1 LIMIT 1 [ RunTime:0.000458s ]
[ sql ] [ SQL ] UPDATE `article`  SET `articleComments`=0  WHERE  `articleId` = 1 [ RunTime:0.027728s ]
[ sql ] [ SQL ] SELECT COUNT(*) AS tp_count FROM `comment` WHERE  `commentArticleid` = 2 LIMIT 1 [ RunTime:0.000483s ]
[ sql ] [ SQL ] UPDATE `article`  SET `articleComments`=0  WHERE  `articleId` = 2 [ RunTime:0.024804s ]
[ sql ] [ SQL ] SELECT COUNT(*) AS tp_count FROM `comment` WHERE  `commentArticleid` = 3 LIMIT 1 [ RunTime:0.000657s ]
[ sql ] [ SQL ] UPDATE `article`  SET `articleComments`=0  WHERE  `articleId` = 3 [ RunTime:0.026845s ]
[ sql ] [ SQL ] SELECT COUNT(*) AS tp_count FROM `comment` WHERE  `commentArticleid` = 4 LIMIT 1 [ RunTime:0.000907s ]
[ sql ] [ SQL ] UPDATE `article`  SET `articleComments`=0  WHERE  `articleId` = 4 [ RunTime:0.023829s ]
[ sql ] [ SQL ] SELECT COUNT(*) AS tp_count FROM `comment` WHERE  `commentArticleid` = 5 LIMIT 1 [ RunTime:0.000556s ]
[ sql ] [ SQL ] UPDATE `article`  SET `articleComments`=0  WHERE  `articleId` = 5 [ RunTime:0.027727s ]
[ sql ] [ SQL ] SELECT COUNT(*) AS tp_count FROM `comment` WHERE  `commentArticleid` = 6 LIMIT 1 [ RunTime:0.000427s ]
[ sql ] [ SQL ] UPDATE `article`  SET `articleComments`=0  WHERE  `articleId` = 6 [ RunTime:0.024917s ]
[ sql ] [ SQL ] SELECT COUNT(*) AS tp_count FROM `comment` WHERE  `commentArticleid` = 11 LIMIT 1 [ RunTime:0.000505s ]
[ sql ] [ SQL ] UPDATE `article`  SET `articleComments`=0  WHERE  `articleId` = 11 [ RunTime:0.027250s ]
[ sql ] [ SQL ] SELECT COUNT(*) AS tp_count FROM `comment` WHERE  `commentArticleid` = 14 LIMIT 1 [ RunTime:0.000504s ]
[ sql ] [ SQL ] UPDATE `article`  SET `articleComments`=0  WHERE  `articleId` = 14 [ RunTime:0.058154s ]
[ sql ] [ SQL ] SELECT COUNT(*) AS tp_count FROM `comment` WHERE  `commentArticleid` = 15 LIMIT 1 [ RunTime:0.000681s ]
[ sql ] [ SQL ] UPDATE `article`  SET `articleComments`=0  WHERE  `articleId` = 15 [ RunTime:0.079662s ]
[ sql ] [ SQL ] SELECT COUNT(*) AS tp_count FROM `comment` WHERE  `commentArticleid` = 16 LIMIT 1 [ RunTime:0.000956s ]
[ sql ] [ SQL ] UPDATE `article`  SET `articleComments`=0  WHERE  `articleId` = 16 [ RunTime:0.038415s ]
[ sql ] [ SQL ] SELECT COUNT(*) AS tp_count FROM `comment` WHERE  `commentArticleid` = 17 LIMIT 1 [ RunTime:0.001021s ]
[ sql ] [ SQL ] UPDATE `article`  SET `articleComments`=0  WHERE  `articleId` = 17 [ RunTime:0.025927s ]
[ sql ] [ SQL ] SELECT COUNT(*) AS tp_count FROM `comment` WHERE  `commentArticleid` = 18 LIMIT 1 [ RunTime:0.000464s ]
[ sql ] [ SQL ] UPDATE `article`  SET `articleComments`=0  WHERE  `articleId` = 18 [ RunTime:0.025116s ]
[ sql ] [ SQL ] SELECT COUNT(*) AS tp_count FROM `comment` WHERE  `commentArticleid` = 24 LIMIT 1 [ RunTime:0.000606s ]
[ sql ] [ SQL ] UPDATE `article`  SET `articleComments`=0  WHERE  `articleId` = 24 [ RunTime:0.027523s ]
[ sql ] [ SQL ] SELECT COUNT(*) AS tp_count FROM `comment` WHERE  `commentArticleid` = 46 LIMIT 1 [ RunTime:0.000996s ]
[ sql ] [ SQL ] UPDATE `article`  SET `articleComments`=0  WHERE  `articleId` = 46 [ RunTime:0.023520s ]
[ sql ] [ SQL ] SELECT COUNT(*) AS tp_count FROM `comment` WHERE  `commentArticleid` = 29 LIMIT 1 [ RunTime:0.000530s ]
[ sql ] [ SQL ] UPDATE `article`  SET `articleComments`=0  WHERE  `articleId` = 29 [ RunTime:0.027623s ]
[ sql ] [ SQL ] SELECT COUNT(*) AS tp_count FROM `comment` WHERE  `commentArticleid` = 34 LIMIT 1 [ RunTime:0.000460s ]
[ sql ] [ SQL ] UPDATE `article`  SET `articleComments`=0  WHERE  `articleId` = 34 [ RunTime:0.024915s ]
[ sql ] [ SQL ] SELECT COUNT(*) AS tp_count FROM `comment` WHERE  `commentArticleid` = 37 LIMIT 1 [ RunTime:0.001482s ]
[ sql ] [ SQL ] UPDATE `article`  SET `articleComments`=0  WHERE  `articleId` = 37 [ RunTime:0.026742s ]
[ sql ] [ SQL ] SELECT COUNT(*) AS tp_count FROM `comment` WHERE  `commentArticleid` = 23 LIMIT 1 [ RunTime:0.000396s ]
[ sql ] [ SQL ] UPDATE `article`  SET `articleComments`=0  WHERE  `articleId` = 23 [ RunTime:0.024940s ]
[ sql ] [ SQL ] SELECT COUNT(*) AS tp_count FROM `comment` WHERE  `commentArticleid` = 26 LIMIT 1 [ RunTime:0.000297s ]
[ sql ] [ SQL ] UPDATE `article`  SET `articleComments`=0  WHERE  `articleId` = 26 [ RunTime:0.028528s ]
[ sql ] [ SQL ] SELECT COUNT(*) AS tp_count FROM `comment` WHERE  `commentArticleid` = 45 LIMIT 1 [ RunTime:0.001004s ]
[ sql ] [ SQL ] UPDATE `article`  SET `articleComments`=0  WHERE  `articleId` = 45 [ RunTime:0.023487s ]
[ sql ] [ SQL ] SELECT COUNT(*) AS tp_count FROM `comment` WHERE  `commentArticleid` = 43 LIMIT 1 [ RunTime:0.000454s ]
[ sql ] [ SQL ] UPDATE `article`  SET `articleComments`=0  WHERE  `articleId` = 43 [ RunTime:0.027817s ]
---------------------------------------------------------------
[ 2018-07-25T00:19:09+08:00 ] 127.0.0.1 127.0.0.1 GET /kk-blog/index/index/flow?page=1
[ info ] localhost/kk-blog/index/index/flow?page=1 [运行时间：1.971137s][吞吐率：0.51req/s] [内存消耗：2,710.91kb] [文件加载：57]
[ info ] [ LANG ] G:\PHPWAMP_IN2\wwwroot\kk-blog\thinkphp\lang\zh-cn.php
[ info ] [ ROUTE ] array (
  'type' => 'module',
  'module' => 
  array (
    0 => 'index',
    1 => 'index',
    2 => 'flow',
  ),
)
[ info ] [ HEADER ] array (
  'cookie' => 'PHPSESSID=h5pa849jq61b1lm7bd5li8l3s4; ip_127001=127.0.0.1',
  'accept-language' => 'zh-CN,zh;q=0.9',
  'accept-encoding' => 'gzip, deflate, br',
  'referer' => 'http://localhost/kk-blog/',
  'accept' => '*/*',
  'user-agent' => 'Mozilla/5.0 (Windows NT 10.0; Win64; x64) AppleWebKit/537.36 (KHTML, like Gecko) Chrome/67.0.3396.99 Safari/537.36',
  'connection' => 'keep-alive',
  'host' => 'localhost',
  'content-length' => '',
  'content-type' => '',
)
[ info ] [ PARAM ] array (
  'page' => '1',
)
[ info ] [ DB ] INIT mysql
[ info ] [ CACHE ] INIT redis
[ info ] [ RUN ] app\index\controller\Index->flow[ G:\PHPWAMP_IN2\wwwroot\kk-blog\application\index\controller\Index.php ]
[ info ] [ LOG ] INIT File
[ sql ] [ DB ] CONNECT:[ UseTime:0.006022s ] mysql:host=localhost;dbname=kk-blog;charset=utf8
[ sql ] [ SQL ] SHOW COLUMNS FROM `cate` [ RunTime:0.001452s ]
[ sql ] [ SQL ] SELECT `cateName`,`cateId` FROM `cate` WHERE  `cateArticles` <> 0 [ RunTime:0.000421s ]
[ sql ] [ SQL ] SHOW COLUMNS FROM `comment` [ RunTime:0.001533s ]
[ sql ] [ SQL ] SELECT COUNT(*) AS tp_count FROM `comment` WHERE  `commentArticleid` = 32 LIMIT 1 [ RunTime:0.000678s ]
[ sql ] [ SQL ] SHOW COLUMNS FROM `article` [ RunTime:0.001832s ]
[ sql ] [ SQL ] UPDATE `article`  SET `articleComments`=0  WHERE  `articleId` = 32 [ RunTime:0.033086s ]
[ sql ] [ SQL ] SELECT COUNT(*) AS tp_count FROM `comment` WHERE  `commentArticleid` = 38 LIMIT 1 [ RunTime:0.000715s ]
[ sql ] [ SQL ] UPDATE `article`  SET `articleComments`=0  WHERE  `articleId` = 38 [ RunTime:0.055349s ]
[ sql ] [ SQL ] SELECT COUNT(*) AS tp_count FROM `comment` WHERE  `commentArticleid` = 47 LIMIT 1 [ RunTime:0.000466s ]
[ sql ] [ SQL ] UPDATE `article`  SET `articleComments`=0  WHERE  `articleId` = 47 [ RunTime:0.054112s ]
[ sql ] [ SQL ] SELECT COUNT(*) AS tp_count FROM `comment` WHERE  `commentArticleid` = 25 LIMIT 1 [ RunTime:0.000519s ]
[ sql ] [ SQL ] UPDATE `article`  SET `articleComments`=0  WHERE  `articleId` = 25 [ RunTime:0.060798s ]
[ sql ] [ SQL ] SELECT COUNT(*) AS tp_count FROM `comment` WHERE  `commentArticleid` = 30 LIMIT 1 [ RunTime:0.000446s ]
[ sql ] [ SQL ] UPDATE `article`  SET `articleComments`=0  WHERE  `articleId` = 30 [ RunTime:0.067025s ]
[ sql ] [ SQL ] SELECT COUNT(*) AS tp_count FROM `comment` WHERE  `commentArticleid` = 31 LIMIT 1 [ RunTime:0.000484s ]
[ sql ] [ SQL ] UPDATE `article`  SET `articleComments`=0  WHERE  `articleId` = 31 [ RunTime:0.040892s ]
[ sql ] [ SQL ] SELECT COUNT(*) AS tp_count FROM `comment` WHERE  `commentArticleid` = 33 LIMIT 1 [ RunTime:0.000471s ]
[ sql ] [ SQL ] UPDATE `article`  SET `articleComments`=0  WHERE  `articleId` = 33 [ RunTime:0.024602s ]
[ sql ] [ SQL ] SELECT COUNT(*) AS tp_count FROM `comment` WHERE  `commentArticleid` = 35 LIMIT 1 [ RunTime:0.000503s ]
[ sql ] [ SQL ] UPDATE `article`  SET `articleComments`=0  WHERE  `articleId` = 35 [ RunTime:0.027906s ]
[ sql ] [ SQL ] SELECT COUNT(*) AS tp_count FROM `comment` WHERE  `commentArticleid` = 36 LIMIT 1 [ RunTime:0.000333s ]
[ sql ] [ SQL ] UPDATE `article`  SET `articleComments`=0  WHERE  `articleId` = 36 [ RunTime:0.040110s ]
[ sql ] [ SQL ] SELECT COUNT(*) AS tp_count FROM `comment` WHERE  `commentArticleid` = 39 LIMIT 1 [ RunTime:0.000430s ]
[ sql ] [ SQL ] UPDATE `article`  SET `articleComments`=0  WHERE  `articleId` = 39 [ RunTime:0.023658s ]
[ sql ] [ SQL ] SELECT COUNT(*) AS tp_count FROM `comment` WHERE  `commentArticleid` = 40 LIMIT 1 [ RunTime:0.000479s ]
[ sql ] [ SQL ] UPDATE `article`  SET `articleComments`=0  WHERE  `articleId` = 40 [ RunTime:0.024269s ]
[ sql ] [ SQL ] SELECT COUNT(*) AS tp_count FROM `comment` WHERE  `commentArticleid` = 41 LIMIT 1 [ RunTime:0.000358s ]
[ sql ] [ SQL ] UPDATE `article`  SET `articleComments`=0  WHERE  `articleId` = 41 [ RunTime:0.028103s ]
[ sql ] [ SQL ] SELECT COUNT(*) AS tp_count FROM `comment` WHERE  `commentArticleid` = 42 LIMIT 1 [ RunTime:0.000511s ]
[ sql ] [ SQL ] UPDATE `article`  SET `articleComments`=0  WHERE  `articleId` = 42 [ RunTime:0.024842s ]
[ sql ] [ SQL ] SELECT COUNT(*) AS tp_count FROM `comment` WHERE  `commentArticleid` = 44 LIMIT 1 [ RunTime:0.000480s ]
[ sql ] [ SQL ] UPDATE `article`  SET `articleComments`=0  WHERE  `articleId` = 44 [ RunTime:0.028100s ]
[ sql ] [ SQL ] SELECT COUNT(*) AS tp_count FROM `comment` WHERE  `commentArticleid` = 9 LIMIT 1 [ RunTime:0.000506s ]
[ sql ] [ SQL ] UPDATE `article`  SET `articleComments`=0  WHERE  `articleId` = 9 [ RunTime:0.024306s ]
[ sql ] [ SQL ] SELECT COUNT(*) AS tp_count FROM `comment` WHERE  `commentArticleid` = 10 LIMIT 1 [ RunTime:0.000359s ]
[ sql ] [ SQL ] UPDATE `article`  SET `articleComments`=0  WHERE  `articleId` = 10 [ RunTime:0.028332s ]
[ sql ] [ SQL ] SELECT COUNT(*) AS tp_count FROM `comment` WHERE  `commentArticleid` = 12 LIMIT 1 [ RunTime:0.000702s ]
[ sql ] [ SQL ] UPDATE `article`  SET `articleComments`=0  WHERE  `articleId` = 12 [ RunTime:0.024510s ]
[ sql ] [ SQL ] SELECT COUNT(*) AS tp_count FROM `comment` WHERE  `commentArticleid` = 19 LIMIT 1 [ RunTime:0.000604s ]
[ sql ] [ SQL ] UPDATE `article`  SET `articleComments`=0  WHERE  `articleId` = 19 [ RunTime:0.028034s ]
[ sql ] [ SQL ] SELECT COUNT(*) AS tp_count FROM `comment` WHERE  `commentArticleid` = 20 LIMIT 1 [ RunTime:0.000503s ]
[ sql ] [ SQL ] UPDATE `article`  SET `articleComments`=0  WHERE  `articleId` = 20 [ RunTime:0.024104s ]
[ sql ] [ SQL ] SELECT COUNT(*) AS tp_count FROM `comment` WHERE  `commentArticleid` = 22 LIMIT 1 [ RunTime:0.000658s ]
[ sql ] [ SQL ] UPDATE `article`  SET `articleComments`=0  WHERE  `articleId` = 22 [ RunTime:0.104964s ]
[ sql ] [ SQL ] SELECT COUNT(*) AS tp_count FROM `comment` WHERE  `commentArticleid` = 7 LIMIT 1 [ RunTime:0.000488s ]
[ sql ] [ SQL ] UPDATE `article`  SET `articleComments`=0  WHERE  `articleId` = 7 [ RunTime:0.057234s ]
[ sql ] [ SQL ] SELECT COUNT(*) AS tp_count FROM `comment` WHERE  `commentArticleid` = 8 LIMIT 1 [ RunTime:0.000538s ]
[ sql ] [ SQL ] UPDATE `article`  SET `articleComments`=0  WHERE  `articleId` = 8 [ RunTime:0.054275s ]
[ sql ] [ SQL ] SELECT COUNT(*) AS tp_count FROM `comment` WHERE  `commentArticleid` = 13 LIMIT 1 [ RunTime:0.000368s ]
[ sql ] [ SQL ] UPDATE `article`  SET `articleComments`=0  WHERE  `articleId` = 13 [ RunTime:0.051743s ]
[ sql ] [ SQL ] SELECT COUNT(*) AS tp_count FROM `comment` WHERE  `commentArticleid` = 21 LIMIT 1 [ RunTime:0.000422s ]
[ sql ] [ SQL ] UPDATE `article`  SET `articleComments`=0  WHERE  `articleId` = 21 [ RunTime:0.107685s ]
[ sql ] [ SQL ] SELECT COUNT(*) AS tp_count FROM `comment` WHERE  `commentArticleid` = 1 LIMIT 1 [ RunTime:0.000697s ]
[ sql ] [ SQL ] UPDATE `article`  SET `articleComments`=0  WHERE  `articleId` = 1 [ RunTime:0.024529s ]
[ sql ] [ SQL ] SELECT COUNT(*) AS tp_count FROM `comment` WHERE  `commentArticleid` = 2 LIMIT 1 [ RunTime:0.000394s ]
[ sql ] [ SQL ] UPDATE `article`  SET `articleComments`=0  WHERE  `articleId` = 2 [ RunTime:0.098365s ]
[ sql ] [ SQL ] SELECT COUNT(*) AS tp_count FROM `comment` WHERE  `commentArticleid` = 3 LIMIT 1 [ RunTime:0.000430s ]
[ sql ] [ SQL ] UPDATE `article`  SET `articleComments`=0  WHERE  `articleId` = 3 [ RunTime:0.027562s ]
[ sql ] [ SQL ] SELECT COUNT(*) AS tp_count FROM `comment` WHERE  `commentArticleid` = 4 LIMIT 1 [ RunTime:0.000351s ]
[ sql ] [ SQL ] UPDATE `article`  SET `articleComments`=0  WHERE  `articleId` = 4 [ RunTime:0.025526s ]
[ sql ] [ SQL ] SELECT COUNT(*) AS tp_count FROM `comment` WHERE  `commentArticleid` = 5 LIMIT 1 [ RunTime:0.000559s ]
[ sql ] [ SQL ] UPDATE `article`  SET `articleComments`=0  WHERE  `articleId` = 5 [ RunTime:0.026485s ]
[ sql ] [ SQL ] SELECT COUNT(*) AS tp_count FROM `comment` WHERE  `commentArticleid` = 6 LIMIT 1 [ RunTime:0.000484s ]
[ sql ] [ SQL ] UPDATE `article`  SET `articleComments`=0  WHERE  `articleId` = 6 [ RunTime:0.025035s ]
[ sql ] [ SQL ] SELECT COUNT(*) AS tp_count FROM `comment` WHERE  `commentArticleid` = 11 LIMIT 1 [ RunTime:0.000339s ]
[ sql ] [ SQL ] UPDATE `article`  SET `articleComments`=0  WHERE  `articleId` = 11 [ RunTime:0.027819s ]
[ sql ] [ SQL ] SELECT COUNT(*) AS tp_count FROM `comment` WHERE  `commentArticleid` = 14 LIMIT 1 [ RunTime:0.000611s ]
[ sql ] [ SQL ] UPDATE `article`  SET `articleComments`=0  WHERE  `articleId` = 14 [ RunTime:0.036022s ]
[ sql ] [ SQL ] SELECT COUNT(*) AS tp_count FROM `comment` WHERE  `commentArticleid` = 15 LIMIT 1 [ RunTime:0.000493s ]
[ sql ] [ SQL ] UPDATE `article`  SET `articleComments`=0  WHERE  `articleId` = 15 [ RunTime:0.027540s ]
[ sql ] [ SQL ] SELECT COUNT(*) AS tp_count FROM `comment` WHERE  `commentArticleid` = 16 LIMIT 1 [ RunTime:0.000561s ]
[ sql ] [ SQL ] UPDATE `article`  SET `articleComments`=0  WHERE  `articleId` = 16 [ RunTime:0.024823s ]
[ sql ] [ SQL ] SELECT COUNT(*) AS tp_count FROM `comment` WHERE  `commentArticleid` = 17 LIMIT 1 [ RunTime:0.000516s ]
[ sql ] [ SQL ] UPDATE `article`  SET `articleComments`=0  WHERE  `articleId` = 17 [ RunTime:0.027373s ]
[ sql ] [ SQL ] SELECT COUNT(*) AS tp_count FROM `comment` WHERE  `commentArticleid` = 18 LIMIT 1 [ RunTime:0.000581s ]
[ sql ] [ SQL ] UPDATE `article`  SET `articleComments`=0  WHERE  `articleId` = 18 [ RunTime:0.081348s ]
[ sql ] [ SQL ] SELECT COUNT(*) AS tp_count FROM `comment` WHERE  `commentArticleid` = 24 LIMIT 1 [ RunTime:0.000388s ]
[ sql ] [ SQL ] UPDATE `article`  SET `articleComments`=0  WHERE  `articleId` = 24 [ RunTime:0.041918s ]
[ sql ] [ SQL ] SELECT COUNT(*) AS tp_count FROM `comment` WHERE  `commentArticleid` = 46 LIMIT 1 [ RunTime:0.000431s ]
[ sql ] [ SQL ] UPDATE `article`  SET `articleComments`=0  WHERE  `articleId` = 46 [ RunTime:0.018490s ]
[ sql ] [ SQL ] SELECT COUNT(*) AS tp_count FROM `comment` WHERE  `commentArticleid` = 29 LIMIT 1 [ RunTime:0.000740s ]
[ sql ] [ SQL ] UPDATE `article`  SET `articleComments`=0  WHERE  `articleId` = 29 [ RunTime:0.022697s ]
[ sql ] [ SQL ] SELECT COUNT(*) AS tp_count FROM `comment` WHERE  `commentArticleid` = 34 LIMIT 1 [ RunTime:0.000380s ]
[ sql ] [ SQL ] UPDATE `article`  SET `articleComments`=0  WHERE  `articleId` = 34 [ RunTime:0.018365s ]
[ sql ] [ SQL ] SELECT COUNT(*) AS tp_count FROM `comment` WHERE  `commentArticleid` = 37 LIMIT 1 [ RunTime:0.000612s ]
[ sql ] [ SQL ] UPDATE `article`  SET `articleComments`=0  WHERE  `articleId` = 37 [ RunTime:0.023136s ]
[ sql ] [ SQL ] SELECT COUNT(*) AS tp_count FROM `comment` WHERE  `commentArticleid` = 23 LIMIT 1 [ RunTime:0.000410s ]
[ sql ] [ SQL ] UPDATE `article`  SET `articleComments`=0  WHERE  `articleId` = 23 [ RunTime:0.018566s ]
[ sql ] [ SQL ] SELECT COUNT(*) AS tp_count FROM `comment` WHERE  `commentArticleid` = 26 LIMIT 1 [ RunTime:0.000353s ]
[ sql ] [ SQL ] UPDATE `article`  SET `articleComments`=0  WHERE  `articleId` = 26 [ RunTime:0.023733s ]
[ sql ] [ SQL ] SELECT COUNT(*) AS tp_count FROM `comment` WHERE  `commentArticleid` = 45 LIMIT 1 [ RunTime:0.000466s ]
[ sql ] [ SQL ] UPDATE `article`  SET `articleComments`=0  WHERE  `articleId` = 45 [ RunTime:0.018057s ]
[ sql ] [ SQL ] SELECT COUNT(*) AS tp_count FROM `comment` WHERE  `commentArticleid` = 43 LIMIT 1 [ RunTime:0.000395s ]
[ sql ] [ SQL ] UPDATE `article`  SET `articleComments`=0  WHERE  `articleId` = 43 [ RunTime:0.022891s ]
---------------------------------------------------------------
[ 2018-07-25T00:44:46+08:00 ] 127.0.0.1 127.0.0.1 GET /kk-blog/
[ info ] localhost/kk-blog/ [运行时间：1.590533s][吞吐率：0.63req/s] [内存消耗：2,611.87kb] [文件加载：59]
[ info ] [ LANG ] G:\PHPWAMP_IN2\wwwroot\kk-blog\thinkphp\lang\zh-cn.php
[ info ] [ ROUTE ] array (
  'type' => 'module',
  'module' => 
  array (
    0 => '',
    1 => NULL,
    2 => NULL,
  ),
)
[ info ] [ HEADER ] array (
  'cookie' => 'PHPSESSID=h5pa849jq61b1lm7bd5li8l3s4; ip_127001=127.0.0.1',
  'accept-language' => 'zh-CN,zh;q=0.9',
  'accept-encoding' => 'gzip, deflate, br',
  'accept' => 'text/html,application/xhtml+xml,application/xml;q=0.9,image/webp,image/apng,*/*;q=0.8',
  'user-agent' => 'Mozilla/5.0 (Windows NT 10.0; Win64; x64) AppleWebKit/537.36 (KHTML, like Gecko) Chrome/67.0.3396.99 Safari/537.36',
  'upgrade-insecure-requests' => '1',
  'cache-control' => 'max-age=0',
  'connection' => 'keep-alive',
  'host' => 'localhost',
  'content-length' => '',
  'content-type' => '',
)
[ info ] [ PARAM ] array (
)
[ info ] [ DB ] INIT mysql
[ info ] [ CACHE ] INIT redis
[ info ] [ RUN ] app\index\controller\Index->index[ G:\PHPWAMP_IN2\wwwroot\kk-blog\application\index\controller\Index.php ]
[ info ] [ VIEW ] G:\PHPWAMP_IN2\wwwroot\kk-blog/application/index\view\index\index.html [ array (
  0 => 'conf',
  1 => 'cate',
  2 => 'rightCate',
  3 => 'about',
  4 => 'comtArticles',
  5 => 'heatArticles',
  6 => 'praiseArticles',
  7 => 'slider',
) ]
[ info ] [ LOG ] INIT File
[ sql ] [ DB ] CONNECT:[ UseTime:0.007039s ] mysql:host=localhost;dbname=kk-blog;charset=utf8
[ sql ] [ SQL ] SHOW COLUMNS FROM `cate` [ RunTime:0.053628s ]
[ sql ] [ SQL ] SELECT `cateName`,`cateId` FROM `cate` WHERE  `cateArticles` <> 0 [ RunTime:0.008574s ]
[ sql ] [ SQL ] SHOW COLUMNS FROM `comment` [ RunTime:0.001444s ]
[ sql ] [ SQL ] SELECT COUNT(*) AS tp_count FROM `comment` WHERE  `commentArticleid` = 32 LIMIT 1 [ RunTime:0.000318s ]
[ sql ] [ SQL ] SHOW COLUMNS FROM `article` [ RunTime:0.002209s ]
[ sql ] [ SQL ] UPDATE `article`  SET `articleComments`=0  WHERE  `articleId` = 32 [ RunTime:0.019099s ]
[ sql ] [ SQL ] SELECT COUNT(*) AS tp_count FROM `comment` WHERE  `commentArticleid` = 38 LIMIT 1 [ RunTime:0.000342s ]
[ sql ] [ SQL ] UPDATE `article`  SET `articleComments`=0  WHERE  `articleId` = 38 [ RunTime:0.023757s ]
[ sql ] [ SQL ] SELECT COUNT(*) AS tp_count FROM `comment` WHERE  `commentArticleid` = 47 LIMIT 1 [ RunTime:0.000341s ]
[ sql ] [ SQL ] UPDATE `article`  SET `articleComments`=0  WHERE  `articleId` = 47 [ RunTime:0.018230s ]
[ sql ] [ SQL ] SELECT COUNT(*) AS tp_count FROM `comment` WHERE  `commentArticleid` = 25 LIMIT 1 [ RunTime:0.000481s ]
[ sql ] [ SQL ] UPDATE `article`  SET `articleComments`=0  WHERE  `articleId` = 25 [ RunTime:0.023680s ]
[ sql ] [ SQL ] SELECT COUNT(*) AS tp_count FROM `comment` WHERE  `commentArticleid` = 30 LIMIT 1 [ RunTime:0.000326s ]
[ sql ] [ SQL ] UPDATE `article`  SET `articleComments`=0  WHERE  `articleId` = 30 [ RunTime:0.018460s ]
[ sql ] [ SQL ] SELECT COUNT(*) AS tp_count FROM `comment` WHERE  `commentArticleid` = 31 LIMIT 1 [ RunTime:0.000557s ]
[ sql ] [ SQL ] UPDATE `article`  SET `articleComments`=0  WHERE  `articleId` = 31 [ RunTime:0.023271s ]
[ sql ] [ SQL ] SELECT COUNT(*) AS tp_count FROM `comment` WHERE  `commentArticleid` = 33 LIMIT 1 [ RunTime:0.000798s ]
[ sql ] [ SQL ] UPDATE `article`  SET `articleComments`=0  WHERE  `articleId` = 33 [ RunTime:0.053129s ]
[ sql ] [ SQL ] SELECT COUNT(*) AS tp_count FROM `comment` WHERE  `commentArticleid` = 35 LIMIT 1 [ RunTime:0.000498s ]
[ sql ] [ SQL ] UPDATE `article`  SET `articleComments`=0  WHERE  `articleId` = 35 [ RunTime:0.089456s ]
[ sql ] [ SQL ] SELECT COUNT(*) AS tp_count FROM `comment` WHERE  `commentArticleid` = 36 LIMIT 1 [ RunTime:0.000392s ]
[ sql ] [ SQL ] UPDATE `article`  SET `articleComments`=0  WHERE  `articleId` = 36 [ RunTime:0.040327s ]
[ sql ] [ SQL ] SELECT COUNT(*) AS tp_count FROM `comment` WHERE  `commentArticleid` = 39 LIMIT 1 [ RunTime:0.000572s ]
[ sql ] [ SQL ] UPDATE `article`  SET `articleComments`=0  WHERE  `articleId` = 39 [ RunTime:0.027241s ]
[ sql ] [ SQL ] SELECT COUNT(*) AS tp_count FROM `comment` WHERE  `commentArticleid` = 40 LIMIT 1 [ RunTime:0.000608s ]
[ sql ] [ SQL ] UPDATE `article`  SET `articleComments`=0  WHERE  `articleId` = 40 [ RunTime:0.024861s ]
[ sql ] [ SQL ] SELECT COUNT(*) AS tp_count FROM `comment` WHERE  `commentArticleid` = 41 LIMIT 1 [ RunTime:0.000487s ]
[ sql ] [ SQL ] UPDATE `article`  SET `articleComments`=0  WHERE  `articleId` = 41 [ RunTime:0.027997s ]
[ sql ] [ SQL ] SELECT COUNT(*) AS tp_count FROM `comment` WHERE  `commentArticleid` = 42 LIMIT 1 [ RunTime:0.000821s ]
[ sql ] [ SQL ] UPDATE `article`  SET `articleComments`=0  WHERE  `articleId` = 42 [ RunTime:0.024200s ]
[ sql ] [ SQL ] SELECT COUNT(*) AS tp_count FROM `comment` WHERE  `commentArticleid` = 44 LIMIT 1 [ RunTime:0.000478s ]
[ sql ] [ SQL ] UPDATE `article`  SET `articleComments`=0  WHERE  `articleId` = 44 [ RunTime:0.027182s ]
[ sql ] [ SQL ] SELECT COUNT(*) AS tp_count FROM `comment` WHERE  `commentArticleid` = 9 LIMIT 1 [ RunTime:0.000549s ]
[ sql ] [ SQL ] UPDATE `article`  SET `articleComments`=0  WHERE  `articleId` = 9 [ RunTime:0.025521s ]
[ sql ] [ SQL ] SELECT COUNT(*) AS tp_count FROM `comment` WHERE  `commentArticleid` = 10 LIMIT 1 [ RunTime:0.000433s ]
[ sql ] [ SQL ] UPDATE `article`  SET `articleComments`=0  WHERE  `articleId` = 10 [ RunTime:0.027410s ]
[ sql ] [ SQL ] SELECT COUNT(*) AS tp_count FROM `comment` WHERE  `commentArticleid` = 12 LIMIT 1 [ RunTime:0.000657s ]
[ sql ] [ SQL ] UPDATE `article`  SET `articleComments`=0  WHERE  `articleId` = 12 [ RunTime:0.025266s ]
[ sql ] [ SQL ] SELECT COUNT(*) AS tp_count FROM `comment` WHERE  `commentArticleid` = 19 LIMIT 1 [ RunTime:0.000508s ]
[ sql ] [ SQL ] UPDATE `article`  SET `articleComments`=0  WHERE  `articleId` = 19 [ RunTime:0.027491s ]
[ sql ] [ SQL ] SELECT COUNT(*) AS tp_count FROM `comment` WHERE  `commentArticleid` = 20 LIMIT 1 [ RunTime:0.000908s ]
[ sql ] [ SQL ] UPDATE `article`  SET `articleComments`=0  WHERE  `articleId` = 20 [ RunTime:0.023761s ]
[ sql ] [ SQL ] SELECT COUNT(*) AS tp_count FROM `comment` WHERE  `commentArticleid` = 22 LIMIT 1 [ RunTime:0.000530s ]
[ sql ] [ SQL ] UPDATE `article`  SET `articleComments`=0  WHERE  `articleId` = 22 [ RunTime:0.027520s ]
[ sql ] [ SQL ] SELECT COUNT(*) AS tp_count FROM `comment` WHERE  `commentArticleid` = 7 LIMIT 1 [ RunTime:0.000556s ]
[ sql ] [ SQL ] UPDATE `article`  SET `articleComments`=0  WHERE  `articleId` = 7 [ RunTime:0.025468s ]
[ sql ] [ SQL ] SELECT COUNT(*) AS tp_count FROM `comment` WHERE  `commentArticleid` = 8 LIMIT 1 [ RunTime:0.000532s ]
[ sql ] [ SQL ] UPDATE `article`  SET `articleComments`=0  WHERE  `articleId` = 8 [ RunTime:0.027550s ]
[ sql ] [ SQL ] SELECT COUNT(*) AS tp_count FROM `comment` WHERE  `commentArticleid` = 13 LIMIT 1 [ RunTime:0.000700s ]
[ sql ] [ SQL ] UPDATE `article`  SET `articleComments`=0  WHERE  `articleId` = 13 [ RunTime:0.024487s ]
[ sql ] [ SQL ] SELECT COUNT(*) AS tp_count FROM `comment` WHERE  `commentArticleid` = 21 LIMIT 1 [ RunTime:0.000527s ]
[ sql ] [ SQL ] UPDATE `article`  SET `articleComments`=0  WHERE  `articleId` = 21 [ RunTime:0.027576s ]
[ sql ] [ SQL ] SELECT COUNT(*) AS tp_count FROM `comment` WHERE  `commentArticleid` = 1 LIMIT 1 [ RunTime:0.000490s ]
[ sql ] [ SQL ] UPDATE `article`  SET `articleComments`=0  WHERE  `articleId` = 1 [ RunTime:0.025377s ]
[ sql ] [ SQL ] SELECT COUNT(*) AS tp_count FROM `comment` WHERE  `commentArticleid` = 2 LIMIT 1 [ RunTime:0.000445s ]
[ sql ] [ SQL ] UPDATE `article`  SET `articleComments`=0  WHERE  `articleId` = 2 [ RunTime:0.027706s ]
[ sql ] [ SQL ] SELECT COUNT(*) AS tp_count FROM `comment` WHERE  `commentArticleid` = 3 LIMIT 1 [ RunTime:0.000970s ]
[ sql ] [ SQL ] UPDATE `article`  SET `articleComments`=0  WHERE  `articleId` = 3 [ RunTime:0.024127s ]
[ sql ] [ SQL ] SELECT COUNT(*) AS tp_count FROM `comment` WHERE  `commentArticleid` = 4 LIMIT 1 [ RunTime:0.000393s ]
[ sql ] [ SQL ] UPDATE `article`  SET `articleComments`=0  WHERE  `articleId` = 4 [ RunTime:0.027641s ]
[ sql ] [ SQL ] SELECT COUNT(*) AS tp_count FROM `comment` WHERE  `commentArticleid` = 5 LIMIT 1 [ RunTime:0.000669s ]
[ sql ] [ SQL ] UPDATE `article`  SET `articleComments`=0  WHERE  `articleId` = 5 [ RunTime:0.024619s ]
[ sql ] [ SQL ] SELECT COUNT(*) AS tp_count FROM `comment` WHERE  `commentArticleid` = 6 LIMIT 1 [ RunTime:0.000577s ]
[ sql ] [ SQL ] UPDATE `article`  SET `articleComments`=0  WHERE  `articleId` = 6 [ RunTime:0.027388s ]
[ sql ] [ SQL ] SELECT COUNT(*) AS tp_count FROM `comment` WHERE  `commentArticleid` = 11 LIMIT 1 [ RunTime:0.000556s ]
[ sql ] [ SQL ] UPDATE `article`  SET `articleComments`=0  WHERE  `articleId` = 11 [ RunTime:0.025395s ]
[ sql ] [ SQL ] SELECT COUNT(*) AS tp_count FROM `comment` WHERE  `commentArticleid` = 14 LIMIT 1 [ RunTime:0.000509s ]
[ sql ] [ SQL ] UPDATE `article`  SET `articleComments`=0  WHERE  `articleId` = 14 [ RunTime:0.027547s ]
[ sql ] [ SQL ] SELECT COUNT(*) AS tp_count FROM `comment` WHERE  `commentArticleid` = 15 LIMIT 1 [ RunTime:0.000565s ]
[ sql ] [ SQL ] UPDATE `article`  SET `articleComments`=0  WHERE  `articleId` = 15 [ RunTime:0.024995s ]
[ sql ] [ SQL ] SELECT COUNT(*) AS tp_count FROM `comment` WHERE  `commentArticleid` = 16 LIMIT 1 [ RunTime:0.000417s ]
[ sql ] [ SQL ] UPDATE `article`  SET `articleComments`=0  WHERE  `articleId` = 16 [ RunTime:0.027827s ]
[ sql ] [ SQL ] SELECT COUNT(*) AS tp_count FROM `comment` WHERE  `commentArticleid` = 17 LIMIT 1 [ RunTime:0.000413s ]
[ sql ] [ SQL ] UPDATE `article`  SET `articleComments`=0  WHERE  `articleId` = 17 [ RunTime:0.024989s ]
[ sql ] [ SQL ] SELECT COUNT(*) AS tp_count FROM `comment` WHERE  `commentArticleid` = 18 LIMIT 1 [ RunTime:0.000545s ]
[ sql ] [ SQL ] UPDATE `article`  SET `articleComments`=0  WHERE  `articleId` = 18 [ RunTime:0.027095s ]
[ sql ] [ SQL ] SELECT COUNT(*) AS tp_count FROM `comment` WHERE  `commentArticleid` = 24 LIMIT 1 [ RunTime:0.000520s ]
[ sql ] [ SQL ] UPDATE `article`  SET `articleComments`=0  WHERE  `articleId` = 24 [ RunTime:0.025154s ]
[ sql ] [ SQL ] SELECT COUNT(*) AS tp_count FROM `comment` WHERE  `commentArticleid` = 46 LIMIT 1 [ RunTime:0.000379s ]
[ sql ] [ SQL ] UPDATE `article`  SET `articleComments`=0  WHERE  `articleId` = 46 [ RunTime:0.027862s ]
[ sql ] [ SQL ] SELECT COUNT(*) AS tp_count FROM `comment` WHERE  `commentArticleid` = 29 LIMIT 1 [ RunTime:0.000543s ]
[ sql ] [ SQL ] UPDATE `article`  SET `articleComments`=0  WHERE  `articleId` = 29 [ RunTime:0.025171s ]
[ sql ] [ SQL ] SELECT COUNT(*) AS tp_count FROM `comment` WHERE  `commentArticleid` = 34 LIMIT 1 [ RunTime:0.000508s ]
[ sql ] [ SQL ] UPDATE `article`  SET `articleComments`=0  WHERE  `articleId` = 34 [ RunTime:0.038816s ]
[ sql ] [ SQL ] SELECT COUNT(*) AS tp_count FROM `comment` WHERE  `commentArticleid` = 37 LIMIT 1 [ RunTime:0.000662s ]
[ sql ] [ SQL ] UPDATE `article`  SET `articleComments`=0  WHERE  `articleId` = 37 [ RunTime:0.024173s ]
[ sql ] [ SQL ] SELECT COUNT(*) AS tp_count FROM `comment` WHERE  `commentArticleid` = 23 LIMIT 1 [ RunTime:0.000925s ]
[ sql ] [ SQL ] UPDATE `article`  SET `articleComments`=0  WHERE  `articleId` = 23 [ RunTime:0.027029s ]
[ sql ] [ SQL ] SELECT COUNT(*) AS tp_count FROM `comment` WHERE  `commentArticleid` = 26 LIMIT 1 [ RunTime:0.000528s ]
[ sql ] [ SQL ] UPDATE `article`  SET `articleComments`=0  WHERE  `articleId` = 26 [ RunTime:0.025161s ]
[ sql ] [ SQL ] SELECT COUNT(*) AS tp_count FROM `comment` WHERE  `commentArticleid` = 45 LIMIT 1 [ RunTime:0.000712s ]
[ sql ] [ SQL ] UPDATE `article`  SET `articleComments`=0  WHERE  `articleId` = 45 [ RunTime:0.027040s ]
[ sql ] [ SQL ] SELECT COUNT(*) AS tp_count FROM `comment` WHERE  `commentArticleid` = 43 LIMIT 1 [ RunTime:0.000404s ]
[ sql ] [ SQL ] UPDATE `article`  SET `articleComments`=0  WHERE  `articleId` = 43 [ RunTime:0.025361s ]
---------------------------------------------------------------
[ 2018-07-25T00:45:07+08:00 ] 127.0.0.1 127.0.0.1 GET /kk-blog/
[ info ] localhost/kk-blog/ [运行时间：1.940808s][吞吐率：0.52req/s] [内存消耗：2,612.10kb] [文件加载：59]
[ info ] [ LANG ] G:\PHPWAMP_IN2\wwwroot\kk-blog\thinkphp\lang\zh-cn.php
[ info ] [ ROUTE ] array (
  'type' => 'module',
  'module' => 
  array (
    0 => '',
    1 => NULL,
    2 => NULL,
  ),
)
[ info ] [ HEADER ] array (
  'cookie' => 'PHPSESSID=h5pa849jq61b1lm7bd5li8l3s4; ip_127001=127.0.0.1',
  'accept-language' => 'zh-CN,zh;q=0.9',
  'accept-encoding' => 'gzip, deflate, br',
  'accept' => 'text/html,application/xhtml+xml,application/xml;q=0.9,image/webp,image/apng,*/*;q=0.8',
  'user-agent' => 'Mozilla/5.0 (Windows NT 10.0; Win64; x64) AppleWebKit/537.36 (KHTML, like Gecko) Chrome/67.0.3396.99 Safari/537.36',
  'upgrade-insecure-requests' => '1',
  'cache-control' => 'no-cache',
  'pragma' => 'no-cache',
  'connection' => 'keep-alive',
  'host' => 'localhost',
  'content-length' => '',
  'content-type' => '',
)
[ info ] [ PARAM ] array (
)
[ info ] [ DB ] INIT mysql
[ info ] [ CACHE ] INIT redis
[ info ] [ RUN ] app\index\controller\Index->index[ G:\PHPWAMP_IN2\wwwroot\kk-blog\application\index\controller\Index.php ]
[ info ] [ VIEW ] G:\PHPWAMP_IN2\wwwroot\kk-blog/application/index\view\index\index.html [ array (
  0 => 'conf',
  1 => 'cate',
  2 => 'rightCate',
  3 => 'about',
  4 => 'comtArticles',
  5 => 'heatArticles',
  6 => 'praiseArticles',
  7 => 'slider',
) ]
[ info ] [ LOG ] INIT File
[ sql ] [ DB ] CONNECT:[ UseTime:0.006082s ] mysql:host=localhost;dbname=kk-blog;charset=utf8
[ sql ] [ SQL ] SHOW COLUMNS FROM `cate` [ RunTime:0.002492s ]
[ sql ] [ SQL ] SELECT `cateName`,`cateId` FROM `cate` WHERE  `cateArticles` <> 0 [ RunTime:0.000444s ]
[ sql ] [ SQL ] SHOW COLUMNS FROM `comment` [ RunTime:0.001921s ]
[ sql ] [ SQL ] SELECT COUNT(*) AS tp_count FROM `comment` WHERE  `commentArticleid` = 32 LIMIT 1 [ RunTime:0.000824s ]
[ sql ] [ SQL ] SHOW COLUMNS FROM `article` [ RunTime:0.001503s ]
[ sql ] [ SQL ] UPDATE `article`  SET `articleComments`=0  WHERE  `articleId` = 32 [ RunTime:0.048259s ]
[ sql ] [ SQL ] SELECT COUNT(*) AS tp_count FROM `comment` WHERE  `commentArticleid` = 38 LIMIT 1 [ RunTime:0.000684s ]
[ sql ] [ SQL ] UPDATE `article`  SET `articleComments`=0  WHERE  `articleId` = 38 [ RunTime:0.136939s ]
[ sql ] [ SQL ] SELECT COUNT(*) AS tp_count FROM `comment` WHERE  `commentArticleid` = 47 LIMIT 1 [ RunTime:0.000807s ]
[ sql ] [ SQL ] UPDATE `article`  SET `articleComments`=0  WHERE  `articleId` = 47 [ RunTime:0.045428s ]
[ sql ] [ SQL ] SELECT COUNT(*) AS tp_count FROM `comment` WHERE  `commentArticleid` = 25 LIMIT 1 [ RunTime:0.000404s ]
[ sql ] [ SQL ] UPDATE `article`  SET `articleComments`=0  WHERE  `articleId` = 25 [ RunTime:0.018025s ]
[ sql ] [ SQL ] SELECT COUNT(*) AS tp_count FROM `comment` WHERE  `commentArticleid` = 30 LIMIT 1 [ RunTime:0.000481s ]
[ sql ] [ SQL ] UPDATE `article`  SET `articleComments`=0  WHERE  `articleId` = 30 [ RunTime:0.023561s ]
[ sql ] [ SQL ] SELECT COUNT(*) AS tp_count FROM `comment` WHERE  `commentArticleid` = 31 LIMIT 1 [ RunTime:0.001112s ]
[ sql ] [ SQL ] UPDATE `article`  SET `articleComments`=0  WHERE  `articleId` = 31 [ RunTime:0.016715s ]
[ sql ] [ SQL ] SELECT COUNT(*) AS tp_count FROM `comment` WHERE  `commentArticleid` = 33 LIMIT 1 [ RunTime:0.000645s ]
[ sql ] [ SQL ] UPDATE `article`  SET `articleComments`=0  WHERE  `articleId` = 33 [ RunTime:0.023307s ]
[ sql ] [ SQL ] SELECT COUNT(*) AS tp_count FROM `comment` WHERE  `commentArticleid` = 35 LIMIT 1 [ RunTime:0.000671s ]
[ sql ] [ SQL ] UPDATE `article`  SET `articleComments`=0  WHERE  `articleId` = 35 [ RunTime:0.017122s ]
[ sql ] [ SQL ] SELECT COUNT(*) AS tp_count FROM `comment` WHERE  `commentArticleid` = 36 LIMIT 1 [ RunTime:0.001357s ]
[ sql ] [ SQL ] UPDATE `article`  SET `articleComments`=0  WHERE  `articleId` = 36 [ RunTime:0.049712s ]
[ sql ] [ SQL ] SELECT COUNT(*) AS tp_count FROM `comment` WHERE  `commentArticleid` = 39 LIMIT 1 [ RunTime:0.000268s ]
[ sql ] [ SQL ] UPDATE `article`  SET `articleComments`=0  WHERE  `articleId` = 39 [ RunTime:0.081327s ]
[ sql ] [ SQL ] SELECT COUNT(*) AS tp_count FROM `comment` WHERE  `commentArticleid` = 40 LIMIT 1 [ RunTime:0.000368s ]
[ sql ] [ SQL ] UPDATE `article`  SET `articleComments`=0  WHERE  `articleId` = 40 [ RunTime:0.082574s ]
[ sql ] [ SQL ] SELECT COUNT(*) AS tp_count FROM `comment` WHERE  `commentArticleid` = 41 LIMIT 1 [ RunTime:0.000565s ]
[ sql ] [ SQL ] UPDATE `article`  SET `articleComments`=0  WHERE  `articleId` = 41 [ RunTime:0.025568s ]
[ sql ] [ SQL ] SELECT COUNT(*) AS tp_count FROM `comment` WHERE  `commentArticleid` = 42 LIMIT 1 [ RunTime:0.000514s ]
[ sql ] [ SQL ] UPDATE `article`  SET `articleComments`=0  WHERE  `articleId` = 42 [ RunTime:0.026917s ]
[ sql ] [ SQL ] SELECT COUNT(*) AS tp_count FROM `comment` WHERE  `commentArticleid` = 44 LIMIT 1 [ RunTime:0.000354s ]
[ sql ] [ SQL ] UPDATE `article`  SET `articleComments`=0  WHERE  `articleId` = 44 [ RunTime:0.025865s ]
[ sql ] [ SQL ] SELECT COUNT(*) AS tp_count FROM `comment` WHERE  `commentArticleid` = 9 LIMIT 1 [ RunTime:0.000524s ]
[ sql ] [ SQL ] UPDATE `article`  SET `articleComments`=0  WHERE  `articleId` = 9 [ RunTime:0.026821s ]
[ sql ] [ SQL ] SELECT COUNT(*) AS tp_count FROM `comment` WHERE  `commentArticleid` = 10 LIMIT 1 [ RunTime:0.000564s ]
[ sql ] [ SQL ] UPDATE `article`  SET `articleComments`=0  WHERE  `articleId` = 10 [ RunTime:0.025296s ]
[ sql ] [ SQL ] SELECT COUNT(*) AS tp_count FROM `comment` WHERE  `commentArticleid` = 12 LIMIT 1 [ RunTime:0.000394s ]
[ sql ] [ SQL ] UPDATE `article`  SET `articleComments`=0  WHERE  `articleId` = 12 [ RunTime:0.027493s ]
[ sql ] [ SQL ] SELECT COUNT(*) AS tp_count FROM `comment` WHERE  `commentArticleid` = 19 LIMIT 1 [ RunTime:0.000653s ]
[ sql ] [ SQL ] UPDATE `article`  SET `articleComments`=0  WHERE  `articleId` = 19 [ RunTime:0.077420s ]
[ sql ] [ SQL ] SELECT COUNT(*) AS tp_count FROM `comment` WHERE  `commentArticleid` = 20 LIMIT 1 [ RunTime:0.000436s ]
[ sql ] [ SQL ] UPDATE `article`  SET `articleComments`=0  WHERE  `articleId` = 20 [ RunTime:0.023639s ]
[ sql ] [ SQL ] SELECT COUNT(*) AS tp_count FROM `comment` WHERE  `commentArticleid` = 22 LIMIT 1 [ RunTime:0.000286s ]
[ sql ] [ SQL ] UPDATE `article`  SET `articleComments`=0  WHERE  `articleId` = 22 [ RunTime:0.018286s ]
[ sql ] [ SQL ] SELECT COUNT(*) AS tp_count FROM `comment` WHERE  `commentArticleid` = 7 LIMIT 1 [ RunTime:0.000393s ]
[ sql ] [ SQL ] UPDATE `article`  SET `articleComments`=0  WHERE  `articleId` = 7 [ RunTime:0.023881s ]
[ sql ] [ SQL ] SELECT COUNT(*) AS tp_count FROM `comment` WHERE  `commentArticleid` = 8 LIMIT 1 [ RunTime:0.000686s ]
[ sql ] [ SQL ] UPDATE `article`  SET `articleComments`=0  WHERE  `articleId` = 8 [ RunTime:0.016963s ]
[ sql ] [ SQL ] SELECT COUNT(*) AS tp_count FROM `comment` WHERE  `commentArticleid` = 13 LIMIT 1 [ RunTime:0.000271s ]
[ sql ] [ SQL ] UPDATE `article`  SET `articleComments`=0  WHERE  `articleId` = 13 [ RunTime:0.023807s ]
[ sql ] [ SQL ] SELECT COUNT(*) AS tp_count FROM `comment` WHERE  `commentArticleid` = 21 LIMIT 1 [ RunTime:0.000517s ]
[ sql ] [ SQL ] UPDATE `article`  SET `articleComments`=0  WHERE  `articleId` = 21 [ RunTime:0.129077s ]
[ sql ] [ SQL ] SELECT COUNT(*) AS tp_count FROM `comment` WHERE  `commentArticleid` = 1 LIMIT 1 [ RunTime:0.000659s ]
[ sql ] [ SQL ] UPDATE `article`  SET `articleComments`=0  WHERE  `articleId` = 1 [ RunTime:0.073612s ]
[ sql ] [ SQL ] SELECT COUNT(*) AS tp_count FROM `comment` WHERE  `commentArticleid` = 2 LIMIT 1 [ RunTime:0.000398s ]
[ sql ] [ SQL ] UPDATE `article`  SET `articleComments`=0  WHERE  `articleId` = 2 [ RunTime:0.025297s ]
[ sql ] [ SQL ] SELECT COUNT(*) AS tp_count FROM `comment` WHERE  `commentArticleid` = 3 LIMIT 1 [ RunTime:0.000580s ]
[ sql ] [ SQL ] UPDATE `article`  SET `articleComments`=0  WHERE  `articleId` = 3 [ RunTime:0.027077s ]
[ sql ] [ SQL ] SELECT COUNT(*) AS tp_count FROM `comment` WHERE  `commentArticleid` = 4 LIMIT 1 [ RunTime:0.000469s ]
[ sql ] [ SQL ] UPDATE `article`  SET `articleComments`=0  WHERE  `articleId` = 4 [ RunTime:0.025793s ]
[ sql ] [ SQL ] SELECT COUNT(*) AS tp_count FROM `comment` WHERE  `commentArticleid` = 5 LIMIT 1 [ RunTime:0.000876s ]
[ sql ] [ SQL ] UPDATE `article`  SET `articleComments`=0  WHERE  `articleId` = 5 [ RunTime:0.026162s ]
[ sql ] [ SQL ] SELECT COUNT(*) AS tp_count FROM `comment` WHERE  `commentArticleid` = 6 LIMIT 1 [ RunTime:0.000812s ]
[ sql ] [ SQL ] UPDATE `article`  SET `articleComments`=0  WHERE  `articleId` = 6 [ RunTime:0.024606s ]
[ sql ] [ SQL ] SELECT COUNT(*) AS tp_count FROM `comment` WHERE  `commentArticleid` = 11 LIMIT 1 [ RunTime:0.000552s ]
[ sql ] [ SQL ] UPDATE `article`  SET `articleComments`=0  WHERE  `articleId` = 11 [ RunTime:0.026859s ]
[ sql ] [ SQL ] SELECT COUNT(*) AS tp_count FROM `comment` WHERE  `commentArticleid` = 14 LIMIT 1 [ RunTime:0.000756s ]
[ sql ] [ SQL ] UPDATE `article`  SET `articleComments`=0  WHERE  `articleId` = 14 [ RunTime:0.024640s ]
[ sql ] [ SQL ] SELECT COUNT(*) AS tp_count FROM `comment` WHERE  `commentArticleid` = 15 LIMIT 1 [ RunTime:0.000390s ]
[ sql ] [ SQL ] UPDATE `article`  SET `articleComments`=0  WHERE  `articleId` = 15 [ RunTime:0.027441s ]
[ sql ] [ SQL ] SELECT COUNT(*) AS tp_count FROM `comment` WHERE  `commentArticleid` = 16 LIMIT 1 [ RunTime:0.000475s ]
[ sql ] [ SQL ] UPDATE `article`  SET `articleComments`=0  WHERE  `articleId` = 16 [ RunTime:0.025334s ]
[ sql ] [ SQL ] SELECT COUNT(*) AS tp_count FROM `comment` WHERE  `commentArticleid` = 17 LIMIT 1 [ RunTime:0.000595s ]
[ sql ] [ SQL ] UPDATE `article`  SET `articleComments`=0  WHERE  `articleId` = 17 [ RunTime:0.090205s ]
[ sql ] [ SQL ] SELECT COUNT(*) AS tp_count FROM `comment` WHERE  `commentArticleid` = 18 LIMIT 1 [ RunTime:0.000431s ]
[ sql ] [ SQL ] UPDATE `article`  SET `articleComments`=0  WHERE  `articleId` = 18 [ RunTime:0.039789s ]
[ sql ] [ SQL ] SELECT COUNT(*) AS tp_count FROM `comment` WHERE  `commentArticleid` = 24 LIMIT 1 [ RunTime:0.000459s ]
[ sql ] [ SQL ] UPDATE `article`  SET `articleComments`=0  WHERE  `articleId` = 24 [ RunTime:0.026454s ]
[ sql ] [ SQL ] SELECT COUNT(*) AS tp_count FROM `comment` WHERE  `commentArticleid` = 46 LIMIT 1 [ RunTime:0.000600s ]
[ sql ] [ SQL ] UPDATE `article`  SET `articleComments`=0  WHERE  `articleId` = 46 [ RunTime:0.025398s ]
[ sql ] [ SQL ] SELECT COUNT(*) AS tp_count FROM `comment` WHERE  `commentArticleid` = 29 LIMIT 1 [ RunTime:0.000572s ]
[ sql ] [ SQL ] UPDATE `article`  SET `articleComments`=0  WHERE  `articleId` = 29 [ RunTime:0.027167s ]
[ sql ] [ SQL ] SELECT COUNT(*) AS tp_count FROM `comment` WHERE  `commentArticleid` = 34 LIMIT 1 [ RunTime:0.000695s ]
[ sql ] [ SQL ] UPDATE `article`  SET `articleComments`=0  WHERE  `articleId` = 34 [ RunTime:0.024672s ]
[ sql ] [ SQL ] SELECT COUNT(*) AS tp_count FROM `comment` WHERE  `commentArticleid` = 37 LIMIT 1 [ RunTime:0.000291s ]
[ sql ] [ SQL ] UPDATE `article`  SET `articleComments`=0  WHERE  `articleId` = 37 [ RunTime:0.027759s ]
[ sql ] [ SQL ] SELECT COUNT(*) AS tp_count FROM `comment` WHERE  `commentArticleid` = 23 LIMIT 1 [ RunTime:0.000523s ]
[ sql ] [ SQL ] UPDATE `article`  SET `articleComments`=0  WHERE  `articleId` = 23 [ RunTime:0.047317s ]
[ sql ] [ SQL ] SELECT COUNT(*) AS tp_count FROM `comment` WHERE  `commentArticleid` = 26 LIMIT 1 [ RunTime:0.000512s ]
[ sql ] [ SQL ] UPDATE `article`  SET `articleComments`=0  WHERE  `articleId` = 26 [ RunTime:0.027381s ]
[ sql ] [ SQL ] SELECT COUNT(*) AS tp_count FROM `comment` WHERE  `commentArticleid` = 45 LIMIT 1 [ RunTime:0.000579s ]
[ sql ] [ SQL ] UPDATE `article`  SET `articleComments`=0  WHERE  `articleId` = 45 [ RunTime:0.025196s ]
[ sql ] [ SQL ] SELECT COUNT(*) AS tp_count FROM `comment` WHERE  `commentArticleid` = 43 LIMIT 1 [ RunTime:0.000507s ]
[ sql ] [ SQL ] UPDATE `article`  SET `articleComments`=0  WHERE  `articleId` = 43 [ RunTime:0.027301s ]
---------------------------------------------------------------
[ 2018-07-25T00:46:33+08:00 ] 127.0.0.1 127.0.0.1 GET /kk-blog/
[ info ] localhost/kk-blog/ [运行时间：1.617909s][吞吐率：0.62req/s] [内存消耗：2,611.61kb] [文件加载：59]
[ info ] [ LANG ] G:\PHPWAMP_IN2\wwwroot\kk-blog\thinkphp\lang\zh-cn.php
[ info ] [ ROUTE ] array (
  'type' => 'module',
  'module' => 
  array (
    0 => '',
    1 => NULL,
    2 => NULL,
  ),
)
[ info ] [ HEADER ] array (
  'cookie' => 'PHPSESSID=h5pa849jq61b1lm7bd5li8l3s4; ip_127001=127.0.0.1',
  'accept-language' => 'zh-CN,zh;q=0.9',
  'accept-encoding' => 'gzip, deflate, br',
  'accept' => 'text/html,application/xhtml+xml,application/xml;q=0.9,image/webp,image/apng,*/*;q=0.8',
  'user-agent' => 'Mozilla/5.0 (Windows NT 10.0; Win64; x64) AppleWebKit/537.36 (KHTML, like Gecko) Chrome/67.0.3396.99 Safari/537.36',
  'upgrade-insecure-requests' => '1',
  'connection' => 'keep-alive',
  'host' => 'localhost',
  'content-length' => '',
  'content-type' => '',
)
[ info ] [ PARAM ] array (
)
[ info ] [ DB ] INIT mysql
[ info ] [ CACHE ] INIT redis
[ info ] [ RUN ] app\index\controller\Index->index[ G:\PHPWAMP_IN2\wwwroot\kk-blog\application\index\controller\Index.php ]
[ info ] [ VIEW ] G:\PHPWAMP_IN2\wwwroot\kk-blog/application/index\view\index\index.html [ array (
  0 => 'conf',
  1 => 'cate',
  2 => 'rightCate',
  3 => 'about',
  4 => 'comtArticles',
  5 => 'heatArticles',
  6 => 'praiseArticles',
  7 => 'slider',
) ]
[ info ] [ LOG ] INIT File
[ sql ] [ DB ] CONNECT:[ UseTime:0.012501s ] mysql:host=localhost;dbname=kk-blog;charset=utf8
[ sql ] [ SQL ] SHOW COLUMNS FROM `cate` [ RunTime:0.020803s ]
[ sql ] [ SQL ] SELECT `cateName`,`cateId` FROM `cate` WHERE  `cateArticles` <> 0 [ RunTime:0.009862s ]
[ sql ] [ SQL ] SHOW COLUMNS FROM `comment` [ RunTime:0.001870s ]
[ sql ] [ SQL ] SELECT COUNT(*) AS tp_count FROM `comment` WHERE  `commentArticleid` = 32 LIMIT 1 [ RunTime:0.000449s ]
[ sql ] [ SQL ] SHOW COLUMNS FROM `article` [ RunTime:0.001527s ]
[ sql ] [ SQL ] UPDATE `article`  SET `articleComments`=0  WHERE  `articleId` = 32 [ RunTime:0.030586s ]
[ sql ] [ SQL ] SELECT COUNT(*) AS tp_count FROM `comment` WHERE  `commentArticleid` = 38 LIMIT 1 [ RunTime:0.000853s ]
[ sql ] [ SQL ] UPDATE `article`  SET `articleComments`=0  WHERE  `articleId` = 38 [ RunTime:0.024331s ]
[ sql ] [ SQL ] SELECT COUNT(*) AS tp_count FROM `comment` WHERE  `commentArticleid` = 47 LIMIT 1 [ RunTime:0.000482s ]
[ sql ] [ SQL ] UPDATE `article`  SET `articleComments`=0  WHERE  `articleId` = 47 [ RunTime:0.026517s ]
[ sql ] [ SQL ] SELECT COUNT(*) AS tp_count FROM `comment` WHERE  `commentArticleid` = 25 LIMIT 1 [ RunTime:0.000315s ]
[ sql ] [ SQL ] UPDATE `article`  SET `articleComments`=0  WHERE  `articleId` = 25 [ RunTime:0.026103s ]
[ sql ] [ SQL ] SELECT COUNT(*) AS tp_count FROM `comment` WHERE  `commentArticleid` = 30 LIMIT 1 [ RunTime:0.000659s ]
[ sql ] [ SQL ] UPDATE `article`  SET `articleComments`=0  WHERE  `articleId` = 30 [ RunTime:0.026237s ]
[ sql ] [ SQL ] SELECT COUNT(*) AS tp_count FROM `comment` WHERE  `commentArticleid` = 31 LIMIT 1 [ RunTime:0.000453s ]
[ sql ] [ SQL ] UPDATE `article`  SET `articleComments`=0  WHERE  `articleId` = 31 [ RunTime:0.029506s ]
[ sql ] [ SQL ] SELECT COUNT(*) AS tp_count FROM `comment` WHERE  `commentArticleid` = 33 LIMIT 1 [ RunTime:0.000381s ]
[ sql ] [ SQL ] UPDATE `article`  SET `articleComments`=0  WHERE  `articleId` = 33 [ RunTime:0.034588s ]
[ sql ] [ SQL ] SELECT COUNT(*) AS tp_count FROM `comment` WHERE  `commentArticleid` = 35 LIMIT 1 [ RunTime:0.000397s ]
[ sql ] [ SQL ] UPDATE `article`  SET `articleComments`=0  WHERE  `articleId` = 35 [ RunTime:0.029504s ]
[ sql ] [ SQL ] SELECT COUNT(*) AS tp_count FROM `comment` WHERE  `commentArticleid` = 36 LIMIT 1 [ RunTime:0.000448s ]
[ sql ] [ SQL ] UPDATE `article`  SET `articleComments`=0  WHERE  `articleId` = 36 [ RunTime:0.023610s ]
[ sql ] [ SQL ] SELECT COUNT(*) AS tp_count FROM `comment` WHERE  `commentArticleid` = 39 LIMIT 1 [ RunTime:0.000398s ]
[ sql ] [ SQL ] UPDATE `article`  SET `articleComments`=0  WHERE  `articleId` = 39 [ RunTime:0.029186s ]
[ sql ] [ SQL ] SELECT COUNT(*) AS tp_count FROM `comment` WHERE  `commentArticleid` = 40 LIMIT 1 [ RunTime:0.000496s ]
[ sql ] [ SQL ] UPDATE `article`  SET `articleComments`=0  WHERE  `articleId` = 40 [ RunTime:0.023000s ]
[ sql ] [ SQL ] SELECT COUNT(*) AS tp_count FROM `comment` WHERE  `commentArticleid` = 41 LIMIT 1 [ RunTime:0.000491s ]
[ sql ] [ SQL ] UPDATE `article`  SET `articleComments`=0  WHERE  `articleId` = 41 [ RunTime:0.029999s ]
[ sql ] [ SQL ] SELECT COUNT(*) AS tp_count FROM `comment` WHERE  `commentArticleid` = 42 LIMIT 1 [ RunTime:0.000771s ]
[ sql ] [ SQL ] UPDATE `article`  SET `articleComments`=0  WHERE  `articleId` = 42 [ RunTime:0.022211s ]
[ sql ] [ SQL ] SELECT COUNT(*) AS tp_count FROM `comment` WHERE  `commentArticleid` = 44 LIMIT 1 [ RunTime:0.000437s ]
[ sql ] [ SQL ] UPDATE `article`  SET `articleComments`=0  WHERE  `articleId` = 44 [ RunTime:0.029546s ]
[ sql ] [ SQL ] SELECT COUNT(*) AS tp_count FROM `comment` WHERE  `commentArticleid` = 9 LIMIT 1 [ RunTime:0.000516s ]
[ sql ] [ SQL ] UPDATE `article`  SET `articleComments`=0  WHERE  `articleId` = 9 [ RunTime:0.023236s ]
[ sql ] [ SQL ] SELECT COUNT(*) AS tp_count FROM `comment` WHERE  `commentArticleid` = 10 LIMIT 1 [ RunTime:0.000443s ]
[ sql ] [ SQL ] UPDATE `article`  SET `articleComments`=0  WHERE  `articleId` = 10 [ RunTime:0.029586s ]
[ sql ] [ SQL ] SELECT COUNT(*) AS tp_count FROM `comment` WHERE  `commentArticleid` = 12 LIMIT 1 [ RunTime:0.000486s ]
[ sql ] [ SQL ] UPDATE `article`  SET `articleComments`=0  WHERE  `articleId` = 12 [ RunTime:0.023187s ]
[ sql ] [ SQL ] SELECT COUNT(*) AS tp_count FROM `comment` WHERE  `commentArticleid` = 19 LIMIT 1 [ RunTime:0.000468s ]
[ sql ] [ SQL ] UPDATE `article`  SET `articleComments`=0  WHERE  `articleId` = 19 [ RunTime:0.028705s ]
[ sql ] [ SQL ] SELECT COUNT(*) AS tp_count FROM `comment` WHERE  `commentArticleid` = 20 LIMIT 1 [ RunTime:0.000538s ]
[ sql ] [ SQL ] UPDATE `article`  SET `articleComments`=0  WHERE  `articleId` = 20 [ RunTime:0.056379s ]
[ sql ] [ SQL ] SELECT COUNT(*) AS tp_count FROM `comment` WHERE  `commentArticleid` = 22 LIMIT 1 [ RunTime:0.000481s ]
[ sql ] [ SQL ] UPDATE `article`  SET `articleComments`=0  WHERE  `articleId` = 22 [ RunTime:0.029141s ]
[ sql ] [ SQL ] SELECT COUNT(*) AS tp_count FROM `comment` WHERE  `commentArticleid` = 7 LIMIT 1 [ RunTime:0.000428s ]
[ sql ] [ SQL ] UPDATE `article`  SET `articleComments`=0  WHERE  `articleId` = 7 [ RunTime:0.023539s ]
[ sql ] [ SQL ] SELECT COUNT(*) AS tp_count FROM `comment` WHERE  `commentArticleid` = 8 LIMIT 1 [ RunTime:0.000387s ]
[ sql ] [ SQL ] UPDATE `article`  SET `articleComments`=0  WHERE  `articleId` = 8 [ RunTime:0.029374s ]
[ sql ] [ SQL ] SELECT COUNT(*) AS tp_count FROM `comment` WHERE  `commentArticleid` = 13 LIMIT 1 [ RunTime:0.000498s ]
[ sql ] [ SQL ] UPDATE `article`  SET `articleComments`=0  WHERE  `articleId` = 13 [ RunTime:0.034390s ]
[ sql ] [ SQL ] SELECT COUNT(*) AS tp_count FROM `comment` WHERE  `commentArticleid` = 21 LIMIT 1 [ RunTime:0.000435s ]
[ sql ] [ SQL ] UPDATE `article`  SET `articleComments`=0  WHERE  `articleId` = 21 [ RunTime:0.029158s ]
[ sql ] [ SQL ] SELECT COUNT(*) AS tp_count FROM `comment` WHERE  `commentArticleid` = 1 LIMIT 1 [ RunTime:0.000395s ]
[ sql ] [ SQL ] UPDATE `article`  SET `articleComments`=0  WHERE  `articleId` = 1 [ RunTime:0.023408s ]
[ sql ] [ SQL ] SELECT COUNT(*) AS tp_count FROM `comment` WHERE  `commentArticleid` = 2 LIMIT 1 [ RunTime:0.000463s ]
[ sql ] [ SQL ] UPDATE `article`  SET `articleComments`=0  WHERE  `articleId` = 2 [ RunTime:0.029224s ]
[ sql ] [ SQL ] SELECT COUNT(*) AS tp_count FROM `comment` WHERE  `commentArticleid` = 3 LIMIT 1 [ RunTime:0.000594s ]
[ sql ] [ SQL ] UPDATE `article`  SET `articleComments`=0  WHERE  `articleId` = 3 [ RunTime:0.023425s ]
[ sql ] [ SQL ] SELECT COUNT(*) AS tp_count FROM `comment` WHERE  `commentArticleid` = 4 LIMIT 1 [ RunTime:0.000432s ]
[ sql ] [ SQL ] UPDATE `article`  SET `articleComments`=0  WHERE  `articleId` = 4 [ RunTime:0.029105s ]
[ sql ] [ SQL ] SELECT COUNT(*) AS tp_count FROM `comment` WHERE  `commentArticleid` = 5 LIMIT 1 [ RunTime:0.000333s ]
[ sql ] [ SQL ] UPDATE `article`  SET `articleComments`=0  WHERE  `articleId` = 5 [ RunTime:0.023814s ]
[ sql ] [ SQL ] SELECT COUNT(*) AS tp_count FROM `comment` WHERE  `commentArticleid` = 6 LIMIT 1 [ RunTime:0.000361s ]
[ sql ] [ SQL ] UPDATE `article`  SET `articleComments`=0  WHERE  `articleId` = 6 [ RunTime:0.029397s ]
[ sql ] [ SQL ] SELECT COUNT(*) AS tp_count FROM `comment` WHERE  `commentArticleid` = 11 LIMIT 1 [ RunTime:0.000329s ]
[ sql ] [ SQL ] UPDATE `article`  SET `articleComments`=0  WHERE  `articleId` = 11 [ RunTime:0.023642s ]
[ sql ] [ SQL ] SELECT COUNT(*) AS tp_count FROM `comment` WHERE  `commentArticleid` = 14 LIMIT 1 [ RunTime:0.000553s ]
[ sql ] [ SQL ] UPDATE `article`  SET `articleComments`=0  WHERE  `articleId` = 14 [ RunTime:0.028956s ]
[ sql ] [ SQL ] SELECT COUNT(*) AS tp_count FROM `comment` WHERE  `commentArticleid` = 15 LIMIT 1 [ RunTime:0.000398s ]
[ sql ] [ SQL ] UPDATE `article`  SET `articleComments`=0  WHERE  `articleId` = 15 [ RunTime:0.023598s ]
[ sql ] [ SQL ] SELECT COUNT(*) AS tp_count FROM `comment` WHERE  `commentArticleid` = 16 LIMIT 1 [ RunTime:0.000588s ]
[ sql ] [ SQL ] UPDATE `article`  SET `articleComments`=0  WHERE  `articleId` = 16 [ RunTime:0.076475s ]
[ sql ] [ SQL ] SELECT COUNT(*) AS tp_count FROM `comment` WHERE  `commentArticleid` = 17 LIMIT 1 [ RunTime:0.000575s ]
[ sql ] [ SQL ] UPDATE `article`  SET `articleComments`=0  WHERE  `articleId` = 17 [ RunTime:0.041606s ]
[ sql ] [ SQL ] SELECT COUNT(*) AS tp_count FROM `comment` WHERE  `commentArticleid` = 18 LIMIT 1 [ RunTime:0.000481s ]
[ sql ] [ SQL ] UPDATE `article`  SET `articleComments`=0  WHERE  `articleId` = 18 [ RunTime:0.029026s ]
[ sql ] [ SQL ] SELECT COUNT(*) AS tp_count FROM `comment` WHERE  `commentArticleid` = 24 LIMIT 1 [ RunTime:0.000490s ]
[ sql ] [ SQL ] UPDATE `article`  SET `articleComments`=0  WHERE  `articleId` = 24 [ RunTime:0.023325s ]
[ sql ] [ SQL ] SELECT COUNT(*) AS tp_count FROM `comment` WHERE  `commentArticleid` = 46 LIMIT 1 [ RunTime:0.000535s ]
[ sql ] [ SQL ] UPDATE `article`  SET `articleComments`=0  WHERE  `articleId` = 46 [ RunTime:0.028888s ]
[ sql ] [ SQL ] SELECT COUNT(*) AS tp_count FROM `comment` WHERE  `commentArticleid` = 29 LIMIT 1 [ RunTime:0.000435s ]
[ sql ] [ SQL ] UPDATE `article`  SET `articleComments`=0  WHERE  `articleId` = 29 [ RunTime:0.023630s ]
[ sql ] [ SQL ] SELECT COUNT(*) AS tp_count FROM `comment` WHERE  `commentArticleid` = 34 LIMIT 1 [ RunTime:0.000290s ]
[ sql ] [ SQL ] UPDATE `article`  SET `articleComments`=0  WHERE  `articleId` = 34 [ RunTime:0.029505s ]
[ sql ] [ SQL ] SELECT COUNT(*) AS tp_count FROM `comment` WHERE  `commentArticleid` = 37 LIMIT 1 [ RunTime:0.000434s ]
[ sql ] [ SQL ] UPDATE `article`  SET `articleComments`=0  WHERE  `articleId` = 37 [ RunTime:0.023768s ]
[ sql ] [ SQL ] SELECT COUNT(*) AS tp_count FROM `comment` WHERE  `commentArticleid` = 23 LIMIT 1 [ RunTime:0.000575s ]
[ sql ] [ SQL ] UPDATE `article`  SET `articleComments`=0  WHERE  `articleId` = 23 [ RunTime:0.028869s ]
[ sql ] [ SQL ] SELECT COUNT(*) AS tp_count FROM `comment` WHERE  `commentArticleid` = 26 LIMIT 1 [ RunTime:0.000522s ]
[ sql ] [ SQL ] UPDATE `article`  SET `articleComments`=0  WHERE  `articleId` = 26 [ RunTime:0.023243s ]
[ sql ] [ SQL ] SELECT COUNT(*) AS tp_count FROM `comment` WHERE  `commentArticleid` = 45 LIMIT 1 [ RunTime:0.000500s ]
[ sql ] [ SQL ] UPDATE `article`  SET `articleComments`=0  WHERE  `articleId` = 45 [ RunTime:0.028964s ]
[ sql ] [ SQL ] SELECT COUNT(*) AS tp_count FROM `comment` WHERE  `commentArticleid` = 43 LIMIT 1 [ RunTime:0.000489s ]
[ sql ] [ SQL ] UPDATE `article`  SET `articleComments`=0  WHERE  `articleId` = 43 [ RunTime:0.023667s ]
